Log file open, 04/11/20 08:58:36
LogWindows: Failed to load 'aqProf.dll' (GetLastError=126)
LogWindows: File 'aqProf.dll' does not exist
LogWindows: Failed to load 'VtuneApi.dll' (GetLastError=126)
LogWindows: File 'VtuneApi.dll' does not exist
LogWindows: Failed to load 'VtuneApi32e.dll' (GetLastError=126)
LogWindows: File 'VtuneApi32e.dll' does not exist
LogInit: Display: Running engine for game: Battle_Tank
LogPlatformFile: Not using cached read wrapper
LogInit: Display: RandInit(-1272090068) SRandInit(-1272090068).
LogInit: Read version file with build ID '3944462'
LogInit: Overriding engine version to CL 4033788, compatible CL 3944462
LogInit: Registered custom module enumerator with build ID '3944462'
LogTaskGraph: Started task graph with 5 named threads and 23 total threads with 3 sets of task threads.
LogStats: Stats thread started at 0.300258
LogD3D11RHI: Aftermath initialized
LogICUInternationalization: Display: ICU TimeZone Detection - Raw Offset: +0:00, Platform Override: ''
LogPluginManager: Mounting plugin Paper2D
LogPluginManager: Mounting plugin LiveLink
LogPluginManager: Mounting plugin LightPropagationVolume
LogPluginManager: Mounting plugin CLionSourceCodeAccess
LogPluginManager: Mounting plugin CodeLiteSourceCodeAccess
LogPluginManager: Mounting plugin GitSourceControl
LogPluginManager: Mounting plugin KDevelopSourceCodeAccess
LogPluginManager: Mounting plugin NullSourceCodeAccess
LogPluginManager: Mounting plugin PerforceSourceControl
LogPluginManager: Mounting plugin SubversionSourceControl
LogPluginManager: Mounting plugin UObjectPlugin
LogPluginManager: Mounting plugin VisualStudioCodeSourceCodeAccess
LogPluginManager: Mounting plugin VisualStudioSourceCodeAccess
LogPluginManager: Mounting plugin XCodeSourceCodeAccess
LogPluginManager: Mounting plugin AssetManagerEditor
LogPluginManager: Mounting plugin CryptoKeys
LogPluginManager: Mounting plugin DataValidation
LogPluginManager: Mounting plugin FacialAnimation
LogPluginManager: Mounting plugin GameplayTagsEditor
LogPluginManager: Mounting plugin MobileLauncherProfileWizard
LogPluginManager: Mounting plugin PluginBrowser
LogPluginManager: Mounting plugin SpeedTreeImporter
LogPluginManager: Mounting plugin DatasmithContent
LogPluginManager: Mounting plugin AlembicImporter
LogPluginManager: Mounting plugin CharacterAI
LogPluginManager: Mounting plugin HTML5Networking
LogPluginManager: Mounting plugin AndroidMedia
LogPluginManager: Mounting plugin AvfMedia
LogPluginManager: Mounting plugin ImgMedia
LogPluginManager: Mounting plugin LinearTimecode
LogPluginManager: Mounting plugin MediaCompositing
LogPluginManager: Mounting plugin MediaPlayerEditor
LogPluginManager: Mounting plugin WmfMedia
LogPluginManager: Mounting plugin TcpMessaging
LogPluginManager: Mounting plugin UdpMessaging
LogPluginManager: Mounting plugin ActorSequence
LogPluginManager: Mounting plugin LevelSequenceEditor
LogPluginManager: Mounting plugin MatineeToLevelSequence
LogPluginManager: Mounting plugin NetcodeUnitTest
LogPluginManager: Mounting plugin NUTUnrealEngine4
LogPluginManager: Mounting plugin OnlineSubsystemGooglePlay
LogPluginManager: Mounting plugin OnlineSubsystemIOS
LogPluginManager: Mounting plugin OnlineSubsystem
LogPluginManager: Mounting plugin OnlineSubsystemNull
LogPluginManager: Mounting plugin OnlineSubsystemUtils
LogPluginManager: Mounting plugin AndroidDeviceProfileSelector
LogPluginManager: Mounting plugin AndroidMoviePlayer
LogPluginManager: Mounting plugin AndroidPermission
LogPluginManager: Mounting plugin AppleARKit
LogPluginManager: Mounting plugin AppleMoviePlayer
LogPluginManager: Mounting plugin ArchVisCharacter
LogPluginManager: Mounting plugin AudioCapture
LogPluginManager: Mounting plugin CableComponent
LogPluginManager: Mounting plugin CustomMeshComponent
LogPluginManager: Mounting plugin ExampleDeviceProfileSelector
LogPluginManager: Mounting plugin GoogleCloudMessaging
LogPluginManager: Mounting plugin ImmediatePhysics
LogPluginManager: Mounting plugin IOSDeviceProfileSelector
LogPluginManager: Mounting plugin LinuxDeviceProfileSelector
LogPluginManager: Mounting plugin LocationServicesBPLibrary
LogPluginManager: Mounting plugin MobilePatchingUtils
LogPluginManager: Mounting plugin OculusVR
LogPluginManager: Plugin shader directory ../../../Engine/Plugins/Runtime/Oculus/OculusVR/Shaders found
LogPluginManager: Mapping shader source directory ../../../Engine/Plugins/Runtime/Oculus/OculusVR/Shaders to virtual directory /Plugin/OculusVR
LogPluginManager: Mounting plugin PhysXVehicles
LogPluginManager: Mounting plugin ProceduralMeshComponent
LogPluginManager: Mounting plugin RuntimePhysXCooking
LogPluginManager: Mounting plugin SteamVR
LogPluginManager: Mounting plugin WindowsMoviePlayer
LogStreaming: Display: Took  0.138s to configure plugins.
LogModuleManager: Display: Found up-to-date module file C:/Users/scbis/Desktop/Programming/Games Projects/Battle_Tank/Battle_Tanks/Battle_Tank/Binaries/Win64/UE4Editor-Battle_Tank.dll (API version 3944462).
LogModuleManager: Display: Found up-to-date module file ../../../Engine/Plugins/2D/Paper2D/Binaries/Win64/UE4Editor-Paper2D.dll (API version 3944462).
LogModuleManager: Display: Found up-to-date module file ../../../Engine/Plugins/2D/Paper2D/Binaries/Win64/UE4Editor-Paper2DEditor.dll (API version 3944462).
LogModuleManager: Display: Found up-to-date module file ../../../Engine/Plugins/2D/Paper2D/Binaries/Win64/UE4Editor-PaperSpriteSheetImporter.dll (API version 3944462).
LogModuleManager: Display: Found up-to-date module file ../../../Engine/Plugins/2D/Paper2D/Binaries/Win64/UE4Editor-PaperTiledImporter.dll (API version 3944462).
LogModuleManager: Display: Found up-to-date module file ../../../Engine/Plugins/2D/Paper2D/Binaries/Win64/UE4Editor-SmartSnapping.dll (API version 3944462).
LogModuleManager: Display: Found up-to-date module file ../../../Engine/Plugins/Animation/LiveLink/Binaries/Win64/UE4Editor-LiveLink.dll (API version 3944462).
LogModuleManager: Display: Found up-to-date module file ../../../Engine/Plugins/Animation/LiveLink/Binaries/Win64/UE4Editor-LiveLinkEditor.dll (API version 3944462).
LogModuleManager: Display: Found up-to-date module file ../../../Engine/Plugins/Blendables/LightPropagationVolume/Binaries/Win64/UE4Editor-LightPropagationVolumeRuntime.dll (API version 3944462).
LogModuleManager: Display: Found up-to-date module file ../../../Engine/Plugins/Blendables/LightPropagationVolume/Binaries/Win64/UE4Editor-LightPropagationVolumeEditor.dll (API version 3944462).
LogModuleManager: Display: Found up-to-date module file ../../../Engine/Plugins/Developer/CLionSourceCodeAccess/Binaries/Win64/UE4Editor-CLionSourceCodeAccess.dll (API version 3944462).
LogModuleManager: Display: Found up-to-date module file ../../../Engine/Plugins/Developer/GitSourceControl/Binaries/Win64/UE4Editor-GitSourceControl.dll (API version 3944462).
LogModuleManager: Display: Found up-to-date module file ../../../Engine/Plugins/Developer/PerforceSourceControl/Binaries/Win64/UE4Editor-PerforceSourceControl.dll (API version 3944462).
LogModuleManager: Display: Found up-to-date module file ../../../Engine/Plugins/Developer/SubversionSourceControl/Binaries/Win64/UE4Editor-SubversionSourceControl.dll (API version 3944462).
LogModuleManager: Display: Found up-to-date module file ../../../Engine/Plugins/Developer/UObjectPlugin/Binaries/Win64/UE4Editor-UObjectPlugin.dll (API version 3944462).
LogModuleManager: Display: Found up-to-date module file ../../../Engine/Plugins/Developer/VisualStudioCodeSourceCodeAccess/Binaries/Win64/UE4Editor-VisualStudioCodeSourceCodeAccess.dll (API version 3944462).
LogModuleManager: Display: Found up-to-date module file ../../../Engine/Plugins/Developer/VisualStudioSourceCodeAccess/Binaries/Win64/UE4Editor-VisualStudioSourceCodeAccess.dll (API version 3944462).
LogModuleManager: Display: Found up-to-date module file ../../../Engine/Plugins/Editor/AssetManagerEditor/Binaries/Win64/UE4Editor-AssetManagerEditor.dll (API version 3944462).
LogModuleManager: Display: Found up-to-date module file ../../../Engine/Plugins/Editor/CryptoKeys/Binaries/Win64/UE4Editor-CryptoKeys.dll (API version 3944462).
LogModuleManager: Display: Found up-to-date module file ../../../Engine/Plugins/Editor/CryptoKeys/Binaries/Win64/UE4Editor-CryptoKeysOpenSSL.dll (API version 3944462).
LogModuleManager: Display: Found up-to-date module file ../../../Engine/Plugins/Editor/DataValidation/Binaries/Win64/UE4Editor-DataValidation.dll (API version 3944462).
LogModuleManager: Display: Found up-to-date module file ../../../Engine/Plugins/Editor/FacialAnimation/Binaries/Win64/UE4Editor-FacialAnimation.dll (API version 3944462).
LogModuleManager: Display: Found up-to-date module file ../../../Engine/Plugins/Editor/FacialAnimation/Binaries/Win64/UE4Editor-FacialAnimationEditor.dll (API version 3944462).
LogModuleManager: Display: Found up-to-date module file ../../../Engine/Plugins/Editor/GameplayTagsEditor/Binaries/Win64/UE4Editor-GameplayTagsEditor.dll (API version 3944462).
LogModuleManager: Display: Found up-to-date module file ../../../Engine/Plugins/Editor/MobileLauncherProfileWizard/Binaries/Win64/UE4Editor-MobileLauncherProfileWizard.dll (API version 3944462).
LogModuleManager: Display: Found up-to-date module file ../../../Engine/Plugins/Editor/PluginBrowser/Binaries/Win64/UE4Editor-PluginBrowser.dll (API version 3944462).
LogModuleManager: Display: Found up-to-date module file ../../../Engine/Plugins/Editor/SpeedTreeImporter/Binaries/Win64/UE4Editor-SpeedTreeImporter.dll (API version 3944462).
LogModuleManager: Display: Found up-to-date module file ../../../Engine/Plugins/Enterprise/DatasmithContent/Binaries/Win64/UE4Editor-DatasmithContent.dll (API version 3944462).
LogModuleManager: Display: Found up-to-date module file ../../../Engine/Plugins/Experimental/AlembicImporter/Binaries/Win64/UE4Editor-AlembicImporter.dll (API version 3944462).
LogModuleManager: Display: Found up-to-date module file ../../../Engine/Plugins/Experimental/AlembicImporter/Binaries/Win64/UE4Editor-AlembicLibrary.dll (API version 3944462).
LogModuleManager: Display: Found up-to-date module file ../../../Engine/Plugins/Experimental/CharacterAI/Binaries/Win64/UE4Editor-CharacterAI.dll (API version 3944462).
LogModuleManager: Display: Found up-to-date module file ../../../Engine/Plugins/Experimental/HTML5Networking/Binaries/Win64/UE4Editor-HTML5Networking.dll (API version 3944462).
LogModuleManager: Display: Found up-to-date module file ../../../Engine/Plugins/Media/AndroidMedia/Binaries/Win64/UE4Editor-AndroidMediaEditor.dll (API version 3944462).
LogModuleManager: Display: Found up-to-date module file ../../../Engine/Plugins/Media/AndroidMedia/Binaries/Win64/UE4Editor-AndroidMediaFactory.dll (API version 3944462).
LogModuleManager: Display: Found up-to-date module file ../../../Engine/Plugins/Media/AvfMedia/Binaries/Win64/UE4Editor-AvfMediaEditor.dll (API version 3944462).
LogModuleManager: Display: Found up-to-date module file ../../../Engine/Plugins/Media/AvfMedia/Binaries/Win64/UE4Editor-AvfMediaFactory.dll (API version 3944462).
LogModuleManager: Display: Found up-to-date module file ../../../Engine/Plugins/Media/AvfMedia/Binaries/Win64/UE4Editor-AvfMediaFactory.dll (API version 3944462).
LogModuleManager: Display: Found up-to-date module file ../../../Engine/Plugins/Media/ImgMedia/Binaries/Win64/UE4Editor-ImgMedia.dll (API version 3944462).
LogModuleManager: Display: Found up-to-date module file ../../../Engine/Plugins/Media/ImgMedia/Binaries/Win64/UE4Editor-ImgMediaEditor.dll (API version 3944462).
LogModuleManager: Display: Found up-to-date module file ../../../Engine/Plugins/Media/ImgMedia/Binaries/Win64/UE4Editor-ImgMediaFactory.dll (API version 3944462).
LogModuleManager: Display: Found up-to-date module file ../../../Engine/Plugins/Media/ImgMedia/Binaries/Win64/UE4Editor-ImgMediaFactory.dll (API version 3944462).
LogModuleManager: Display: Found up-to-date module file ../../../Engine/Plugins/Media/ImgMedia/Binaries/Win64/UE4Editor-OpenExrWrapper.dll (API version 3944462).
LogModuleManager: Display: Found up-to-date module file ../../../Engine/Plugins/Media/LinearTimecode/Binaries/Win64/UE4Editor-LinearTimecode.dll (API version 3944462).
LogModuleManager: Display: Found up-to-date module file ../../../Engine/Plugins/Media/MediaCompositing/Binaries/Win64/UE4Editor-MediaCompositing.dll (API version 3944462).
LogModuleManager: Display: Found up-to-date module file ../../../Engine/Plugins/Media/MediaCompositing/Binaries/Win64/UE4Editor-MediaCompositingEditor.dll (API version 3944462).
LogModuleManager: Display: Found up-to-date module file ../../../Engine/Plugins/Media/MediaPlayerEditor/Binaries/Win64/UE4Editor-MediaPlayerEditor.dll (API version 3944462).
LogModuleManager: Display: Found up-to-date module file ../../../Engine/Plugins/Media/WmfMedia/Binaries/Win64/UE4Editor-WmfMedia.dll (API version 3944462).
LogModuleManager: Display: Found up-to-date module file ../../../Engine/Plugins/Media/WmfMedia/Binaries/Win64/UE4Editor-WmfMediaEditor.dll (API version 3944462).
LogModuleManager: Display: Found up-to-date module file ../../../Engine/Plugins/Media/WmfMedia/Binaries/Win64/UE4Editor-WmfMediaFactory.dll (API version 3944462).
LogModuleManager: Display: Found up-to-date module file ../../../Engine/Plugins/Media/WmfMedia/Binaries/Win64/UE4Editor-WmfMediaFactory.dll (API version 3944462).
LogModuleManager: Display: Found up-to-date module file ../../../Engine/Plugins/Messaging/TcpMessaging/Binaries/Win64/UE4Editor-TcpMessaging.dll (API version 3944462).
LogModuleManager: Display: Found up-to-date module file ../../../Engine/Plugins/Messaging/UdpMessaging/Binaries/Win64/UE4Editor-UdpMessaging.dll (API version 3944462).
LogModuleManager: Display: Found up-to-date module file ../../../Engine/Plugins/MovieScene/ActorSequence/Binaries/Win64/UE4Editor-ActorSequence.dll (API version 3944462).
LogModuleManager: Display: Found up-to-date module file ../../../Engine/Plugins/MovieScene/LevelSequenceEditor/Binaries/Win64/UE4Editor-LevelSequenceEditor.dll (API version 3944462).
LogModuleManager: Display: Found up-to-date module file ../../../Engine/Plugins/MovieScene/MatineeToLevelSequence/Binaries/Win64/UE4Editor-MatineeToLevelSequence.dll (API version 3944462).
LogModuleManager: Display: Found up-to-date module file ../../../Engine/Plugins/NetcodeUnitTest/NetcodeUnitTest/Binaries/Win64/UE4Editor-NetcodeUnitTest.dll (API version 3944462).
LogModuleManager: Display: Found up-to-date module file ../../../Engine/Plugins/NetcodeUnitTest/NUTUnrealEngine4/Binaries/Win64/UE4Editor-NUTUnrealEngine4.dll (API version 3944462).
LogModuleManager: Display: Found up-to-date module file ../../../Engine/Plugins/Online/OnlineSubsystem/Binaries/Win64/UE4Editor-OnlineSubsystem.dll (API version 3944462).
LogModuleManager: Display: Found up-to-date module file ../../../Engine/Plugins/Online/OnlineSubsystemNull/Binaries/Win64/UE4Editor-OnlineSubsystemNull.dll (API version 3944462).
LogModuleManager: Display: Found up-to-date module file ../../../Engine/Plugins/Online/OnlineSubsystemUtils/Binaries/Win64/UE4Editor-OnlineSubsystemUtils.dll (API version 3944462).
LogModuleManager: Display: Found up-to-date module file ../../../Engine/Plugins/Online/OnlineSubsystemUtils/Binaries/Win64/UE4Editor-OnlineBlueprintSupport.dll (API version 3944462).
LogModuleManager: Display: Found up-to-date module file ../../../Engine/Plugins/Runtime/AndroidDeviceProfileSelector/Binaries/Win64/UE4Editor-AndroidDeviceProfileSelector.dll (API version 3944462).
LogModuleManager: Display: Found up-to-date module file ../../../Engine/Plugins/Runtime/AndroidPermission/Binaries/Win64/UE4Editor-AndroidPermission.dll (API version 3944462).
LogModuleManager: Display: Found up-to-date module file ../../../Engine/Plugins/Runtime/AppleARKit/Binaries/Win64/UE4Editor-AppleARKit.dll (API version 3944462).
LogModuleManager: Display: Found up-to-date module file ../../../Engine/Plugins/Runtime/ArchVisCharacter/Binaries/Win64/UE4Editor-ArchVisCharacter.dll (API version 3944462).
LogModuleManager: Display: Found up-to-date module file ../../../Engine/Plugins/Runtime/AudioCapture/Binaries/Win64/UE4Editor-AudioCapture.dll (API version 3944462).
LogModuleManager: Display: Found up-to-date module file ../../../Engine/Plugins/Runtime/AudioCapture/Binaries/Win64/UE4Editor-AudioCaptureEditor.dll (API version 3944462).
LogModuleManager: Display: Found up-to-date module file ../../../Engine/Plugins/Runtime/CableComponent/Binaries/Win64/UE4Editor-CableComponent.dll (API version 3944462).
LogModuleManager: Display: Found up-to-date module file ../../../Engine/Plugins/Runtime/CustomMeshComponent/Binaries/Win64/UE4Editor-CustomMeshComponent.dll (API version 3944462).
LogModuleManager: Display: Found up-to-date module file ../../../Engine/Plugins/Runtime/ExampleDeviceProfileSelector/Binaries/Win64/UE4Editor-ExampleDeviceProfileSelector.dll (API version 3944462).
LogModuleManager: Display: Found up-to-date module file ../../../Engine/Plugins/Runtime/ImmediatePhysics/Binaries/Win64/UE4Editor-ImmediatePhysics.dll (API version 3944462).
LogModuleManager: Display: Found up-to-date module file ../../../Engine/Plugins/Runtime/ImmediatePhysics/Binaries/Win64/UE4Editor-ImmediatePhysicsEditor.dll (API version 3944462).
LogModuleManager: Display: Found up-to-date module file ../../../Engine/Plugins/Runtime/LocationServicesBPLibrary/Binaries/Win64/UE4Editor-LocationServicesBPLibrary.dll (API version 3944462).
LogModuleManager: Display: Found up-to-date module file ../../../Engine/Plugins/Runtime/MobilePatchingUtils/Binaries/Win64/UE4Editor-MobilePatchingUtils.dll (API version 3944462).
LogModuleManager: Display: Found up-to-date module file ../../../Engine/Plugins/Runtime/Oculus/OculusVR/Binaries/Win64/UE4Editor-OculusHMD.dll (API version 3944462).
LogModuleManager: Display: Found up-to-date module file ../../../Engine/Plugins/Runtime/Oculus/OculusVR/Binaries/Win64/UE4Editor-OculusInput.dll (API version 3944462).
LogModuleManager: Display: Found up-to-date module file ../../../Engine/Plugins/Runtime/Oculus/OculusVR/Binaries/Win64/UE4Editor-OculusEditor.dll (API version 3944462).
LogModuleManager: Display: Found up-to-date module file ../../../Engine/Plugins/Runtime/PhysXVehicles/Binaries/Win64/UE4Editor-PhysXVehicles.dll (API version 3944462).
LogModuleManager: Display: Found up-to-date module file ../../../Engine/Plugins/Runtime/PhysXVehicles/Binaries/Win64/UE4Editor-PhysXVehiclesEditor.dll (API version 3944462).
LogModuleManager: Display: Found up-to-date module file ../../../Engine/Plugins/Runtime/ProceduralMeshComponent/Binaries/Win64/UE4Editor-ProceduralMeshComponent.dll (API version 3944462).
LogModuleManager: Display: Found up-to-date module file ../../../Engine/Plugins/Runtime/ProceduralMeshComponent/Binaries/Win64/UE4Editor-ProceduralMeshComponentEditor.dll (API version 3944462).
LogModuleManager: Display: Found up-to-date module file ../../../Engine/Plugins/Runtime/RuntimePhysXCooking/Binaries/Win64/UE4Editor-RuntimePhysXCooking.dll (API version 3944462).
LogModuleManager: Display: Found up-to-date module file ../../../Engine/Plugins/Runtime/Steam/SteamVR/Binaries/Win64/UE4Editor-SteamVR.dll (API version 3944462).
LogModuleManager: Display: Found up-to-date module file ../../../Engine/Plugins/Runtime/Steam/SteamVR/Binaries/Win64/UE4Editor-SteamVRController.dll (API version 3944462).
LogModuleManager: Display: Found up-to-date module file ../../../Engine/Plugins/Runtime/WindowsMoviePlayer/Binaries/Win64/UE4Editor-WindowsMoviePlayer.dll (API version 3944462).
LogInit: Using libcurl 7.47.1
LogInit:  - built for x86_64-pc-win32
LogInit:  - supports SSL with OpenSSL/1.0.2g
LogInit:  - supports HTTP deflate (compression) using libz 1.2.8
LogInit:  - other features:
LogInit:      CURL_VERSION_SSL
LogInit:      CURL_VERSION_LIBZ
LogInit:      CURL_VERSION_IPV6
LogInit:      CURL_VERSION_ASYNCHDNS
LogInit:      CURL_VERSION_LARGEFILE
LogInit:      CURL_VERSION_IDN
LogInit:  CurlRequestOptions (configurable via config and command line):
LogInit:  - bVerifyPeer = false  - Libcurl will NOT verify peer certificate
LogInit:  - bUseHttpProxy = false  - Libcurl will NOT use HTTP proxy
LogInit:  - bDontReuseConnections = false  - Libcurl will reuse connections
LogInit:  - CertBundlePath = nullptr  - Libcurl will use whatever was configured at build time.
LogInit:  - MaxHostConnections = 16  - Libcurl will limit the number of connections to a host
LogInit:  - LocalHostAddr = Default
LogInit: WinSock: version 1.1 (2.2), MaxSocks=32767, MaxUdp=65467
LogInit: WinSock: I am DESKTOP-RCRJTMI (192.168.0.2:0)
LogInit: Build: ++UE4+Release-4.19-CL-4033788
LogInit: Engine Version: 4.19.2-4033788+++UE4+Release-4.19
LogInit: Compatible Engine Version: 4.19.0-3944462+++UE4+Release-4.19
LogInit: Net CL: 3944462
LogDevObjectVersion: Number of dev versions registered: 18
LogDevObjectVersion:   Dev-Blueprints (B0D832E4-1F89-4F0D-ACCF-7EB736FD4AA2): 10
LogDevObjectVersion:   Dev-Build (E1C64328-A22C-4D53-A36C-8E866417BD8C): 0
LogDevObjectVersion:   Dev-Core (375EC13C-06E4-48FB-B500-84F0262A717E): 2
LogDevObjectVersion:   Dev-Editor (E4B068ED-F494-42E9-A231-DA0B2E46BB41): 23
LogDevObjectVersion:   Dev-Framework (CFFC743F-43B0-4480-9391-14DF171D2073): 33
LogDevObjectVersion:   Dev-Mobile (B02B49B5-BB20-44E9-A304-32B752E40360): 2
LogDevObjectVersion:   Dev-Networking (A4E4105C-59A1-49B5-A7C5-40C4547EDFEE): 0
LogDevObjectVersion:   Dev-Online (39C831C9-5AE6-47DC-9A44-9C173E1C8E7C): 0
LogDevObjectVersion:   Dev-Physics (78F01B33-EBEA-4F98-B9B4-84EACCB95AA2): 0
LogDevObjectVersion:   Dev-Platform (6631380F-2D4D-43E0-8009-CF276956A95A): 0
LogDevObjectVersion:   Dev-Rendering (12F88B9F-8875-4AFC-A67C-D90C383ABD29): 25
LogDevObjectVersion:   Dev-Sequencer (7B5AE74C-D270-4C10-A958-57980B212A5A): 6
LogDevObjectVersion:   Dev-VR (D7296918-1DD6-4BDD-9DE2-64A83CC13884): 1
LogDevObjectVersion:   Dev-LoadTimes (C2A15278-BFE7-4AFE-6C17-90FF531DF755): 1
LogDevObjectVersion:   Private-Geometry (6EACA3D4-40EC-4CC1-B786-8BED09428FC5): 2
LogDevObjectVersion:   Dev-AnimPhys (29E575DD-E0A3-4627-9D10-D276232CDCEA): 16
LogDevObjectVersion:   Dev-ReflectionCapture (6B266CEC-1EC7-4B8F-A30B-E4D90942FC07): 1
LogDevObjectVersion:   Dev-Automation (0DF73D61-A23F-47EA-B727-89E90C41499A): 1
LogInit: Compiled (64-bit): Apr 27 2018 02:06:57
LogInit: Compiled with Visual C++: 19.00.24215.01
LogInit: Build Configuration: Development
LogInit: Branch Name: ++UE4+Release-4.19
LogInit: Command Line: -EpicPortal  -epicusername="SCB360" -epicuserid=035ddfc3946943df8309a885185fea0a -epiclocale=en
LogInit: Base Directory: F:/UE_4.19/Engine/Binaries/Win64/
LogInit: Installed Engine Build: 1
LogStreaming: Display: Took  0.000s to delete old logs.
LogInit: Presizing for max 8388607 objects, including 0 objects not considered by GC, pre-allocating 0 bytes for permanent pool.
LogInit: Object subsystem initialized
[2020.04.11-07.58.38:787][  0]LogInit: Selected Device Profile: [Windows]
[2020.04.11-07.58.38:787][  0]LogInit: Applying CVar settings loaded from the selected device profile: [Windows]
[2020.04.11-07.58.38:807][  0]LogInit: Computer: DESKTOP-RCRJTMI
[2020.04.11-07.58.38:807][  0]LogInit: User: scbis
[2020.04.11-07.58.38:807][  0]LogInit: CPU Page size=4096, Cores=4
[2020.04.11-07.58.38:807][  0]LogInit: High frequency timer resolution =10.000000 MHz
[2020.04.11-07.58.38:807][  0]LogMemory: Memory total: Physical=15.9GB (16GB approx)
[2020.04.11-07.58.38:807][  0]LogMemory: Platform Memory Stats for Windows
[2020.04.11-07.58.38:807][  0]LogMemory: Process Physical Memory: 274.84 MB used, 274.85 MB peak
[2020.04.11-07.58.38:807][  0]LogMemory: Process Virtual Memory: 264.73 MB used, 264.73 MB peak
[2020.04.11-07.58.38:807][  0]LogMemory: Physical Memory: 10542.48 MB used,  5774.41 MB free, 16316.89 MB total
[2020.04.11-07.58.38:807][  0]LogMemory: Virtual Memory: 4778.84 MB used,  5774.41 MB free, 134217728.00 MB total
[2020.04.11-07.58.38:828][  0]LogInit: Using OS detected language (en-GB).
[2020.04.11-07.58.38:828][  0]LogInit: Using OS detected locale (en-US).
[2020.04.11-07.58.38:832][  0]LogTextLocalizationManager: No specific localization for 'en-GB' exists, so the 'en' localization will be used.
[2020.04.11-07.58.39:463][  0]LogStreaming: Display: Took  0.635s to EndInitTextLocalization.
[2020.04.11-07.58.39:463][  0]LogInit: Setting process to per monitor DPI aware
[2020.04.11-07.58.39:515][  0]LogSlate: New Slate User Created.  User Index 0, Is Virtual User: 0
[2020.04.11-07.58.39:515][  0]LogSlate: Slate User Registered.  User Index 0, Is Virtual User: 0
[2020.04.11-07.58.39:784][  0]LogD3D11RHI: D3D11 adapters:
[2020.04.11-07.58.39:889][  0]LogD3D11RHI:    0. 'NVIDIA GeForce GTX 1060 6GB' (Feature Level 11_0)
[2020.04.11-07.58.39:889][  0]LogD3D11RHI:       6052/0/8158 MB DedicatedVideo/DedicatedSystem/SharedSystem, Outputs:2, VendorId:0x10de
[2020.04.11-07.58.39:892][  0]LogD3D11RHI:    1. 'Microsoft Basic Render Driver' (Feature Level 11_0)
[2020.04.11-07.58.39:893][  0]LogD3D11RHI:       0/0/8158 MB DedicatedVideo/DedicatedSystem/SharedSystem, Outputs:0, VendorId:0x1414
[2020.04.11-07.58.39:893][  0]LogD3D11RHI: Chosen D3D11 Adapter: 0
[2020.04.11-07.58.39:915][  0]LogD3D11RHI: Creating new Direct3DDevice
[2020.04.11-07.58.39:915][  0]LogD3D11RHI:     GPU DeviceId: 0x1c03 (for the marketing name, search the web for "GPU Device Id")
[2020.04.11-07.58.39:915][  0]LogWindows: EnumDisplayDevices:
[2020.04.11-07.58.39:915][  0]LogWindows:    0. 'NVIDIA GeForce GTX 1060 6GB' (P:1 D:1)
[2020.04.11-07.58.39:916][  0]LogWindows:    1. 'NVIDIA GeForce GTX 1060 6GB' (P:0 D:1)
[2020.04.11-07.58.39:916][  0]LogWindows:    2. 'NVIDIA GeForce GTX 1060 6GB' (P:0 D:0)
[2020.04.11-07.58.39:916][  0]LogWindows:    3. 'NVIDIA GeForce GTX 1060 6GB' (P:0 D:0)
[2020.04.11-07.58.39:916][  0]LogWindows: DebugString: GetVideoDriverDetailsInvalid PrimaryIsNotTheChoosenAdapter GetVideoDriverDetailsInvalid PrimaryIsNotTheChoosenAdapter GetVideoDriverDetailsInvalid PrimaryIsNotTheChoosenAdapter GetVideoDriverDetailsInvalid PrimaryIsNotTheChoosenAdapter FoundDriverCount:0 
[2020.04.11-07.58.39:916][  0]LogD3D11RHI:     Adapter Name: NVIDIA GeForce GTX 1060 6GB
[2020.04.11-07.58.39:916][  0]LogD3D11RHI:   Driver Version: Unknown (internal:Unknown, unified:Unknown)
[2020.04.11-07.58.39:916][  0]LogD3D11RHI:      Driver Date: Unknown
[2020.04.11-07.58.39:916][  0]LogRHI: Texture pool is 4236 MB (70% of 6052 MB)
[2020.04.11-07.58.39:991][  0]LogD3D11RHI: [Aftermath] Aftermath enabled and primed
[2020.04.11-07.58.39:991][  0]LogD3D11RHI: [Aftermath] Aftermath enabled and primed
[2020.04.11-07.58.39:991][  0]LogD3D11RHI: Async texture creation enabled
[2020.04.11-07.58.40:008][  0]LogD3D11RHI: GPU Timing Frequency: 1000.000000 (Debug: 2 1)
[2020.04.11-07.58.40:013][  0]LogShaderCompilers: Guid format shader working directory is -41 characters bigger than the processId version (C:/Users/scbis/Desktop/Programming/Games Projects/Battle_Tank/Battle_Tanks/Battle_Tank/Intermediate/Shaders/WorkingDirectory/33932/).
[2020.04.11-07.58.40:013][  0]LogShaderCompilers: Cleaned the shader compiler working directory 'C:/Users/scbis/AppData/Local/Temp/UnrealShaderWorkingDir/AD3FAA3B419DD3946CD501ABB9646EEB/'.
[2020.04.11-07.58.40:328][  0]LogTemp: Display: Loaded TP AllDesktopTargetPlatform
[2020.04.11-07.58.40:354][  0]LogTemp: Display: Loaded TP MacClientTargetPlatform
[2020.04.11-07.58.40:380][  0]LogTemp: Display: Loaded TP MacNoEditorTargetPlatform
[2020.04.11-07.58.40:403][  0]LogTemp: Display: Loaded TP MacServerTargetPlatform
[2020.04.11-07.58.40:429][  0]LogTemp: Display: Loaded TP MacTargetPlatform
[2020.04.11-07.58.40:455][  0]LogTemp: Display: Loaded TP WindowsClientTargetPlatform
[2020.04.11-07.58.40:481][  0]LogTemp: Display: Loaded TP WindowsNoEditorTargetPlatform
[2020.04.11-07.58.40:506][  0]LogTemp: Display: Loaded TP WindowsServerTargetPlatform
[2020.04.11-07.58.40:517][  0]LogTemp: Display: Loaded TP WindowsTargetPlatform
[2020.04.11-07.58.40:541][  0]LogTemp: Display: Loaded TP Android_ASTCTargetPlatform
[2020.04.11-07.58.40:564][  0]LogTemp: Display: Loaded TP Android_ATCTargetPlatform
[2020.04.11-07.58.40:586][  0]LogTemp: Display: Loaded TP Android_DXTTargetPlatform
[2020.04.11-07.58.40:610][  0]LogTemp: Display: Loaded TP Android_ETC1aTargetPlatform
[2020.04.11-07.58.40:631][  0]LogTemp: Display: Loaded TP Android_ETC1TargetPlatform
[2020.04.11-07.58.40:652][  0]LogTemp: Display: Loaded TP Android_ETC2TargetPlatform
[2020.04.11-07.58.40:696][  0]LogTemp: Display: Loaded TP Android_MultiTargetPlatform
[2020.04.11-07.58.40:696][  0]LogTemp: Display: Loaded TP Android_PVRTCTargetPlatform
[2020.04.11-07.58.40:717][  0]LogTemp: Display: Loaded TP AndroidTargetPlatform
[2020.04.11-07.58.40:719][  0]LogTemp: Display: Loaded TP HTML5TargetPlatform
[2020.04.11-07.58.40:768][  0]LogTemp: Display: Loaded TP IOSTargetPlatform
[2020.04.11-07.58.40:791][  0]LogTemp: Display: Loaded TP TVOSTargetPlatform
[2020.04.11-07.58.40:815][  0]LogTemp: Display: Loaded TP LinuxClientTargetPlatform
[2020.04.11-07.58.40:838][  0]LogTemp: Display: Loaded TP LinuxNoEditorTargetPlatform
[2020.04.11-07.58.40:860][  0]LogTemp: Display: Loaded TP LinuxServerTargetPlatform
[2020.04.11-07.58.40:882][  0]LogTemp: Display: Loaded TP LinuxTargetPlatform
[2020.04.11-07.58.40:882][  0]LogTargetPlatformManager: Display: Building Assets For Windows
[2020.04.11-07.58.41:009][  0]LogXGEController: Cannot use XGE Controller as Incredibuild is not installed on this machine.
[2020.04.11-07.58.41:009][  0]LogShaderCompilers: Cannot use XGE Shader Compiler as Incredibuild is not installed on this machine.
[2020.04.11-07.58.41:009][  0]LogShaderCompilers: Display: Using Local Shader Compiler.
[2020.04.11-07.58.42:084][  0]LogDerivedDataCache: Display: Max Cache Size: 512 MB
[2020.04.11-07.58.42:174][  0]LogDerivedDataCache: Loaded boot cache 0.09s 74MB C:/Users/scbis/AppData/Local/UnrealEngine/4.19/DerivedDataCache/Boot.ddc.
[2020.04.11-07.58.42:174][  0]LogDerivedDataCache: Display: Loaded Boot cache: C:/Users/scbis/AppData/Local/UnrealEngine/4.19/DerivedDataCache/Boot.ddc
[2020.04.11-07.58.42:174][  0]LogDerivedDataCache: FDerivedDataBackendGraph:  Pak pak cache file C:/Users/scbis/Desktop/Programming/Games Projects/Battle_Tank/Battle_Tanks/Battle_Tank/DerivedDataCache/DDC.ddp not found, will not use a pak cache.
[2020.04.11-07.58.42:174][  0]LogDerivedDataCache: Unable to find inner node Pak for hierarchical cache Hierarchy.
[2020.04.11-07.58.42:174][  0]LogDerivedDataCache: FDerivedDataBackendGraph:  CompressedPak pak cache file C:/Users/scbis/Desktop/Programming/Games Projects/Battle_Tank/Battle_Tanks/Battle_Tank/DerivedDataCache/Compressed.ddp not found, will not use a pak cache.
[2020.04.11-07.58.42:174][  0]LogDerivedDataCache: Unable to find inner node CompressedPak for hierarchical cache Hierarchy.
[2020.04.11-07.58.42:206][  0]LogDerivedDataCache: Display: Pak cache opened for reading ../../../Engine/DerivedDataCache/Compressed.ddp.
[2020.04.11-07.58.42:219][  0]LogDerivedDataCache: Using Local data cache path C:/Users/scbis/AppData/Local/UnrealEngine/Common/DerivedDataCache: Writable
[2020.04.11-07.58.42:219][  0]LogDerivedDataCache: Shared data cache path not found in *engine.ini, will not use an Shared cache.
[2020.04.11-07.58.42:219][  0]LogDerivedDataCache: Unable to find inner node Shared for hierarchical cache Hierarchy.
[2020.04.11-07.58.42:242][  0]LogMaterial: Verifying Global Shaders for PCD3D_SM5
[2020.04.11-07.58.42:242][  0]LogSlate: Using Freetype 2.6.0
[2020.04.11-07.58.42:243][  0]LogSlate: SlateFontCache - WITH_FREETYPE: 1, WITH_HARFBUZZ: 1
[2020.04.11-07.58.42:243][  0]LogSlate: SlateFontCache - WITH_FREETYPE: 1, WITH_HARFBUZZ: 1
[2020.04.11-07.58.42:416][  0]LogAssetRegistry: FAssetRegistry took 0.0304 seconds to start up
[2020.04.11-07.58.42:990][  0]LogInit: Selected Device Profile: [Windows]
[2020.04.11-07.58.43:197][  0]LogSimplygon: Simplygon DLL not present - disabling.
[2020.04.11-07.58.43:201][  0]LogMeshReduction: Using SimplygonSwarm for distributed automatic mesh merging
[2020.04.11-07.58.43:201][  0]LogMeshReduction: Using QuadricMeshReduction for automatic static mesh reduction
[2020.04.11-07.58.43:201][  0]LogMeshReduction: No automatic skeletal mesh reduction module available
[2020.04.11-07.58.43:201][  0]LogMeshReduction: No automatic mesh merging module available
[2020.04.11-07.58.43:201][  0]LogMeshMerging: No automatic mesh merging module available
[2020.04.11-07.58.43:250][  0]LogNetVersion: Battle_Tank , NetCL: 3944462, EngineNetVer: 2, GameNetVer: 0 (Checksum: 2617929418)
[2020.04.11-07.58.44:007][  0]LogPackageLocalizationCache: Processed 9 localized package path(s) for 2 prioritized culture(s) in 0.161055 seconds
[2020.04.11-07.58.44:019][  0]LogUObjectArray: 36728 objects as part of root set at end of initial load.
[2020.04.11-07.58.44:019][  0]LogUObjectAllocator: 7314312 out of 0 bytes used by permanent object pool.
[2020.04.11-07.58.44:019][  0]LogUObjectArray: CloseDisregardForGC: 0/0 objects in disregard for GC pool
[2020.04.11-07.58.46:392][  0]LogTcpMessaging: Initializing TcpMessaging bridge
[2020.04.11-07.58.46:461][  0]LogUdpMessaging: Initializing bridge on interface 0.0.0.0:0 to multicast group 230.0.0.1:6666.
[2020.04.11-07.58.46:942][  0]SourceControl: Source control is disabled
[2020.04.11-07.58.46:942][  0]SourceControl: Source control is disabled
[2020.04.11-07.58.46:965][  0]SourceControl: Source control is disabled
[2020.04.11-07.58.46:985][  0]SourceControl: Source control is disabled
[2020.04.11-07.58.47:602][  0]LogAndroidPermission: UAndroidPermissionCallbackProxy::GetInstance
[2020.04.11-07.58.47:943][  0]LogOcInput: OculusInput pre-init called
[2020.04.11-07.58.48:074][  0]LogEngine: Initializing Engine...
[2020.04.11-07.58.48:077][  0]LogHMD: Failed to initialize OpenVR with code 110
[2020.04.11-07.58.48:079][  0]LogStats: UGameplayTagsManager::ConstructGameplayTagTree: Construct from data asset -  0.000 s
[2020.04.11-07.58.48:079][  0]LogStats: UGameplayTagsManager::ConstructGameplayTagTree: GameplayTagTreeChangedEvent.Broadcast -  0.000 s
[2020.04.11-07.58.48:355][  0]LogAIModule: Creating AISystem for world Untitled
[2020.04.11-07.58.48:454][  0]LogInit: XAudio2 using 'Speakers (HyperX Cloud Revolver S)' : 2 channels at 48 kHz using 16 bits per sample (channel mask 0x3)
[2020.04.11-07.58.48:498][  0]LogInit: FAudioDevice initialized.
[2020.04.11-07.58.48:604][  0]LogDerivedDataCache: Saved boot cache 0.10s 74MB C:/Users/scbis/AppData/Local/UnrealEngine/4.19/DerivedDataCache/Boot.ddc.
[2020.04.11-07.58.48:619][  0]LogInit: Texture streaming: Enabled
[2020.04.11-07.58.48:638][  0]LogEngineSessionManager: EngineSessionManager initialized
[2020.04.11-07.58.48:678][  0]LogInit: Transaction tracking system initialized
[2020.04.11-07.58.48:708][  0]BlueprintLog: New page: Editor Load
[2020.04.11-07.58.48:895][  0]LocalizationService: Localization service is disabled
[2020.04.11-07.58.49:049][  0]LogConsoleResponse: Display: 
[2020.04.11-07.58.49:255][  0]LogFileCache: Scanning file cache for directory 'C:/Users/scbis/Desktop/Programming/Games Projects/Battle_Tank/Battle_Tanks/Battle_Tank/Content/' took 0.01s
[2020.04.11-07.58.49:255][  0]LogCook: Display: Max memory allowance for cook 16384mb min free memory 0mb
[2020.04.11-07.58.49:255][  0]LogCook: Display: Mobile HDR setting 1
[2020.04.11-07.58.49:255][  0]LogGameplayTags: Display: UGameplayTagsManager::DoneAddingNativeTags. DelegateIsBound: 0
[2020.04.11-07.58.49:255][  0]LogStats: UGameplayTagsManager::ConstructGameplayTagTree: Construct from data asset -  0.000 s
[2020.04.11-07.58.49:255][  0]LogStats: UGameplayTagsManager::ConstructGameplayTagTree: GameplayTagTreeChangedEvent.Broadcast -  0.000 s
[2020.04.11-07.58.49:732][  0]SourceControl: Source control is disabled
[2020.04.11-07.58.49:732][  0]Cmd: MAP LOAD FILE="../../../Engine/Content/Maps/Templates/Template_Default.umap" TEMPLATE=1 SHOWPROGRESS=1 FEATURELEVEL=3
[2020.04.11-07.58.49:733][  0]LightingResults: New page: Lighting Build
[2020.04.11-07.58.49:736][  0]MapCheck: New page: Map Check
[2020.04.11-07.58.49:736][  0]LightingResults: New page: Lighting Build
[2020.04.11-07.58.50:050][  0]LogAIModule: Creating AISystem for world Untitled_1
[2020.04.11-07.58.50:063][  0]LogEditorServer: Finished looking for orphan Actors (0.000 secs)
[2020.04.11-07.58.50:083][  0]Cmd: MAP CHECKDEP NOCLEARLOG
[2020.04.11-07.58.50:160][  0]MapCheck: Map check complete: 0 Error(s), 0 Warning(s), took 76.765ms to complete.
[2020.04.11-07.58.50:160][  0]LogFileHelpers: Loading map 'Template_Default' took 0.427
[2020.04.11-07.58.50:345][  0]LogCollectionManager: Loaded 0 collections in 0.002083 seconds
[2020.04.11-07.58.50:416][  0]LogFileCache: Scanning file cache for directory 'C:/Users/scbis/Desktop/Programming/Games Projects/Battle_Tank/Battle_Tanks/Battle_Tank/Saved/Collections/' took 0.01s
[2020.04.11-07.58.50:416][  0]LogFileCache: Scanning file cache for directory 'C:/Users/scbis/Desktop/Programming/Games Projects/Battle_Tank/Battle_Tanks/Battle_Tank/Content/Developers/scbis/Collections/' took 0.01s
[2020.04.11-07.58.50:416][  0]LogFileCache: Scanning file cache for directory 'C:/Users/scbis/Desktop/Programming/Games Projects/Battle_Tank/Battle_Tanks/Battle_Tank/Content/Collections/' took 0.01s
[2020.04.11-07.58.50:416][  0]LogCollectionManager: Rebuilt the GUID cache for 0 collections in 0.000000 seconds
[2020.04.11-07.58.50:436][  0]LogContentBrowser: Native class hierarchy populated in 0.0183 seconds. Added 2454 classes and 562 folders.
[2020.04.11-07.58.50:450][  0]LogContentBrowser: Native class hierarchy updated for 'WidgetCarousel' in 0.0013 seconds. Added 0 classes and 0 folders.
[2020.04.11-07.58.50:968][  0]LogContentBrowser: Native class hierarchy updated for 'AddContentDialog' in 0.0009 seconds. Added 0 classes and 0 folders.
[2020.04.11-07.58.51:286][  0]LogSlate: Took 0.000394 seconds to synchronously load lazily loaded font '../../../Engine/Content/Slate/Fonts/Roboto-Regular.ttf' (155K)
[2020.04.11-07.58.51:301][  0]LogSlate: Took 0.011609 seconds to synchronously load lazily loaded font '../../../Engine/Content/Editor/Slate/Fonts/FontAwesome.ttf' (139K)
[2020.04.11-07.58.51:302][  0]LogSlate: Took 0.000310 seconds to synchronously load lazily loaded font '../../../Engine/Content/Slate/Fonts/Roboto-Bold.ttf' (160K)
[2020.04.11-07.58.51:327][  0]LogSlate: Took 0.009170 seconds to synchronously load lazily loaded font '../../../Engine/Content/Slate/Fonts/DroidSansMono.ttf' (77K)
[2020.04.11-07.58.51:546][  0]LogRenderer: Reallocating scene render targets to support 1276x652 Format 10 NumSamples 1 (Frame:1).
[2020.04.11-07.58.51:804][  0]LogContentBrowser: Native class hierarchy updated for 'HierarchicalLODOutliner' in 0.0012 seconds. Added 0 classes and 0 folders.
[2020.04.11-07.58.51:804][  0]LogLoad: (Engine Initialization) Total time: 16.71 seconds
[2020.04.11-07.58.51:804][  0]LogLoad: (Engine Initialization) Total Blueprint compile time: 0.00 seconds
[2020.04.11-07.58.52:179][  0]LogContentStreaming: Texture pool size now 1000 MB
[2020.04.11-07.58.54:819][  8]LogAssetRegistry: Asset discovery search completed in 12.4247 seconds
[2020.04.11-07.58.54:821][  8]LogCollectionManager: Rebuilt the object cache for 0 collections in 0.000000 seconds (found 0 objects)
[2020.04.11-07.58.54:822][  8]LogCollectionManager: Fixed up redirectors for 0 collections in 0.000375 seconds (updated 0 objects)
[2020.04.11-07.59.25:998][393]LogSlate: FSceneViewport::OnFocusLost() reason 2
[2020.04.11-07.59.27:848][569]LogSlate: FSceneViewport::OnFocusLost() reason 2
[2020.04.11-07.59.29:649][569]LogSlate: Only BGRA pngs, bmps or icos are supported in by External Image Picker
[2020.04.11-07.59.29:868][570]LogTemp: Executing iPhonePackager certificates Engine -bundlename com.YourCompany.BattleTank
[2020.04.11-07.59.29:869][570]LogTemp: CWD: F:\UE_4.19\Engine\Binaries\DotNET\IOS
[2020.04.11-07.59.29:869][570]LogTemp: Initial Dir: F:\UE_4.19
[2020.04.11-07.59.29:869][570]LogTemp: Env CWD: F:\UE_4.19\Engine\Binaries\DotNET\IOS
[2020.04.11-07.59.29:869][570]LogTemp: BranchPath = DESKTOP-RCRJTMI/F/UE_4.19/Engine/Binaries --- GameBranchPath = DESKTOP-RCRJTMI/F/UE_4.19/Engine/Binaries
[2020.04.11-07.59.29:870][570]LogTemp: IPP ERROR: Could not find provision directory 'C:\Users\scbis\AppData\Local/Apple Computer/MobileDevice/Provisioning Profiles/'.
[2020.04.11-08.00.00:622][832]LogSlate: Took 0.000256 seconds to synchronously load lazily loaded font '../../../Engine/Content/Slate/Fonts/Roboto-Light.ttf' (167K)
[2020.04.11-08.00.00:679][832]LogSlate: FSceneViewport::OnFocusLost() reason 2
[2020.04.11-08.00.45:973][883]LogSlate: Window 'Project Settings' being destroyed
[2020.04.11-08.00.45:981][883]LogSlate: Window 'Project Settings' being destroyed
[2020.04.11-08.00.51:093][225]LogSlate: FSceneViewport::OnFocusLost() reason 2
[2020.04.11-08.00.58:430][677]LogSlate: FSceneViewport::OnFocusLost() reason 2
[2020.04.11-08.01.05:266][361]LogSlate: FSceneViewport::OnFocusLost() reason 2
[2020.04.11-08.01.24:633][361]LogSlate: Window 'Save Level As' being destroyed
[2020.04.11-08.01.24:731][361]LogSlate: FSceneViewport::OnFocusLost() reason 2
[2020.04.11-08.01.24:832][361]LogSavePackage: Save=52.45ms
[2020.04.11-08.01.24:832][361]LogSavePackage: Moving 'C:/Users/scbis/Desktop/Programming/Games Projects/Battle_Tank/Battle_Tanks/Battle_Tank/Saved/Battleground4C7FF57F4BAC4A1878ED33A6CB95B42A.tmp' to 'C:/Users/scbis/Desktop/Programming/Games Projects/Battle_Tank/Battle_Tanks/Battle_Tank/Content/Battleground.umap'
[2020.04.11-08.01.24:835][361]LogSavePackage: Display: Finished SavePackage C:/Users/scbis/Desktop/Programming/Games Projects/Battle_Tank/Battle_Tanks/Battle_Tank/Content/Battleground.umap
[2020.04.11-08.01.24:886][361]Cmd: OBJ SAVEPACKAGE PACKAGE="/Game/Battleground_BuiltData" FILE="C:/Users/scbis/Desktop/Programming/Games Projects/Battle_Tank/Battle_Tanks/Battle_Tank/Content/Battleground_BuiltData.uasset" SILENT=true
[2020.04.11-08.01.24:921][361]LogSavePackage: Save=29.40ms
[2020.04.11-08.01.24:922][361]LogSavePackage: Moving 'C:/Users/scbis/Desktop/Programming/Games Projects/Battle_Tank/Battle_Tanks/Battle_Tank/Saved/Battleground_BuiltData02FDC674444210E2894ECB82B759FBBA.tmp' to 'C:/Users/scbis/Desktop/Programming/Games Projects/Battle_Tank/Battle_Tanks/Battle_Tank/Content/Battleground_BuiltData.uasset'
[2020.04.11-08.01.24:924][361]LogSavePackage: Display: Finished SavePackage C:/Users/scbis/Desktop/Programming/Games Projects/Battle_Tank/Battle_Tanks/Battle_Tank/Content/Battleground_BuiltData.uasset
[2020.04.11-08.01.24:934][361]LogFileHelpers: Saving map 'Battleground' took 0.286
[2020.04.11-08.01.28:853][455]LogSlate: FSceneViewport::OnFocusLost() reason 2
[2020.04.11-08.01.30:184][581]LogSlate: FSceneViewport::OnFocusLost() reason 2
[2020.04.11-08.01.31:510][581]LogSlate: Only BGRA pngs, bmps or icos are supported in by External Image Picker
[2020.04.11-08.01.31:736][582]LogTemp: Executing iPhonePackager certificates Engine -bundlename com.YourCompany.BattleTank
[2020.04.11-08.01.31:736][582]LogTemp: CWD: F:\UE_4.19\Engine\Binaries\DotNET\IOS
[2020.04.11-08.01.31:737][582]LogTemp: Initial Dir: F:\UE_4.19
[2020.04.11-08.01.31:737][582]LogTemp: Env CWD: F:\UE_4.19\Engine\Binaries\DotNET\IOS
[2020.04.11-08.01.31:737][582]LogTemp: BranchPath = DESKTOP-RCRJTMI/F/UE_4.19/Engine/Binaries --- GameBranchPath = DESKTOP-RCRJTMI/F/UE_4.19/Engine/Binaries
[2020.04.11-08.01.31:737][582]LogTemp: IPP ERROR: Could not find provision directory 'C:\Users\scbis\AppData\Local/Apple Computer/MobileDevice/Provisioning Profiles/'.
[2020.04.11-08.01.39:830][165]LogSlate: Window 'Project Settings' being destroyed
[2020.04.11-08.01.39:836][165]LogSlate: Window 'Project Settings' being destroyed
[2020.04.11-08.01.50:125][640]LogSlate: FSceneViewport::OnFocusLost() reason 0
[2020.04.11-08.01.50:227][648]LogRenderer: Reallocating scene render targets to support 1276x924 Format 10 NumSamples 1 (Frame:4371).
[2020.04.11-08.02.01:533][950]LogSlate: FSceneViewport::OnFocusLost() reason 2
[2020.04.11-08.02.25:436][578]LogMaterial: Missing cached shader map for material LayerVisMaterial, compiling. 
[2020.04.11-08.02.25:476][578]LogShaderCompilers: Display: Shaders left to compile 8
[2020.04.11-08.02.25:476][578]LogMaterial: Missing cached shader map for material SelectBrushMaterial, compiling. 
[2020.04.11-08.02.25:506][578]LogMaterial: Missing cached shader map for material SelectBrushMaterial, compiling. 
[2020.04.11-08.02.25:536][578]LogMaterial: Missing cached shader map for material MaskBrushMaterial, compiling. 
[2020.04.11-08.02.25:567][578]LogShaderCompilers: Display: Shaders left to compile 60
[2020.04.11-08.02.25:567][578]LogShaderCompilers: Display: Shaders left to compile 50
[2020.04.11-08.02.25:567][578]LogShaderCompilers: Display: Shaders left to compile 40
[2020.04.11-08.02.25:567][578]LogMaterial: Missing cached shader map for material LandscapeLayerUsageMaterial, compiling. 
[2020.04.11-08.02.25:642][578]LogMaterial: Missing cached shader map for material CircleBrushMaterial, compiling. 
[2020.04.11-08.02.25:662][578]LogMaterial: Missing cached shader map for material CircleBrushMaterial, compiling. 
[2020.04.11-08.02.25:688][578]LogMaterial: Missing cached shader map for material CircleBrushMaterial, compiling. 
[2020.04.11-08.02.25:712][578]LogMaterial: Missing cached shader map for material CircleBrushMaterial, compiling. 
[2020.04.11-08.02.25:746][578]LogMaterial: Missing cached shader map for material AlphaBrushMaterial, compiling. 
[2020.04.11-08.02.25:772][578]LogMaterial: Missing cached shader map for material CircleBrushMaterial, compiling. 
[2020.04.11-08.02.25:801][578]LogMaterial: Missing cached shader map for material MaskBrushMaterial, compiling. 
[2020.04.11-08.02.25:828][578]LogTexture: Display: Building textures: Texture2D_2 (G8, 128X128)
[2020.04.11-08.02.30:651][827]LogShaderCompilers: Display: Shaders left to compile 178
[2020.04.11-08.02.31:740][893]LogShaderCompilers: Display: Shaders left to compile 168
[2020.04.11-08.02.31:769][895]LogShaderCompilers: Display: Shaders left to compile 158
[2020.04.11-08.02.34:566][ 74]LogShaderCompilers: Display: Shaders left to compile 148
[2020.04.11-08.02.36:747][208]LogShaderCompilers: Display: Shaders left to compile 138
[2020.04.11-08.02.36:803][212]LogShaderCompilers: Display: Shaders left to compile 128
[2020.04.11-08.02.37:668][231]LogSlate: FSceneViewport::OnFocusLost() reason 2
[2020.04.11-08.02.41:562][485]LogShaderCompilers: Display: Shaders left to compile 118
[2020.04.11-08.02.41:697][490]LogShaderCompilers: Display: Shaders left to compile 108
[2020.04.11-08.02.41:874][498]LogShaderCompilers: Display: Shaders left to compile 98
[2020.04.11-08.02.42:442][499]LogShaderCompilers: Display: Shaders left to compile 88
[2020.04.11-08.02.46:969][785]LogShaderCompilers: Display: Shaders left to compile 78
[2020.04.11-08.02.47:334][790]LogShaderCompilers: Display: Shaders left to compile 68
[2020.04.11-08.02.51:186][969]LogShaderCompilers: Display: Shaders left to compile 58
[2020.04.11-08.02.51:446][986]LogShaderCompilers: Display: Shaders left to compile 48
[2020.04.11-08.02.52:035][ 25]LogShaderCompilers: Display: Shaders left to compile 38
[2020.04.11-08.02.52:082][ 26]LogShaderCompilers: Display: Shaders left to compile 28
[2020.04.11-08.02.57:053][292]LogShaderCompilers: Display: Shaders left to compile 18
[2020.04.11-08.02.57:142][294]LogShaderCompilers: Display: Shaders left to compile 8
[2020.04.11-08.02.59:023][396]LogSlate: FSceneViewport::OnFocusLost() reason 0
[2020.04.11-08.03.07:482][190]LogTexture: Display: Building textures: Texture2D_3 (G8, 128X128)
[2020.04.11-08.03.08:766][288]LogEditorSelectUtils: Warning: SelectActor: The requested operation could not be completed because the actor has invalid flags. (Landscape)
[2020.04.11-08.03.08:766][288]LogActorComponent: RegisterComponentWithWorld: (/Game/Battleground.Battleground:PersistentLevel.Landscape_2.RootComponent0) Trying to register component with IsPendingKill() == true. Aborting.
[2020.04.11-08.03.08:766][288]LogEditorSelectUtils: Warning: SelectActor: The requested operation could not be completed because the actor has invalid flags. (Landscape)
[2020.04.11-08.03.22:299][589]LogSlate: FSceneViewport::OnFocusLost() reason 0
[2020.04.11-08.03.22:467][596]LogTexture: Display: Building textures: Texture2D_0 (BGRA8, 512X512)
[2020.04.11-08.03.22:493][596]LogMaterial: Missing cached shader map for material WorldGridMaterial, compiling. Is special engine material.
[2020.04.11-08.03.33:310][596]LogShaderCompilers: Display: Shaders left to compile 112
[2020.04.11-08.03.33:310][596]LogShaderCompilers: Display: Shaders left to compile 111
[2020.04.11-08.03.33:310][596]LogShaderCompilers: Display: Shaders left to compile 110
[2020.04.11-08.03.33:310][596]LogShaderCompilers: Display: Shaders left to compile 109
[2020.04.11-08.03.33:310][596]LogShaderCompilers: Display: Shaders left to compile 108
[2020.04.11-08.03.33:310][596]LogShaderCompilers: Display: Shaders left to compile 107
[2020.04.11-08.03.33:310][596]LogShaderCompilers: Display: Shaders left to compile 106
[2020.04.11-08.03.33:310][596]LogShaderCompilers: Display: Shaders left to compile 105
[2020.04.11-08.03.33:310][596]LogShaderCompilers: Display: Shaders left to compile 104
[2020.04.11-08.03.33:310][596]LogShaderCompilers: Display: Shaders left to compile 103
[2020.04.11-08.03.33:310][596]LogShaderCompilers: Display: Shaders left to compile 102
[2020.04.11-08.03.33:310][596]LogShaderCompilers: Display: Shaders left to compile 101
[2020.04.11-08.03.33:310][596]LogShaderCompilers: Display: Shaders left to compile 100
[2020.04.11-08.03.33:310][596]LogShaderCompilers: Display: Shaders left to compile 99
[2020.04.11-08.03.33:310][596]LogShaderCompilers: Display: Shaders left to compile 98
[2020.04.11-08.03.33:311][596]LogShaderCompilers: Display: Shaders left to compile 97
[2020.04.11-08.03.33:311][596]LogShaderCompilers: Display: Shaders left to compile 96
[2020.04.11-08.03.33:311][596]LogShaderCompilers: Display: Shaders left to compile 95
[2020.04.11-08.03.33:311][596]LogShaderCompilers: Display: Shaders left to compile 94
[2020.04.11-08.03.33:311][596]LogShaderCompilers: Display: Shaders left to compile 93
[2020.04.11-08.03.33:311][596]LogShaderCompilers: Display: Shaders left to compile 92
[2020.04.11-08.03.33:311][596]LogShaderCompilers: Display: Shaders left to compile 91
[2020.04.11-08.03.33:311][596]LogShaderCompilers: Display: Shaders left to compile 90
[2020.04.11-08.03.33:311][596]LogShaderCompilers: Display: Shaders left to compile 89
[2020.04.11-08.03.33:311][596]LogShaderCompilers: Display: Shaders left to compile 88
[2020.04.11-08.03.33:311][596]LogShaderCompilers: Display: Shaders left to compile 87
[2020.04.11-08.03.33:311][596]LogShaderCompilers: Display: Shaders left to compile 86
[2020.04.11-08.03.33:311][596]LogShaderCompilers: Display: Shaders left to compile 85
[2020.04.11-08.03.33:311][596]LogShaderCompilers: Display: Shaders left to compile 84
[2020.04.11-08.03.33:311][596]LogShaderCompilers: Display: Shaders left to compile 83
[2020.04.11-08.03.33:311][596]LogShaderCompilers: Display: Shaders left to compile 82
[2020.04.11-08.03.33:311][596]LogShaderCompilers: Display: Shaders left to compile 81
[2020.04.11-08.03.33:311][596]LogShaderCompilers: Display: Shaders left to compile 80
[2020.04.11-08.03.33:311][596]LogShaderCompilers: Display: Shaders left to compile 79
[2020.04.11-08.03.33:311][596]LogShaderCompilers: Display: Shaders left to compile 78
[2020.04.11-08.03.33:311][596]LogShaderCompilers: Display: Shaders left to compile 77
[2020.04.11-08.03.33:311][596]LogShaderCompilers: Display: Shaders left to compile 76
[2020.04.11-08.03.33:311][596]LogShaderCompilers: Display: Shaders left to compile 75
[2020.04.11-08.03.33:311][596]LogShaderCompilers: Display: Shaders left to compile 74
[2020.04.11-08.03.33:311][596]LogShaderCompilers: Display: Shaders left to compile 73
[2020.04.11-08.03.33:311][596]LogShaderCompilers: Display: Shaders left to compile 72
[2020.04.11-08.03.33:311][596]LogShaderCompilers: Display: Shaders left to compile 71
[2020.04.11-08.03.33:311][596]LogShaderCompilers: Display: Shaders left to compile 70
[2020.04.11-08.03.33:311][596]LogShaderCompilers: Display: Shaders left to compile 69
[2020.04.11-08.03.33:311][596]LogShaderCompilers: Display: Shaders left to compile 68
[2020.04.11-08.03.33:311][596]LogShaderCompilers: Display: Shaders left to compile 67
[2020.04.11-08.03.33:311][596]LogShaderCompilers: Display: Shaders left to compile 66
[2020.04.11-08.03.33:311][596]LogShaderCompilers: Display: Shaders left to compile 65
[2020.04.11-08.03.33:311][596]LogShaderCompilers: Display: Shaders left to compile 64
[2020.04.11-08.03.33:311][596]LogShaderCompilers: Display: Shaders left to compile 63
[2020.04.11-08.03.33:311][596]LogShaderCompilers: Display: Shaders left to compile 62
[2020.04.11-08.03.33:311][596]LogShaderCompilers: Display: Shaders left to compile 61
[2020.04.11-08.03.33:311][596]LogShaderCompilers: Display: Shaders left to compile 60
[2020.04.11-08.03.33:311][596]LogShaderCompilers: Display: Shaders left to compile 59
[2020.04.11-08.03.33:311][596]LogShaderCompilers: Display: Shaders left to compile 58
[2020.04.11-08.03.33:311][596]LogShaderCompilers: Display: Shaders left to compile 57
[2020.04.11-08.03.33:311][596]LogShaderCompilers: Display: Shaders left to compile 56
[2020.04.11-08.03.33:311][596]LogShaderCompilers: Display: Shaders left to compile 55
[2020.04.11-08.03.33:311][596]LogShaderCompilers: Display: Shaders left to compile 54
[2020.04.11-08.03.33:311][596]LogShaderCompilers: Display: Shaders left to compile 53
[2020.04.11-08.03.33:311][596]LogShaderCompilers: Display: Shaders left to compile 52
[2020.04.11-08.03.33:311][596]LogShaderCompilers: Display: Shaders left to compile 51
[2020.04.11-08.03.33:312][596]LogShaderCompilers: Display: Shaders left to compile 50
[2020.04.11-08.03.33:312][596]LogShaderCompilers: Display: Shaders left to compile 49
[2020.04.11-08.03.33:312][596]LogShaderCompilers: Display: Shaders left to compile 48
[2020.04.11-08.03.33:312][596]LogShaderCompilers: Display: Shaders left to compile 47
[2020.04.11-08.03.33:312][596]LogShaderCompilers: Display: Shaders left to compile 46
[2020.04.11-08.03.33:312][596]LogShaderCompilers: Display: Shaders left to compile 45
[2020.04.11-08.03.33:312][596]LogShaderCompilers: Display: Shaders left to compile 44
[2020.04.11-08.03.33:312][596]LogShaderCompilers: Display: Shaders left to compile 43
[2020.04.11-08.03.33:312][596]LogShaderCompilers: Display: Shaders left to compile 42
[2020.04.11-08.03.33:312][596]LogShaderCompilers: Display: Shaders left to compile 41
[2020.04.11-08.03.33:312][596]LogShaderCompilers: Display: Shaders left to compile 40
[2020.04.11-08.03.33:312][596]LogShaderCompilers: Display: Shaders left to compile 39
[2020.04.11-08.03.33:312][596]LogShaderCompilers: Display: Shaders left to compile 38
[2020.04.11-08.03.33:312][596]LogShaderCompilers: Display: Shaders left to compile 37
[2020.04.11-08.03.33:312][596]LogShaderCompilers: Display: Shaders left to compile 36
[2020.04.11-08.03.33:312][596]LogShaderCompilers: Display: Shaders left to compile 35
[2020.04.11-08.03.33:312][596]LogShaderCompilers: Display: Shaders left to compile 34
[2020.04.11-08.03.33:312][596]LogShaderCompilers: Display: Shaders left to compile 33
[2020.04.11-08.03.33:312][596]LogShaderCompilers: Display: Shaders left to compile 32
[2020.04.11-08.03.33:312][596]LogShaderCompilers: Display: Shaders left to compile 31
[2020.04.11-08.03.33:312][596]LogShaderCompilers: Display: Shaders left to compile 30
[2020.04.11-08.03.33:312][596]LogShaderCompilers: Display: Shaders left to compile 29
[2020.04.11-08.03.33:312][596]LogShaderCompilers: Display: Shaders left to compile 28
[2020.04.11-08.03.33:312][596]LogShaderCompilers: Display: Shaders left to compile 27
[2020.04.11-08.03.33:312][596]LogShaderCompilers: Display: Shaders left to compile 26
[2020.04.11-08.03.33:312][596]LogShaderCompilers: Display: Shaders left to compile 25
[2020.04.11-08.03.33:312][596]LogShaderCompilers: Display: Shaders left to compile 24
[2020.04.11-08.03.33:312][596]LogShaderCompilers: Display: Shaders left to compile 23
[2020.04.11-08.03.33:312][596]LogShaderCompilers: Display: Shaders left to compile 22
[2020.04.11-08.03.33:312][596]LogShaderCompilers: Display: Shaders left to compile 21
[2020.04.11-08.03.33:312][596]LogShaderCompilers: Display: Shaders left to compile 20
[2020.04.11-08.03.33:312][596]LogShaderCompilers: Display: Shaders left to compile 19
[2020.04.11-08.03.33:312][596]LogShaderCompilers: Display: Shaders left to compile 18
[2020.04.11-08.03.33:312][596]LogShaderCompilers: Display: Shaders left to compile 17
[2020.04.11-08.03.33:312][596]LogShaderCompilers: Display: Shaders left to compile 16
[2020.04.11-08.03.33:312][596]LogShaderCompilers: Display: Shaders left to compile 15
[2020.04.11-08.03.33:312][596]LogShaderCompilers: Display: Shaders left to compile 14
[2020.04.11-08.03.33:312][596]LogShaderCompilers: Display: Shaders left to compile 13
[2020.04.11-08.03.33:312][596]LogShaderCompilers: Display: Shaders left to compile 12
[2020.04.11-08.03.33:312][596]LogShaderCompilers: Display: Shaders left to compile 11
[2020.04.11-08.03.33:312][596]LogShaderCompilers: Display: Shaders left to compile 10
[2020.04.11-08.03.33:312][596]LogShaderCompilers: Display: Shaders left to compile 9
[2020.04.11-08.03.33:312][596]LogShaderCompilers: Display: Shaders left to compile 8
[2020.04.11-08.03.33:312][596]LogShaderCompilers: Display: Shaders left to compile 7
[2020.04.11-08.03.33:312][596]LogShaderCompilers: Display: Shaders left to compile 6
[2020.04.11-08.03.33:312][596]LogShaderCompilers: Display: Shaders left to compile 5
[2020.04.11-08.03.33:312][596]LogShaderCompilers: Display: Shaders left to compile 4
[2020.04.11-08.03.33:312][596]LogShaderCompilers: Display: Shaders left to compile 3
[2020.04.11-08.03.33:313][596]LogShaderCompilers: Display: Shaders left to compile 2
[2020.04.11-08.03.33:313][596]LogShaderCompilers: Display: Shaders left to compile 1
[2020.04.11-08.03.37:212][959]LogSlate: FSceneViewport::OnFocusLost() reason 0
[2020.04.11-08.03.50:428][276]Cmd: CAMERA ALIGN ACTIVEVIEWPORTONLY
[2020.04.11-08.03.50:428][276]Can't find target actor or component.
[2020.04.11-08.04.10:848][546]LogSlate: FSceneViewport::OnFocusLost() reason 0
[2020.04.11-08.04.12:876][760]LogEditorActor: Deleted Actor: Landscape
[2020.04.11-08.04.12:928][760]LogEditorActor: Deleted 1 Actors (0.062 secs)
[2020.04.11-08.04.45:816][663]LogSlate: FSceneViewport::OnFocusLost() reason 0
[2020.04.11-08.04.45:918][663]LogSavePackage: Save=45.22ms
[2020.04.11-08.04.45:918][663]LogSavePackage: Moving 'C:/Users/scbis/Desktop/Programming/Games Projects/Battle_Tank/Battle_Tanks/Battle_Tank/Saved/Battleground6873733A45F292582BFCCF82CB4F547E.tmp' to 'C:/Users/scbis/Desktop/Programming/Games Projects/Battle_Tank/Battle_Tanks/Battle_Tank/Content/Battleground.umap'
[2020.04.11-08.04.45:928][663]LogSavePackage: Display: Finished SavePackage C:/Users/scbis/Desktop/Programming/Games Projects/Battle_Tank/Battle_Tanks/Battle_Tank/Content/Battleground.umap
[2020.04.11-08.04.45:963][663]Cmd: OBJ SAVEPACKAGE PACKAGE="/Game/Battleground_BuiltData" FILE="C:/Users/scbis/Desktop/Programming/Games Projects/Battle_Tank/Battle_Tanks/Battle_Tank/Content/Battleground_BuiltData.uasset" SILENT=true
[2020.04.11-08.04.45:991][663]LogSavePackage: Save=17.40ms
[2020.04.11-08.04.45:991][663]LogSavePackage: Moving 'C:/Users/scbis/Desktop/Programming/Games Projects/Battle_Tank/Battle_Tanks/Battle_Tank/Saved/Battleground_BuiltDataF375F0244196A514E7DEBC85DF9F9AFB.tmp' to 'C:/Users/scbis/Desktop/Programming/Games Projects/Battle_Tank/Battle_Tanks/Battle_Tank/Content/Battleground_BuiltData.uasset'
[2020.04.11-08.04.45:993][663]LogSavePackage: Display: Finished SavePackage C:/Users/scbis/Desktop/Programming/Games Projects/Battle_Tank/Battle_Tanks/Battle_Tank/Content/Battleground_BuiltData.uasset
[2020.04.11-08.04.47:346][800]LogSlate: FSceneViewport::OnFocusLost() reason 0
[2020.04.11-08.04.47:536][808]LogSlate: Window 'Battle_Tank - Unreal Editor' being destroyed
[2020.04.11-08.04.47:537][808]LogWindowsTextInputMethodSystem: Display: IME system now deactivated.
[2020.04.11-08.04.47:791][809]Cmd: QUIT_EDITOR
[2020.04.11-08.04.47:830][809]LogSlate: Slate User Destroyed.  User Index 0, Is Virtual User: 0
[2020.04.11-08.04.47:830][809]LogExit: Preparing to exit.
[2020.04.11-08.04.48:615][809]LogExit: Editor shut down
[2020.04.11-08.04.48:618][809]LogExit: Transaction tracking system shut down
[2020.04.11-08.04.48:822][809]LogDirectoryWatcher: A directory notification for '../../../Engine/Content/' was aborted.
[2020.04.11-08.04.48:822][809]LogDirectoryWatcher: A directory notification for 'C:/Users/scbis/Desktop/Programming/Games Projects/Battle_Tank/Battle_Tanks/Battle_Tank/Content/' was aborted.
[2020.04.11-08.04.48:822][809]LogDirectoryWatcher: A directory notification for '../../Plugins/2D/Paper2D/Content/' was aborted.
[2020.04.11-08.04.48:822][809]LogDirectoryWatcher: A directory notification for '../../Plugins/Enterprise/DatasmithContent/Content/' was aborted.
[2020.04.11-08.04.48:822][809]LogDirectoryWatcher: A directory notification for '../../Plugins/Media/MediaCompositing/Content/' was aborted.
[2020.04.11-08.04.48:822][809]LogDirectoryWatcher: A directory notification for '../../Plugins/Runtime/AppleARKit/Content/' was aborted.
[2020.04.11-08.04.48:823][809]LogDirectoryWatcher: A directory notification for '../../Plugins/Runtime/Oculus/OculusVR/Content/' was aborted.
[2020.04.11-08.04.48:823][809]LogDirectoryWatcher: A directory notification for '../../Plugins/Runtime/Steam/SteamVR/Content/' was aborted.
[2020.04.11-08.04.48:903][809]LogExit: Object subsystem successfully closed.
[2020.04.11-08.04.48:920][809]LogShaderCompilers: Display: Shaders left to compile 0
[2020.04.11-08.04.48:925][809]LogD3D11RHI: Shutdown
[2020.04.11-08.04.48:925][809]LogD3D11RHI: CleanupD3DDevice
[2020.04.11-08.04.48:927][809]LogD3D11RHI: ~FD3D11DynamicRHI
[2020.04.11-08.04.48:944][809]LogModuleManager: Shutting down and abandoning module ExternalImagePicker (580)
[2020.04.11-08.04.48:944][809]LogModuleManager: Shutting down and abandoning module HierarchicalLODOutliner (578)
[2020.04.11-08.04.48:945][809]LogModuleManager: Shutting down and abandoning module DesktopPlatform (576)
[2020.04.11-08.04.48:945][809]LogModuleManager: Shutting down and abandoning module AddContentDialog (574)
[2020.04.11-08.04.48:947][809]LogDirectoryWatcher: A directory notification for 'F:/UE_4.19/FeaturePacks/' was aborted.
[2020.04.11-08.04.48:948][809]LogModuleManager: Shutting down and abandoning module WidgetCarousel (573)
[2020.04.11-08.04.48:948][809]LogModuleManager: Shutting down and abandoning module EditorWidgets (570)
[2020.04.11-08.04.48:948][809]LogModuleManager: Shutting down and abandoning module CollectionManager (568)
[2020.04.11-08.04.48:948][809]LogDirectoryWatcher: A directory notification for 'C:/Users/scbis/Desktop/Programming/Games Projects/Battle_Tank/Battle_Tanks/Battle_Tank/Content/Collections/' was aborted.
[2020.04.11-08.04.48:948][809]LogDirectoryWatcher: A directory notification for 'C:/Users/scbis/Desktop/Programming/Games Projects/Battle_Tank/Battle_Tanks/Battle_Tank/Content/Developers/scbis/Collections/' was aborted.
[2020.04.11-08.04.48:948][809]LogDirectoryWatcher: A directory notification for 'C:/Users/scbis/Desktop/Programming/Games Projects/Battle_Tank/Battle_Tanks/Battle_Tank/Saved/Collections/' was aborted.
[2020.04.11-08.04.48:948][809]LogModuleManager: Shutting down and abandoning module SceneOutliner (566)
[2020.04.11-08.04.48:948][809]LogModuleManager: Shutting down and abandoning module HierarchicalLODUtilities (564)
[2020.04.11-08.04.48:948][809]LogModuleManager: Shutting down and abandoning module StatsViewer (562)
[2020.04.11-08.04.48:948][809]LogModuleManager: Shutting down and abandoning module FoliageEdit (560)
[2020.04.11-08.04.48:948][809]LogModuleManager: Shutting down and abandoning module LandscapeEditor (558)
[2020.04.11-08.04.48:948][809]LogModuleManager: Shutting down and abandoning module MeshPaintMode (556)
[2020.04.11-08.04.48:948][809]LogModuleManager: Shutting down and abandoning module SceneDepthPickerMode (554)
[2020.04.11-08.04.48:948][809]LogModuleManager: Shutting down and abandoning module ActorPickerMode (552)
[2020.04.11-08.04.48:948][809]LogModuleManager: Shutting down and abandoning module GeometryMode (550)
[2020.04.11-08.04.48:949][809]LogModuleManager: Shutting down and abandoning module TextureAlignMode (548)
[2020.04.11-08.04.48:949][809]LogModuleManager: Shutting down and abandoning module BspMode (546)
[2020.04.11-08.04.48:949][809]LogModuleManager: Shutting down and abandoning module PIEPreviewDeviceProfileSelector (544)
[2020.04.11-08.04.48:949][809]LogModuleManager: Shutting down and abandoning module HardwareSurvey (542)
[2020.04.11-08.04.48:949][809]LogModuleManager: Shutting down and abandoning module SequenceRecorderSections (540)
[2020.04.11-08.04.48:949][809]LogModuleManager: Shutting down and abandoning module AutomationWorker (538)
[2020.04.11-08.04.48:949][809]LogModuleManager: Shutting down and abandoning module AudioCaptureEditor (536)
[2020.04.11-08.04.48:949][809]LogModuleManager: Shutting down and abandoning module SequenceRecorder (535)
[2020.04.11-08.04.48:949][809]LogModuleManager: Shutting down and abandoning module MatineeToLevelSequence (532)
[2020.04.11-08.04.48:949][809]LogModuleManager: Shutting down and abandoning module LevelSequenceEditor (530)
[2020.04.11-08.04.48:949][809]LogModuleManager: Shutting down and abandoning module PlacementMode (529)
[2020.04.11-08.04.48:949][809]LogModuleManager: Shutting down and abandoning module MaterialEditor (528)
[2020.04.11-08.04.48:949][809]LogModuleManager: Shutting down and abandoning module WmfMediaFactory (524)
[2020.04.11-08.04.48:949][809]LogModuleManager: Shutting down and abandoning module WmfMediaEditor (522)
[2020.04.11-08.04.48:949][809]LogModuleManager: Shutting down and abandoning module MediaPlayerEditor (520)
[2020.04.11-08.04.48:949][809]LogModuleManager: Shutting down and abandoning module OpenExrWrapper (518)
[2020.04.11-08.04.48:949][809]LogModuleManager: Shutting down and abandoning module ImgMediaFactory (516)
[2020.04.11-08.04.48:949][809]LogModuleManager: Shutting down and abandoning module ImgMediaEditor (514)
[2020.04.11-08.04.48:949][809]LogModuleManager: Shutting down and abandoning module AvfMediaFactory (512)
[2020.04.11-08.04.48:949][809]LogModuleManager: Shutting down and abandoning module AvfMediaEditor (510)
[2020.04.11-08.04.48:949][809]LogModuleManager: Shutting down and abandoning module AndroidMediaFactory (508)
[2020.04.11-08.04.48:949][809]LogModuleManager: Shutting down and abandoning module AndroidMediaEditor (506)
[2020.04.11-08.04.48:949][809]LogModuleManager: Shutting down and abandoning module CharacterAI (504)
[2020.04.11-08.04.48:949][809]LogModuleManager: Shutting down and abandoning module SmartSnapping (502)
[2020.04.11-08.04.48:949][809]LogModuleManager: Shutting down and abandoning module SessionServices (500)
[2020.04.11-08.04.48:949][809]LogModuleManager: Shutting down and abandoning module ViewportSnapping (498)
[2020.04.11-08.04.48:949][809]LogModuleManager: Shutting down and abandoning module ViewportInteraction (496)
[2020.04.11-08.04.48:950][809]LogModuleManager: Shutting down and abandoning module ClothPainter (494)
[2020.04.11-08.04.48:950][809]LogModuleManager: Shutting down and abandoning module SkeletalMeshEditor (493)
[2020.04.11-08.04.48:950][809]LogModuleManager: Shutting down and abandoning module LogVisualizer (490)
[2020.04.11-08.04.48:950][809]LogModuleManager: Shutting down and abandoning module IntroTutorials (488)
[2020.04.11-08.04.48:950][809]LogModuleManager: Shutting down and abandoning module GameProjectGeneration (487)
[2020.04.11-08.04.48:950][809]LogModuleManager: Shutting down and abandoning module IOSPlatformEditor (484)
[2020.04.11-08.04.48:950][809]LogModuleManager: Shutting down and abandoning module HTML5PlatformEditor (482)
[2020.04.11-08.04.48:950][809]LogModuleManager: Shutting down and abandoning module AndroidPlatformEditor (480)
[2020.04.11-08.04.48:950][809]LogModuleManager: Shutting down and abandoning module AndroidDeviceDetection (479)
[2020.04.11-08.04.49:066][809]LogModuleManager: Shutting down and abandoning module WindowsPlatformEditor (476)
[2020.04.11-08.04.49:066][809]LogModuleManager: Shutting down and abandoning module IOSRuntimeSettings (474)
[2020.04.11-08.04.49:066][809]LogModuleManager: Shutting down and abandoning module AndroidRuntimeSettings (472)
[2020.04.11-08.04.49:066][809]LogModuleManager: Shutting down and abandoning module InputBindingEditor (470)
[2020.04.11-08.04.49:066][809]LogModuleManager: Shutting down and abandoning module MergeActors (468)
[2020.04.11-08.04.49:067][809]LogModuleManager: Shutting down and abandoning module LocalizationDashboard (466)
[2020.04.11-08.04.49:067][809]LogModuleManager: Shutting down and abandoning module LocalizationService (465)
[2020.04.11-08.04.49:067][809]LogModuleManager: Shutting down and abandoning module HardwareTargeting (462)
[2020.04.11-08.04.49:067][809]LogModuleManager: Shutting down and abandoning module DeviceProfileEditor (460)
[2020.04.11-08.04.49:067][809]LogModuleManager: Shutting down and abandoning module UndoHistory (458)
[2020.04.11-08.04.49:067][809]LogModuleManager: Shutting down and abandoning module XmlParser (456)
[2020.04.11-08.04.49:067][809]LogModuleManager: Shutting down and abandoning module Blutility (454)
[2020.04.11-08.04.49:067][809]LogModuleManager: Shutting down and abandoning module ProjectSettingsViewer (452)
[2020.04.11-08.04.49:067][809]LogModuleManager: Shutting down and abandoning module ProjectTargetPlatformEditor (451)
[2020.04.11-08.04.49:067][809]LogModuleManager: Shutting down and abandoning module EditorSettingsViewer (448)
[2020.04.11-08.04.49:067][809]LogModuleManager: Shutting down and abandoning module SettingsEditor (446)
[2020.04.11-08.04.49:067][809]LogModuleManager: Shutting down and abandoning module ProjectLauncher (444)
[2020.04.11-08.04.49:067][809]LogModuleManager: Shutting down and abandoning module SessionFrontend (442)
[2020.04.11-08.04.49:067][809]LogModuleManager: Shutting down and abandoning module ProfilerClient (440)
[2020.04.11-08.04.49:067][809]LogModuleManager: Shutting down and abandoning module DeviceManager (438)
[2020.04.11-08.04.49:067][809]LogModuleManager: Shutting down and abandoning module TargetDeviceServices (437)
[2020.04.11-08.04.49:122][809]LogModuleManager: Shutting down and abandoning module AutomationController (434)
[2020.04.11-08.04.49:122][809]LogModuleManager: Shutting down and abandoning module AutomationWindow (432)
[2020.04.11-08.04.49:122][809]LogModuleManager: Shutting down and abandoning module Layers (430)
[2020.04.11-08.04.49:122][809]LogModuleManager: Shutting down and abandoning module ComponentVisualizers (428)
[2020.04.11-08.04.49:122][809]LogModuleManager: Shutting down and abandoning module DetailCustomizations (426)
[2020.04.11-08.04.49:122][809]LogModuleManager: Shutting down and abandoning module PackagesDialog (424)
[2020.04.11-08.04.49:122][809]LogModuleManager: Shutting down and abandoning module Persona (422)
[2020.04.11-08.04.49:122][809]LogModuleManager: Shutting down and abandoning module AdvancedPreviewScene (421)
[2020.04.11-08.04.49:122][809]LogModuleManager: Shutting down and abandoning module AnimGraph (419)
[2020.04.11-08.04.49:122][809]LogModuleManager: Shutting down and abandoning module Kismet (416)
[2020.04.11-08.04.49:122][809]LogModuleManager: Shutting down and abandoning module GraphEditor (414)
[2020.04.11-08.04.49:123][809]LogModuleManager: Shutting down and abandoning module ClassViewer (412)
[2020.04.11-08.04.49:124][809]LogModuleManager: Shutting down and abandoning module Toolbox (410)
[2020.04.11-08.04.49:124][809]LogModuleManager: Shutting down and abandoning module ModuleUI (408)
[2020.04.11-08.04.49:124][809]LogModuleManager: Shutting down and abandoning module MovieSceneTools (406)
[2020.04.11-08.04.49:124][809]LogModuleManager: Shutting down and abandoning module OutputLog (404)
[2020.04.11-08.04.49:124][809]LogModuleManager: Shutting down and abandoning module GammaUI (402)
[2020.04.11-08.04.49:124][809]LogModuleManager: Shutting down and abandoning module Documentation (400)
[2020.04.11-08.04.49:124][809]LogModuleManager: Shutting down and abandoning module MovieSceneTracks (398)
[2020.04.11-08.04.49:124][809]LogModuleManager: Shutting down and abandoning module MovieScene (396)
[2020.04.11-08.04.49:124][809]LogModuleManager: Shutting down and abandoning module StreamingPauseRendering (394)
[2020.04.11-08.04.49:124][809]LogModuleManager: Shutting down and abandoning module LauncherPlatform (392)
[2020.04.11-08.04.49:124][809]LogModuleManager: Shutting down and abandoning module AnalyticsET (390)
[2020.04.11-08.04.49:124][809]LogModuleManager: Shutting down and abandoning module PortalServices (388)
[2020.04.11-08.04.49:124][809]LogModuleManager: Shutting down and abandoning module PortalRpc (386)
[2020.04.11-08.04.49:124][809]LogModuleManager: Shutting down and abandoning module MessagingRpc (384)
[2020.04.11-08.04.49:124][809]LogModuleManager: Shutting down and abandoning module AIModule (382)
[2020.04.11-08.04.49:124][809]LogModuleManager: Shutting down and abandoning module GameplayDebugger (381)
[2020.04.11-08.04.49:124][809]LogModuleManager: Shutting down and abandoning module AITestSuite (379)
[2020.04.11-08.04.49:124][809]LogModuleManager: Shutting down and abandoning module ProfilerService (376)
[2020.04.11-08.04.49:162][809]LogModuleManager: Shutting down and abandoning module TaskGraph (374)
[2020.04.11-08.04.49:162][809]LogModuleManager: Shutting down and abandoning module SteamVRController (372)
[2020.04.11-08.04.49:162][809]LogModuleManager: Shutting down and abandoning module ProceduralMeshComponentEditor (370)
[2020.04.11-08.04.49:162][809]LogModuleManager: Shutting down and abandoning module ProceduralMeshComponent (368)
[2020.04.11-08.04.49:163][809]LogModuleManager: Shutting down and abandoning module OculusInput (366)
[2020.04.11-08.04.49:163][809]LogModuleManager: Shutting down and abandoning module MobilePatchingUtils (364)
[2020.04.11-08.04.49:163][809]LogModuleManager: Shutting down and abandoning module CustomMeshComponent (362)
[2020.04.11-08.04.49:163][809]LogModuleManager: Shutting down and abandoning module CableComponent (360)
[2020.04.11-08.04.49:163][809]LogModuleManager: Shutting down and abandoning module AudioCapture (358)
[2020.04.11-08.04.49:163][809]LogModuleManager: Shutting down and abandoning module ArchVisCharacter (356)
[2020.04.11-08.04.49:163][809]LogModuleManager: Shutting down and abandoning module AndroidPermission (354)
[2020.04.11-08.04.49:163][809]LogModuleManager: Shutting down and abandoning module NUTUnrealEngine4 (350)
[2020.04.11-08.04.49:163][809]LogModuleManager: Shutting down and abandoning module NetcodeUnitTest (348)
[2020.04.11-08.04.49:163][809]LogModuleManager: Shutting down and abandoning module MediaCompositingEditor (346)
[2020.04.11-08.04.49:163][809]LogModuleManager: Shutting down and abandoning module MediaCompositing (344)
[2020.04.11-08.04.49:163][809]LogModuleManager: Shutting down and abandoning module LinearTimecode (342)
[2020.04.11-08.04.49:163][809]LogModuleManager: Shutting down and abandoning module ImgMedia (340)
[2020.04.11-08.04.49:167][809]LogModuleManager: Shutting down and abandoning module HTML5Networking (338)
[2020.04.11-08.04.49:167][809]LogModuleManager: Shutting down and abandoning module AlembicImporter (336)
[2020.04.11-08.04.49:167][809]LogModuleManager: Shutting down and abandoning module AlembicLibrary (335)
[2020.04.11-08.04.49:167][809]LogModuleManager: Shutting down and abandoning module GeometryCache (334)
[2020.04.11-08.04.49:167][809]LogModuleManager: Shutting down and abandoning module GeometryCacheEd (333)
[2020.04.11-08.04.49:167][809]LogModuleManager: Shutting down and abandoning module DatasmithContent (328)
[2020.04.11-08.04.49:167][809]LogModuleManager: Shutting down and abandoning module SpeedTreeImporter (326)
[2020.04.11-08.04.49:167][809]LogModuleManager: Shutting down and abandoning module PluginBrowser (324)
[2020.04.11-08.04.49:167][809]LogModuleManager: Shutting down and abandoning module MobileLauncherProfileWizard (322)
[2020.04.11-08.04.49:167][809]LogModuleManager: Shutting down and abandoning module CryptoKeysOpenSSL (320)
[2020.04.11-08.04.49:167][809]LogModuleManager: Shutting down and abandoning module CryptoKeys (318)
[2020.04.11-08.04.49:167][809]LogModuleManager: Shutting down and abandoning module VisualStudioSourceCodeAccess (316)
[2020.04.11-08.04.49:167][809]LogModuleManager: Shutting down and abandoning module VisualStudioCodeSourceCodeAccess (314)
[2020.04.11-08.04.49:167][809]LogModuleManager: Shutting down and abandoning module UObjectPlugin (312)
[2020.04.11-08.04.49:167][809]LogModuleManager: Shutting down and abandoning module SubversionSourceControl (310)
[2020.04.11-08.04.49:167][809]LogModuleManager: Shutting down and abandoning module PerforceSourceControl (308)
[2020.04.11-08.04.49:167][809]LogModuleManager: Shutting down and abandoning module GitSourceControl (306)
[2020.04.11-08.04.49:167][809]LogModuleManager: Shutting down and abandoning module SourceControl (305)
[2020.04.11-08.04.49:167][809]LogModuleManager: Shutting down and abandoning module CLionSourceCodeAccess (302)
[2020.04.11-08.04.49:167][809]LogModuleManager: Shutting down and abandoning module LightPropagationVolumeEditor (300)
[2020.04.11-08.04.49:168][809]LogModuleManager: Shutting down and abandoning module PaperTiledImporter (298)
[2020.04.11-08.04.49:168][809]LogModuleManager: Shutting down and abandoning module PaperSpriteSheetImporter (296)
[2020.04.11-08.04.49:168][809]LogModuleManager: Shutting down and abandoning module Paper2DEditor (294)
[2020.04.11-08.04.49:168][809]LogModuleManager: Shutting down and abandoning module MeshPaint (293)
[2020.04.11-08.04.49:168][809]LogModuleManager: Shutting down and abandoning module Battle_Tank (290)
[2020.04.11-08.04.49:168][809]LogModuleManager: Shutting down and abandoning module RuntimePhysXCooking (288)
[2020.04.11-08.04.49:168][809]LogModuleManager: Shutting down and abandoning module PhysXVehiclesEditor (286)
[2020.04.11-08.04.49:168][809]LogModuleManager: Shutting down and abandoning module PhysXVehicles (284)
[2020.04.11-08.04.49:168][809]LogModuleManager: Shutting down and abandoning module OculusEditor (282)
[2020.04.11-08.04.49:168][809]LogModuleManager: Shutting down and abandoning module LocationServicesBPLibrary (280)
[2020.04.11-08.04.49:168][809]LogModuleManager: Shutting down and abandoning module ImmediatePhysicsEditor (278)
[2020.04.11-08.04.49:168][809]LogModuleManager: Shutting down and abandoning module ImmediatePhysics (276)
[2020.04.11-08.04.49:168][809]LogModuleManager: Shutting down and abandoning module ActorSequence (274)
[2020.04.11-08.04.49:168][809]LogModuleManager: Shutting down and abandoning module UdpMessaging (272)
[2020.04.11-08.04.49:269][809]LogModuleManager: Shutting down and abandoning module TcpMessaging (270)
[2020.04.11-08.04.49:498][809]LogModuleManager: Shutting down and abandoning module GameplayTagsEditor (268)
[2020.04.11-08.04.49:498][809]LogModuleManager: Shutting down and abandoning module FacialAnimationEditor (266)
[2020.04.11-08.04.49:498][809]LogModuleManager: Shutting down and abandoning module FacialAnimation (264)
[2020.04.11-08.04.49:498][809]LogModuleManager: Shutting down and abandoning module DataValidation (262)
[2020.04.11-08.04.49:499][809]LogModuleManager: Shutting down and abandoning module AssetManagerEditor (260)
[2020.04.11-08.04.49:499][809]LogModuleManager: Shutting down and abandoning module LevelEditor (259)
[2020.04.11-08.04.49:499][809]LogModuleManager: Shutting down and abandoning module PixelInspectorModule (258)
[2020.04.11-08.04.49:499][809]LogModuleManager: Shutting down and abandoning module CommonMenuExtensions (256)
[2020.04.11-08.04.49:500][809]LogModuleManager: Shutting down and abandoning module MainFrame (254)
[2020.04.11-08.04.49:500][809]LogModuleManager: Shutting down and abandoning module HotReload (253)
[2020.04.11-08.04.49:500][809]LogDirectoryWatcher: A directory notification for 'C:/Users/scbis/Desktop/Programming/Games Projects/Battle_Tank/Battle_Tanks/Battle_Tank/Binaries/Win64' was aborted.
[2020.04.11-08.04.49:500][809]LogModuleManager: Shutting down and abandoning module ContentBrowser (249)
[2020.04.11-08.04.49:502][809]LogModuleManager: Shutting down and abandoning module TreeMap (247)
[2020.04.11-08.04.49:502][809]LogModuleManager: Shutting down and abandoning module LightPropagationVolumeRuntime (244)
[2020.04.11-08.04.49:502][809]LogModuleManager: Shutting down and abandoning module LiveLinkEditor (242)
[2020.04.11-08.04.49:502][809]LogModuleManager: Shutting down and abandoning module LiveLink (240)
[2020.04.11-08.04.50:111][809]LogModuleManager: Shutting down and abandoning module Paper2D (238)
[2020.04.11-08.04.50:111][809]LogModuleManager: Shutting down and abandoning module WindowsMoviePlayer (236)
[2020.04.11-08.04.50:111][809]LogModuleManager: Shutting down and abandoning module WmfMedia (234)
[2020.04.11-08.04.50:113][809]LogModuleManager: Shutting down and abandoning module Media (233)
[2020.04.11-08.04.50:120][809]LogModuleManager: Shutting down and abandoning module PacketHandler (230)
[2020.04.11-08.04.50:120][809]LogModuleManager: Shutting down and abandoning module ClothingSystemEditor (228)
[2020.04.11-08.04.50:120][809]LogModuleManager: Shutting down and abandoning module ClothingSystemRuntime (226)
[2020.04.11-08.04.50:120][809]LogModuleManager: Shutting down and abandoning module MediaAssets (224)
[2020.04.11-08.04.50:120][809]LogModuleManager: Shutting down and abandoning module Overlay (222)
[2020.04.11-08.04.50:120][809]LogModuleManager: Shutting down and abandoning module OverlayEditor (221)
[2020.04.11-08.04.50:120][809]LogModuleManager: Shutting down and abandoning module VREditor (218)
[2020.04.11-08.04.50:120][809]LogModuleManager: Shutting down and abandoning module StringTableEditor (216)
[2020.04.11-08.04.50:120][809]LogModuleManager: Shutting down and abandoning module GameplayTasksEditor (214)
[2020.04.11-08.04.50:120][809]LogModuleManager: Shutting down and abandoning module BehaviorTreeEditor (212)
[2020.04.11-08.04.50:120][809]LogModuleManager: Shutting down and abandoning module FunctionalTesting (210)
[2020.04.11-08.04.50:120][809]LogModuleManager: Shutting down and abandoning module CollisionAnalyzer (208)
[2020.04.11-08.04.50:120][809]LogModuleManager: Shutting down and abandoning module WorkspaceMenuStructure (207)
[2020.04.11-08.04.50:120][809]LogModuleManager: Shutting down and abandoning module UMG (204)
[2020.04.11-08.04.50:120][809]LogModuleManager: Shutting down and abandoning module UMGEditor (203)
[2020.04.11-08.04.50:121][809]LogModuleManager: Shutting down and abandoning module Sequencer (202)
[2020.04.11-08.04.50:121][809]LogModuleManager: Shutting down and abandoning module MessageLog (199)
[2020.04.11-08.04.50:121][809]LogModuleManager: Shutting down and abandoning module SlateReflector (194)
[2020.04.11-08.04.50:122][809]LogModuleManager: Shutting down and abandoning module Slate (192)
[2020.04.11-08.04.50:122][809]LogModuleManager: Shutting down and abandoning module EditorStyle (190)
[2020.04.11-08.04.50:124][809]LogModuleManager: Shutting down and abandoning module MRMesh (188)
[2020.04.11-08.04.50:124][809]LogModuleManager: Shutting down and abandoning module SourceCodeAccess (186)
[2020.04.11-08.04.50:124][809]LogModuleManager: Shutting down and abandoning module HeadMountedDisplay (184)
[2020.04.11-08.04.50:124][809]LogModuleManager: Shutting down and abandoning module XAudio2 (182)
[2020.04.11-08.04.50:124][809]LogModuleManager: Shutting down and abandoning module Networking (180)
[2020.04.11-08.04.50:124][809]LogModuleManager: Shutting down and abandoning module Core (178)
[2020.04.11-08.04.50:124][809]LogModuleManager: Shutting down and abandoning module LevelSequence (176)
[2020.04.11-08.04.50:124][809]LogModuleManager: Shutting down and abandoning module KismetCompiler (174)
[2020.04.11-08.04.50:124][809]LogModuleManager: Shutting down and abandoning module MeshUtilities (172)
[2020.04.11-08.04.50:125][809]LogModuleManager: Shutting down and abandoning module MeshMergeUtilities (171)
[2020.04.11-08.04.50:125][809]LogModuleManager: Shutting down and abandoning module MeshReductionInterface (170)
[2020.04.11-08.04.50:125][809]LogModuleManager: Shutting down and abandoning module SimplygonSwarm (169)
[2020.04.11-08.04.50:125][809]LogModuleManager: Shutting down and abandoning module SimplygonMeshReduction (167)
[2020.04.11-08.04.50:125][809]LogModuleManager: Shutting down and abandoning module QuadricMeshReduction (165)
[2020.04.11-08.04.50:125][809]LogModuleManager: Shutting down and abandoning module MaterialBaking (161)
[2020.04.11-08.04.50:125][809]LogModuleManager: Shutting down and abandoning module DirectoryWatcher (157)
[2020.04.11-08.04.50:126][809]LogModuleManager: Shutting down and abandoning module DerivedDataCache (154)
[2020.04.11-08.04.50:183][809]LogDerivedDataCache: Shutdown
[2020.04.11-08.04.50:184][809]LogModuleManager: Shutting down and abandoning module XGEController (152)
[2020.04.11-08.04.50:184][809]LogModuleManager: Shutting down and abandoning module TargetPlatform (150)
[2020.04.11-08.04.50:184][809]LogModuleManager: Shutting down and abandoning module VulkanShaderFormat (149)
[2020.04.11-08.04.50:184][809]LogModuleManager: Shutting down and abandoning module ShaderFormatVectorVM (147)
[2020.04.11-08.04.50:184][809]LogModuleManager: Shutting down and abandoning module ShaderFormatOpenGL (145)
[2020.04.11-08.04.50:184][809]LogModuleManager: Shutting down and abandoning module ShaderFormatD3D (143)
[2020.04.11-08.04.50:184][809]LogModuleManager: Shutting down and abandoning module MetalShaderFormat (141)
[2020.04.11-08.04.50:184][809]LogModuleManager: Shutting down and abandoning module TextureFormatUncompressed (139)
[2020.04.11-08.04.50:184][809]LogModuleManager: Shutting down and abandoning module TextureFormatPVR (137)
[2020.04.11-08.04.50:184][809]LogModuleManager: Shutting down and abandoning module TextureFormatDXT (135)
[2020.04.11-08.04.50:184][809]LogModuleManager: Shutting down and abandoning module TextureFormatIntelISPCTexComp (133)
[2020.04.11-08.04.50:184][809]LogModuleManager: Shutting down and abandoning module TextureFormatASTC (131)
[2020.04.11-08.04.50:184][809]LogModuleManager: Shutting down and abandoning module ImageWrapper (130)
[2020.04.11-08.04.50:184][809]LogModuleManager: Shutting down and abandoning module TextureFormatAndroid (127)
[2020.04.11-08.04.50:184][809]LogModuleManager: Shutting down and abandoning module AudioFormatOpus (125)
[2020.04.11-08.04.50:184][809]LogModuleManager: Shutting down and abandoning module AudioFormatOgg (123)
[2020.04.11-08.04.50:184][809]LogModuleManager: Shutting down and abandoning module AudioFormatADPCM (121)
[2020.04.11-08.04.50:184][809]LogModuleManager: Shutting down and abandoning module LinuxTargetPlatform (119)
[2020.04.11-08.04.50:185][809]LogModuleManager: Shutting down and abandoning module LinuxServerTargetPlatform (117)
[2020.04.11-08.04.50:185][809]LogModuleManager: Shutting down and abandoning module LinuxNoEditorTargetPlatform (115)
[2020.04.11-08.04.50:185][809]LogModuleManager: Shutting down and abandoning module LinuxClientTargetPlatform (113)
[2020.04.11-08.04.50:185][809]LogModuleManager: Shutting down and abandoning module TVOSTargetPlatform (111)
[2020.04.11-08.04.50:185][809]LogModuleManager: Shutting down and abandoning module Messaging (109)
[2020.04.11-08.04.50:186][809]LogModuleManager: Shutting down and abandoning module IOSTargetPlatform (107)
[2020.04.11-08.04.50:186][809]LogModuleManager: Shutting down and abandoning module HTML5TargetPlatform (105)
[2020.04.11-08.04.50:186][809]LogModuleManager: Shutting down and abandoning module AndroidTargetPlatform (103)
[2020.04.11-08.04.50:186][809]LogModuleManager: Shutting down and abandoning module Android_PVRTCTargetPlatform (101)
[2020.04.11-08.04.50:186][809]LogModuleManager: Shutting down and abandoning module Android_MultiTargetPlatform (99)
[2020.04.11-08.04.50:186][809]LogModuleManager: Shutting down and abandoning module Android_ETC2TargetPlatform (97)
[2020.04.11-08.04.50:186][809]LogModuleManager: Shutting down and abandoning module Android_ETC1TargetPlatform (95)
[2020.04.11-08.04.50:186][809]LogModuleManager: Shutting down and abandoning module Android_ETC1aTargetPlatform (93)
[2020.04.11-08.04.50:186][809]LogModuleManager: Shutting down and abandoning module Android_DXTTargetPlatform (91)
[2020.04.11-08.04.50:186][809]LogModuleManager: Shutting down and abandoning module Android_ATCTargetPlatform (89)
[2020.04.11-08.04.50:186][809]LogModuleManager: Shutting down and abandoning module Android_ASTCTargetPlatform (87)
[2020.04.11-08.04.50:186][809]LogModuleManager: Shutting down and abandoning module WindowsTargetPlatform (85)
[2020.04.11-08.04.50:186][809]LogModuleManager: Shutting down and abandoning module WindowsServerTargetPlatform (83)
[2020.04.11-08.04.50:186][809]LogModuleManager: Shutting down and abandoning module WindowsNoEditorTargetPlatform (81)
[2020.04.11-08.04.50:186][809]LogModuleManager: Shutting down and abandoning module WindowsClientTargetPlatform (79)
[2020.04.11-08.04.50:186][809]LogModuleManager: Shutting down and abandoning module MacTargetPlatform (77)
[2020.04.11-08.04.50:186][809]LogModuleManager: Shutting down and abandoning module MacServerTargetPlatform (75)
[2020.04.11-08.04.50:186][809]LogModuleManager: Shutting down and abandoning module MacNoEditorTargetPlatform (73)
[2020.04.11-08.04.50:186][809]LogModuleManager: Shutting down and abandoning module MacClientTargetPlatform (71)
[2020.04.11-08.04.50:186][809]LogModuleManager: Shutting down and abandoning module AllDesktopTargetPlatform (69)
[2020.04.11-08.04.50:187][809]LogModuleManager: Shutting down and abandoning module InputCore (66)
[2020.04.11-08.04.50:187][809]LogModuleManager: Shutting down and abandoning module Settings (64)
[2020.04.11-08.04.50:187][809]LogModuleManager: Shutting down and abandoning module PhysXCooking (62)
[2020.04.11-08.04.50:187][809]LogModuleManager: Shutting down and abandoning module SteamVR (60)
[2020.04.11-08.04.50:187][809]LogModuleManager: Shutting down and abandoning module OculusHMD (58)
[2020.04.11-08.04.50:187][809]LogModuleManager: Shutting down and abandoning module ExampleDeviceProfileSelector (56)
[2020.04.11-08.04.50:187][809]LogModuleManager: Shutting down and abandoning module AppleARKit (54)
[2020.04.11-08.04.50:187][809]LogModuleManager: Shutting down and abandoning module AugmentedReality (51)
[2020.04.11-08.04.50:187][809]LogModuleManager: Shutting down and abandoning module OnlineBlueprintSupport (48)
[2020.04.11-08.04.50:187][809]LogModuleManager: Shutting down and abandoning module OnlineSubsystem (44)
[2020.04.11-08.04.50:187][809]LogModuleManager: Shutting down and abandoning module XMPP (43)
[2020.04.11-08.04.50:187][809]LogModuleManager: Shutting down and abandoning module HTTP (41)
[2020.04.11-08.04.50:187][809]LogHttp: Display: Http module shutting down, but needs to wait on 1 outstanding Http requests:
[2020.04.11-08.04.50:187][809]LogHttp: Display: 	verb=[POST] url=[https://datarouter.ol.epicgames.com/datarouter/api/v1/public/data?SessionID=%7B65E65846-436C-895D-EF40-A79EBE6EC77F%7D&AppID=UEEditor.Rocket.Release&AppVersion=4.19.2-4033788%2B%2B%2BUE4%2BRelease-4.19&UserID=10c87230465842f4cafb2195b2e22aff%7C035ddfc3946943df8309a885185fea0a%7C19295126-88d1-4bac-9a97-6b4b097aa61c&AppEnvironment=datacollector-binary&UploadType=eteventstream] status=Processing
[2020.04.11-08.04.50:207][809]LogModuleManager: Shutting down and abandoning module SSL (40)
[2020.04.11-08.04.50:208][809]LogModuleManager: Shutting down and abandoning module AnimationModifiers (36)
[2020.04.11-08.04.50:208][809]LogModuleManager: Shutting down and abandoning module PropertyEditor (35)
[2020.04.11-08.04.50:208][809]LogModuleManager: Shutting down and abandoning module AudioEditor (32)
[2020.04.11-08.04.50:208][809]LogModuleManager: Shutting down and abandoning module TextureCompressor (30)
[2020.04.11-08.04.50:208][809]LogModuleManager: Shutting down and abandoning module ShaderCore (28)
[2020.04.11-08.04.50:209][809]LogModuleManager: Shutting down and abandoning module Landscape (26)
[2020.04.11-08.04.50:209][809]LogModuleManager: Shutting down and abandoning module SlateRHIRenderer (24)
[2020.04.11-08.04.50:210][809]LogModuleManager: Shutting down and abandoning module OpenGLDrv (22)
[2020.04.11-08.04.50:210][809]LogModuleManager: Shutting down and abandoning module D3D11RHI (20)
[2020.04.11-08.04.50:210][809]LogModuleManager: Shutting down and abandoning module AnimGraphRuntime (18)
[2020.04.11-08.04.50:210][809]LogModuleManager: Shutting down and abandoning module Renderer (16)
[2020.04.11-08.04.50:210][809]LogModuleManager: Shutting down and abandoning module Engine (14)
[2020.04.11-08.04.50:210][809]LogModuleManager: Shutting down and abandoning module CoreUObject (12)
[2020.04.11-08.04.50:210][809]LogModuleManager: Shutting down and abandoning module NetworkFile (10)
[2020.04.11-08.04.50:210][809]LogModuleManager: Shutting down and abandoning module CookedIterativeFile (8)
[2020.04.11-08.04.50:210][809]LogModuleManager: Shutting down and abandoning module StreamingFile (6)
[2020.04.11-08.04.50:210][809]LogModuleManager: Shutting down and abandoning module SandboxFile (4)
[2020.04.11-08.04.50:210][809]LogModuleManager: Shutting down and abandoning module PakFile (2)
[2020.04.11-08.04.50:219][809]LogExit: Exiting.
[2020.04.11-08.04.50:240][809]Log file closed, 04/11/20 09:04:50
