Log file open, 04/14/20 12:41:07
LogWindows: Failed to load 'aqProf.dll' (GetLastError=126)
LogWindows: File 'aqProf.dll' does not exist
LogWindows: Failed to load 'VtuneApi.dll' (GetLastError=126)
LogWindows: File 'VtuneApi.dll' does not exist
LogWindows: Failed to load 'VtuneApi32e.dll' (GetLastError=126)
LogWindows: File 'VtuneApi32e.dll' does not exist
LogConsoleResponse: Display: Failed to find resolution value strings in scalability ini. Falling back to default.
LogInit: Display: Running engine for game: Battle_Tank
LogPlatformFile: Not using cached read wrapper
LogTaskGraph: Started task graph with 5 named threads and 23 total threads with 3 sets of task threads.
LogStats: Stats thread started at 0.089837
LogD3D11RHI: Loaded GFSDK_Aftermath_Lib.x64.dll
LogICUInternationalization: ICU TimeZone Detection - Raw Offset: +0:00, Platform Override: ''
LogPluginManager: Mounting plugin Paper2D
LogPluginManager: Mounting plugin AISupport
LogPluginManager: Mounting plugin LightPropagationVolume
LogPluginManager: Mounting plugin ActorLayerUtilities
LogPluginManager: Mounting plugin AnimationSharing
LogPluginManager: Mounting plugin CLionSourceCodeAccess
LogPluginManager: Mounting plugin CodeLiteSourceCodeAccess
LogPluginManager: Mounting plugin GitSourceControl
LogPluginManager: Mounting plugin KDevelopSourceCodeAccess
LogPluginManager: Mounting plugin NullSourceCodeAccess
LogPluginManager: Mounting plugin PerforceSourceControl
LogPluginManager: Mounting plugin PlasticSourceControl
LogPluginManager: Mounting plugin SubversionSourceControl
LogPluginManager: Mounting plugin UObjectPlugin
LogPluginManager: Mounting plugin VisualStudioCodeSourceCodeAccess
LogPluginManager: Mounting plugin VisualStudioSourceCodeAccess
LogPluginManager: Mounting plugin XCodeSourceCodeAccess
LogPluginManager: Mounting plugin AssetManagerEditor
LogPluginManager: Mounting plugin CryptoKeys
LogPluginManager: Mounting plugin CurveEditorTools
LogPluginManager: Mounting plugin DataValidation
LogPluginManager: Mounting plugin FacialAnimation
LogPluginManager: Mounting plugin GameplayTagsEditor
LogPluginManager: Mounting plugin MacGraphicsSwitching
LogPluginManager: Mounting plugin MaterialAnalyzer
LogPluginManager: Mounting plugin MobileLauncherProfileWizard
LogPluginManager: Mounting plugin PluginBrowser
LogPluginManager: Mounting plugin SpeedTreeImporter
LogPluginManager: Mounting plugin DatasmithContent
LogPluginManager: Mounting plugin VariantManagerContent
LogPluginManager: Mounting plugin AlembicImporter
LogPluginManager: Mounting plugin AutomationUtils
LogPluginManager: Mounting plugin BackChannel
LogPluginManager: Mounting plugin CharacterAI
LogPluginManager: Mounting plugin GeometryCache
LogPluginManager: Mounting plugin PlatformCrypto
LogPluginManager: Mounting plugin ProxyLODPlugin
LogPluginManager: Mounting plugin SkeletalReduction
LogPluginManager: Mounting plugin MagicLeap
LogPluginManager: Mounting plugin MagicLeapMedia
LogPluginManager: Mounting plugin MLSDK
LogPluginManager: Mounting plugin AndroidMedia
LogPluginManager: Mounting plugin AvfMedia
LogPluginManager: Mounting plugin ImgMedia
LogPluginManager: Mounting plugin MediaCompositing
LogPluginManager: Mounting plugin MediaPlayerEditor
LogPluginManager: Mounting plugin WebMMedia
LogPluginManager: Mounting plugin WmfMedia
LogPluginManager: Mounting plugin TcpMessaging
LogPluginManager: Mounting plugin UdpMessaging
LogPluginManager: Mounting plugin ActorSequence
LogPluginManager: Mounting plugin LevelSequenceEditor
LogPluginManager: Mounting plugin MatineeToLevelSequence
LogPluginManager: Mounting plugin NetcodeUnitTest
LogPluginManager: Mounting plugin NUTUnrealEngine4
LogPluginManager: Mounting plugin OnlineSubsystemGooglePlay
LogPluginManager: Mounting plugin OnlineSubsystemIOS
LogPluginManager: Mounting plugin OnlineSubsystem
LogPluginManager: Mounting plugin OnlineSubsystemNull
LogPluginManager: Mounting plugin OnlineSubsystemUtils
LogPluginManager: Mounting plugin LauncherChunkInstaller
LogPluginManager: Mounting plugin AndroidDeviceProfileSelector
LogPluginManager: Mounting plugin AndroidMoviePlayer
LogPluginManager: Mounting plugin AndroidPermission
LogPluginManager: Mounting plugin AppleImageUtils
LogPluginManager: Mounting plugin AppleMoviePlayer
LogPluginManager: Mounting plugin ArchVisCharacter
LogPluginManager: Mounting plugin AssetTags
LogPluginManager: Mounting plugin AudioCapture
LogPluginManager: Mounting plugin CableComponent
LogPluginManager: Mounting plugin CustomMeshComponent
LogPluginManager: Mounting plugin EditableMesh
LogPluginManager: Mounting plugin ExampleDeviceProfileSelector
LogPluginManager: Mounting plugin GoogleCloudMessaging
LogPluginManager: Mounting plugin IOSDeviceProfileSelector
LogPluginManager: Mounting plugin LinuxDeviceProfileSelector
LogPluginManager: Mounting plugin LocationServicesBPLibrary
LogPluginManager: Mounting plugin MobilePatchingUtils
LogPluginManager: Mounting plugin OculusVR
LogPluginManager: Mounting plugin PhysXVehicles
LogPluginManager: Mounting plugin PostSplashScreen
LogPluginManager: Mounting plugin ProceduralMeshComponent
LogPluginManager: Mounting plugin RuntimePhysXCooking
LogPluginManager: Mounting plugin SignificanceManager
LogPluginManager: Mounting plugin SteamVR
LogPluginManager: Mounting plugin WebMMoviePlayer
LogPluginManager: Mounting plugin WindowsMoviePlayer
LogPluginManager: Mounting plugin ScreenshotTools
LogInit: Using libcurl 7.55.1-DEV
LogInit:  - built for x86_64-pc-win32
LogInit:  - supports SSL with OpenSSL/1.1.1
LogInit:  - supports HTTP deflate (compression) using libz 1.2.8
LogInit:  - other features:
LogInit:      CURL_VERSION_SSL
LogInit:      CURL_VERSION_LIBZ
LogInit:      CURL_VERSION_IPV6
LogInit:      CURL_VERSION_ASYNCHDNS
LogInit:      CURL_VERSION_LARGEFILE
LogInit:      CURL_VERSION_IDN
LogInit:  CurlRequestOptions (configurable via config and command line):
LogInit:  - bVerifyPeer = true  - Libcurl will verify peer certificate
LogInit:  - bUseHttpProxy = false  - Libcurl will NOT use HTTP proxy
LogInit:  - bDontReuseConnections = false  - Libcurl will reuse connections
LogInit:  - MaxHostConnections = 16  - Libcurl will limit the number of connections to a host
LogInit:  - LocalHostAddr = Default
LogInit:  - BufferSize = 65536
LogOnline: OSS: Creating online subsystem instance for: NULL
LogInit: WinSock: version 1.1 (2.2), MaxSocks=32767, MaxUdp=65467
LogOnline: OSS: TryLoadSubsystemAndSetDefault: Loaded subsystem for module [NULL]
LogInit: Build: ++UE4+Release-4.24-CL-11590370
LogInit: Engine Version: 4.24.3-11590370+++UE4+Release-4.24
LogInit: Compatible Engine Version: 4.24.0-10570792+++UE4+Release-4.24
LogInit: Net CL: 10570792
LogInit: OS: Windows 10 (Release 1909) (), CPU: AMD Ryzen 5 1500X Quad-Core Processor          , GPU: NVIDIA GeForce GTX 1060 6GB
LogInit: Compiled (64-bit): Feb 24 2020 15:39:18
LogInit: Compiled with Visual C++: 19.16.27032.01
LogInit: Build Configuration: Development
LogInit: Branch Name: ++UE4+Release-4.24
LogInit: Command Line:  -EpicPortal -epicusername=SCB360 -epicuserid=035ddfc3946943df8309a885185fea0a -epiclocale=en
LogInit: Base Directory: F:/UE_4.24/Engine/Binaries/Win64/
LogInit: Installed Engine Build: 1
LogDevObjectVersion: Number of dev versions registered: 25
LogDevObjectVersion:   Dev-Blueprints (B0D832E4-1F89-4F0D-ACCF-7EB736FD4AA2): 10
LogDevObjectVersion:   Dev-Build (E1C64328-A22C-4D53-A36C-8E866417BD8C): 0
LogDevObjectVersion:   Dev-Core (375EC13C-06E4-48FB-B500-84F0262A717E): 3
LogDevObjectVersion:   Dev-Editor (E4B068ED-F494-42E9-A231-DA0B2E46BB41): 37
LogDevObjectVersion:   Dev-Framework (CFFC743F-43B0-4480-9391-14DF171D2073): 36
LogDevObjectVersion:   Dev-Mobile (B02B49B5-BB20-44E9-A304-32B752E40360): 2
LogDevObjectVersion:   Dev-Networking (A4E4105C-59A1-49B5-A7C5-40C4547EDFEE): 0
LogDevObjectVersion:   Dev-Online (39C831C9-5AE6-47DC-9A44-9C173E1C8E7C): 0
LogDevObjectVersion:   Dev-Physics (78F01B33-EBEA-4F98-B9B4-84EACCB95AA2): 2
LogDevObjectVersion:   Dev-Platform (6631380F-2D4D-43E0-8009-CF276956A95A): 0
LogDevObjectVersion:   Dev-Rendering (12F88B9F-8875-4AFC-A67C-D90C383ABD29): 36
LogDevObjectVersion:   Dev-Sequencer (7B5AE74C-D270-4C10-A958-57980B212A5A): 11
LogDevObjectVersion:   Dev-VR (D7296918-1DD6-4BDD-9DE2-64A83CC13884): 2
LogDevObjectVersion:   Dev-LoadTimes (C2A15278-BFE7-4AFE-6C17-90FF531DF755): 1
LogDevObjectVersion:   Private-Geometry (6EACA3D4-40EC-4CC1-B786-8BED09428FC5): 3
LogDevObjectVersion:   Dev-AnimPhys (29E575DD-E0A3-4627-9D10-D276232CDCEA): 17
LogDevObjectVersion:   Dev-Anim (AF43A65D-7FD3-4947-9873-3E8ED9C1BB05): 2
LogDevObjectVersion:   Dev-ReflectionCapture (6B266CEC-1EC7-4B8F-A30B-E4D90942FC07): 1
LogDevObjectVersion:   Dev-Automation (0DF73D61-A23F-47EA-B727-89E90C41499A): 1
LogDevObjectVersion:   FortniteMain (601D1886-AC64-4F84-AA16-D3DE0DEAC7D6): 31
LogDevObjectVersion:   Dev-Enterprise (9DFFBCD6-494F-0158-E221-12823C92A888): 8
LogDevObjectVersion:   Dev-Niagara (F2AED0AC-9AFE-416F-8664-AA7FFA26D6FC): 1
LogDevObjectVersion:   Dev-Destruction (174F1F0B-B4C6-45A5-B13F-2EE8D0FB917D): 9
LogDevObjectVersion:   Dev-Physics-Ext (35F94A83-E258-406C-A318-09F59610247C): 8
LogDevObjectVersion:   Dev-CineCamera (B2E18506-4273-CFC2-A54E-F4BB758BBA07): 1
LogInit: Presizing for max 25165824 objects, including 0 objects not considered by GC, pre-allocating 0 bytes for permanent pool.
LogInit: Object subsystem initialized
LogConfig: Setting CVar [[con.DebugEarlyDefault:1]]
LogConfig: Setting CVar [[r.setres:1280x720]]
[2020.04.14-11.41.08:291][  0]LogConfig: Setting CVar [[r.VSync:0]]
[2020.04.14-11.41.08:291][  0]LogConfig: Setting CVar [[r.RHICmdBypass:0]]
[2020.04.14-11.41.08:291][  0]LogConfig: Applying CVar settings from Section [/Script/Engine.RendererSettings] File [C:/Users/scbis/Desktop/Programming/Games Projects/Battle_Tank/Battle_Tanks/Battle_Tank/Saved/Config/Windows/Engine.ini]
[2020.04.14-11.41.08:291][  0]LogConfig: Setting CVar [[r.GPUCrashDebugging:0]]
[2020.04.14-11.41.08:291][  0]LogConfig: Applying CVar settings from Section [/Script/Engine.RendererOverrideSettings] File [C:/Users/scbis/Desktop/Programming/Games Projects/Battle_Tank/Battle_Tanks/Battle_Tank/Saved/Config/Windows/Engine.ini]
[2020.04.14-11.41.08:291][  0]LogConfig: Applying CVar settings from Section [/Script/Engine.StreamingSettings] File [C:/Users/scbis/Desktop/Programming/Games Projects/Battle_Tank/Battle_Tanks/Battle_Tank/Saved/Config/Windows/Engine.ini]
[2020.04.14-11.41.08:292][  0]LogConfig: Setting CVar [[s.MinBulkDataSizeForAsyncLoading:131072]]
[2020.04.14-11.41.08:292][  0]LogConfig: Setting CVar [[s.AsyncLoadingThreadEnabled:0]]
[2020.04.14-11.41.08:292][  0]LogConfig: Setting CVar [[s.EventDrivenLoaderEnabled:1]]
[2020.04.14-11.41.08:292][  0]LogConfig: Setting CVar [[s.WarnIfTimeLimitExceeded:0]]
[2020.04.14-11.41.08:292][  0]LogConfig: Setting CVar [[s.TimeLimitExceededMultiplier:1.5]]
[2020.04.14-11.41.08:292][  0]LogConfig: Setting CVar [[s.TimeLimitExceededMinTime:0.005]]
[2020.04.14-11.41.08:292][  0]LogConfig: Setting CVar [[s.UseBackgroundLevelStreaming:1]]
[2020.04.14-11.41.08:292][  0]LogConfig: Setting CVar [[s.PriorityAsyncLoadingExtraTime:15.0]]
[2020.04.14-11.41.08:292][  0]LogConfig: Setting CVar [[s.LevelStreamingActorsUpdateTimeLimit:5.0]]
[2020.04.14-11.41.08:292][  0]LogConfig: Setting CVar [[s.PriorityLevelStreamingActorsUpdateExtraTime:5.0]]
[2020.04.14-11.41.08:292][  0]LogConfig: Setting CVar [[s.LevelStreamingComponentsRegistrationGranularity:10]]
[2020.04.14-11.41.08:292][  0]LogConfig: Setting CVar [[s.UnregisterComponentsTimeLimit:1.0]]
[2020.04.14-11.41.08:292][  0]LogConfig: Setting CVar [[s.LevelStreamingComponentsUnregistrationGranularity:5]]
[2020.04.14-11.41.08:292][  0]LogConfig: Setting CVar [[s.FlushStreamingOnExit:1]]
[2020.04.14-11.41.08:292][  0]LogConfig: Applying CVar settings from Section [/Script/Engine.GarbageCollectionSettings] File [C:/Users/scbis/Desktop/Programming/Games Projects/Battle_Tank/Battle_Tanks/Battle_Tank/Saved/Config/Windows/Engine.ini]
[2020.04.14-11.41.08:292][  0]LogConfig: Setting CVar [[gc.MaxObjectsNotConsideredByGC:1]]
[2020.04.14-11.41.08:292][  0]LogConfig: Setting CVar [[gc.SizeOfPermanentObjectPool:0]]
[2020.04.14-11.41.08:292][  0]LogConfig: Setting CVar [[gc.FlushStreamingOnGC:0]]
[2020.04.14-11.41.08:292][  0]LogConfig: Setting CVar [[gc.NumRetriesBeforeForcingGC:10]]
[2020.04.14-11.41.08:292][  0]LogConfig: Setting CVar [[gc.AllowParallelGC:1]]
[2020.04.14-11.41.08:292][  0]LogConfig: Setting CVar [[gc.TimeBetweenPurgingPendingKillObjects:61.1]]
[2020.04.14-11.41.08:292][  0]LogConfig: Setting CVar [[gc.MaxObjectsInEditor:25165824]]
[2020.04.14-11.41.08:292][  0]LogConfig: Setting CVar [[gc.IncrementalBeginDestroyEnabled:1]]
[2020.04.14-11.41.08:292][  0]LogConfig: Setting CVar [[gc.CreateGCClusters:1]]
[2020.04.14-11.41.08:292][  0]LogConfig: Setting CVar [[gc.MinGCClusterSize:5]]
[2020.04.14-11.41.08:292][  0]LogConfig: Setting CVar [[gc.ActorClusteringEnabled:0]]
[2020.04.14-11.41.08:292][  0]LogConfig: Setting CVar [[gc.BlueprintClusteringEnabled:0]]
[2020.04.14-11.41.08:292][  0]LogConfig: Setting CVar [[gc.UseDisregardForGCOnDedicatedServers:0]]
[2020.04.14-11.41.08:292][  0]LogConfig: Applying CVar settings from Section [/Script/Engine.NetworkSettings] File [C:/Users/scbis/Desktop/Programming/Games Projects/Battle_Tank/Battle_Tanks/Battle_Tank/Saved/Config/Windows/Engine.ini]
[2020.04.14-11.41.08:292][  0]LogConfig: Applying CVar settings from Section [/Script/UnrealEd.CookerSettings] File [C:/Users/scbis/Desktop/Programming/Games Projects/Battle_Tank/Battle_Tanks/Battle_Tank/Saved/Config/Windows/Engine.ini]
[2020.04.14-11.41.08:297][  0]LogConfig: Applying CVar settings from Section [ViewDistanceQuality@3] File [C:/Users/scbis/Desktop/Programming/Games Projects/Battle_Tank/Battle_Tanks/Battle_Tank/Saved/Config/Windows/Scalability.ini]
[2020.04.14-11.41.08:297][  0]LogConfig: Setting CVar [[r.SkeletalMeshLODBias:0]]
[2020.04.14-11.41.08:297][  0]LogConfig: Setting CVar [[r.ViewDistanceScale:1.0]]
[2020.04.14-11.41.08:297][  0]LogConfig: Applying CVar settings from Section [AntiAliasingQuality@3] File [C:/Users/scbis/Desktop/Programming/Games Projects/Battle_Tank/Battle_Tanks/Battle_Tank/Saved/Config/Windows/Scalability.ini]
[2020.04.14-11.41.08:297][  0]LogConfig: Setting CVar [[r.PostProcessAAQuality:4]]
[2020.04.14-11.41.08:297][  0]LogConfig: Applying CVar settings from Section [ShadowQuality@3] File [C:/Users/scbis/Desktop/Programming/Games Projects/Battle_Tank/Battle_Tanks/Battle_Tank/Saved/Config/Windows/Scalability.ini]
[2020.04.14-11.41.08:297][  0]LogConfig: Setting CVar [[r.LightFunctionQuality:1]]
[2020.04.14-11.41.08:297][  0]LogConfig: Setting CVar [[r.ShadowQuality:5]]
[2020.04.14-11.41.08:297][  0]LogConfig: Setting CVar [[r.Shadow.CSM.MaxCascades:10]]
[2020.04.14-11.41.08:297][  0]LogConfig: Setting CVar [[r.Shadow.MaxResolution:2048]]
[2020.04.14-11.41.08:297][  0]LogConfig: Setting CVar [[r.Shadow.MaxCSMResolution:2048]]
[2020.04.14-11.41.08:297][  0]LogConfig: Setting CVar [[r.Shadow.RadiusThreshold:0.01]]
[2020.04.14-11.41.08:297][  0]LogConfig: Setting CVar [[r.Shadow.DistanceScale:1.0]]
[2020.04.14-11.41.08:297][  0]LogConfig: Setting CVar [[r.Shadow.CSM.TransitionScale:1.0]]
[2020.04.14-11.41.08:297][  0]LogConfig: Setting CVar [[r.Shadow.PreShadowResolutionFactor:1.0]]
[2020.04.14-11.41.08:297][  0]LogConfig: Setting CVar [[r.DistanceFieldShadowing:1]]
[2020.04.14-11.41.08:297][  0]LogConfig: Setting CVar [[r.DistanceFieldAO:1]]
[2020.04.14-11.41.08:297][  0]LogConfig: Setting CVar [[r.AOQuality:2]]
[2020.04.14-11.41.08:297][  0]LogConfig: Setting CVar [[r.VolumetricFog:1]]
[2020.04.14-11.41.08:297][  0]LogConfig: Setting CVar [[r.VolumetricFog.GridPixelSize:8]]
[2020.04.14-11.41.08:297][  0]LogConfig: Setting CVar [[r.VolumetricFog.GridSizeZ:128]]
[2020.04.14-11.41.08:297][  0]LogConfig: Setting CVar [[r.VolumetricFog.HistoryMissSupersampleCount:4]]
[2020.04.14-11.41.08:297][  0]LogConfig: Setting CVar [[r.LightMaxDrawDistanceScale:1]]
[2020.04.14-11.41.08:297][  0]LogConfig: Setting CVar [[r.CapsuleShadows:1]]
[2020.04.14-11.41.08:297][  0]LogConfig: Applying CVar settings from Section [PostProcessQuality@3] File [C:/Users/scbis/Desktop/Programming/Games Projects/Battle_Tank/Battle_Tanks/Battle_Tank/Saved/Config/Windows/Scalability.ini]
[2020.04.14-11.41.08:297][  0]LogConfig: Setting CVar [[r.MotionBlurQuality:4]]
[2020.04.14-11.41.08:297][  0]LogConfig: Setting CVar [[r.AmbientOcclusionMipLevelFactor:0.4]]
[2020.04.14-11.41.08:297][  0]LogConfig: Setting CVar [[r.AmbientOcclusionMaxQuality:100]]
[2020.04.14-11.41.08:297][  0]LogConfig: Setting CVar [[r.AmbientOcclusionLevels:-1]]
[2020.04.14-11.41.08:297][  0]LogConfig: Setting CVar [[r.AmbientOcclusionRadiusScale:1.0]]
[2020.04.14-11.41.08:297][  0]LogConfig: Setting CVar [[r.DepthOfFieldQuality:2]]
[2020.04.14-11.41.08:297][  0]LogConfig: Setting CVar [[r.RenderTargetPoolMin:400]]
[2020.04.14-11.41.08:297][  0]LogConfig: Setting CVar [[r.LensFlareQuality:2]]
[2020.04.14-11.41.08:297][  0]LogConfig: Setting CVar [[r.SceneColorFringeQuality:1]]
[2020.04.14-11.41.08:297][  0]LogConfig: Setting CVar [[r.EyeAdaptationQuality:2]]
[2020.04.14-11.41.08:297][  0]LogConfig: Setting CVar [[r.BloomQuality:5]]
[2020.04.14-11.41.08:297][  0]LogConfig: Setting CVar [[r.FastBlurThreshold:100]]
[2020.04.14-11.41.08:297][  0]LogConfig: Setting CVar [[r.Upscale.Quality:3]]
[2020.04.14-11.41.08:297][  0]LogConfig: Setting CVar [[r.Tonemapper.GrainQuantization:1]]
[2020.04.14-11.41.08:297][  0]LogConfig: Setting CVar [[r.LightShaftQuality:1]]
[2020.04.14-11.41.08:297][  0]LogConfig: Setting CVar [[r.Filter.SizeScale:1]]
[2020.04.14-11.41.08:297][  0]LogConfig: Setting CVar [[r.Tonemapper.Quality:5]]
[2020.04.14-11.41.08:297][  0]LogConfig: Setting CVar [[r.DOF.Gather.AccumulatorQuality:1        ; higher gathering accumulator quality]]
[2020.04.14-11.41.08:297][  0]LogConfig: Setting CVar [[r.DOF.Gather.PostfilterMethod:1          ; Median3x3 postfilering method]]
[2020.04.14-11.41.08:297][  0]LogConfig: Setting CVar [[r.DOF.Gather.EnableBokehSettings:0       ; no bokeh simulation when gathering]]
[2020.04.14-11.41.08:297][  0]LogConfig: Setting CVar [[r.DOF.Gather.RingCount:4                 ; medium number of samples when gathering]]
[2020.04.14-11.41.08:297][  0]LogConfig: Setting CVar [[r.DOF.Scatter.ForegroundCompositing:1    ; additive foreground scattering]]
[2020.04.14-11.41.08:297][  0]LogConfig: Setting CVar [[r.DOF.Scatter.BackgroundCompositing:2    ; additive background scattering]]
[2020.04.14-11.41.08:297][  0]LogConfig: Setting CVar [[r.DOF.Scatter.EnableBokehSettings:1      ; bokeh simulation when scattering]]
[2020.04.14-11.41.08:297][  0]LogConfig: Setting CVar [[r.DOF.Scatter.MaxSpriteRatio:0.1         ; only a maximum of 10% of scattered bokeh]]
[2020.04.14-11.41.08:297][  0]LogConfig: Setting CVar [[r.DOF.Recombine.Quality:1                ; cheap slight out of focus]]
[2020.04.14-11.41.08:297][  0]LogConfig: Setting CVar [[r.DOF.Recombine.EnableBokehSettings:0    ; no bokeh simulation on slight out of focus]]
[2020.04.14-11.41.08:297][  0]LogConfig: Setting CVar [[r.DOF.TemporalAAQuality:1                ; more stable temporal accumulation]]
[2020.04.14-11.41.08:297][  0]LogConfig: Setting CVar [[r.DOF.Kernel.MaxForegroundRadius:0.025]]
[2020.04.14-11.41.08:297][  0]LogConfig: Setting CVar [[r.DOF.Kernel.MaxBackgroundRadius:0.025]]
[2020.04.14-11.41.08:297][  0]LogConfig: Applying CVar settings from Section [TextureQuality@3] File [C:/Users/scbis/Desktop/Programming/Games Projects/Battle_Tank/Battle_Tanks/Battle_Tank/Saved/Config/Windows/Scalability.ini]
[2020.04.14-11.41.08:298][  0]LogConfig: Setting CVar [[r.Streaming.MipBias:0]]
[2020.04.14-11.41.08:298][  0]LogConfig: Setting CVar [[r.Streaming.AmortizeCPUToGPUCopy:0]]
[2020.04.14-11.41.08:298][  0]LogConfig: Setting CVar [[r.Streaming.MaxNumTexturesToStreamPerFrame:0]]
[2020.04.14-11.41.08:298][  0]LogConfig: Setting CVar [[r.Streaming.Boost:1]]
[2020.04.14-11.41.08:298][  0]LogConfig: Setting CVar [[r.MaxAnisotropy:8]]
[2020.04.14-11.41.08:298][  0]LogConfig: Setting CVar [[r.VT.MaxAnisotropy:8]]
[2020.04.14-11.41.08:298][  0]LogConfig: Setting CVar [[r.Streaming.LimitPoolSizeToVRAM:0]]
[2020.04.14-11.41.08:298][  0]LogConfig: Setting CVar [[r.Streaming.PoolSize:1000]]
[2020.04.14-11.41.08:298][  0]LogConfig: Setting CVar [[r.Streaming.MaxEffectiveScreenSize:0]]
[2020.04.14-11.41.08:298][  0]LogConfig: Applying CVar settings from Section [EffectsQuality@3] File [C:/Users/scbis/Desktop/Programming/Games Projects/Battle_Tank/Battle_Tanks/Battle_Tank/Saved/Config/Windows/Scalability.ini]
[2020.04.14-11.41.08:298][  0]LogConfig: Setting CVar [[r.TranslucencyLightingVolumeDim:64]]
[2020.04.14-11.41.08:298][  0]LogConfig: Setting CVar [[r.RefractionQuality:2]]
[2020.04.14-11.41.08:298][  0]LogConfig: Setting CVar [[r.SSR.Quality:3]]
[2020.04.14-11.41.08:298][  0]LogConfig: Setting CVar [[r.SSR.HalfResSceneColor:0]]
[2020.04.14-11.41.08:298][  0]LogConfig: Setting CVar [[r.SceneColorFormat:4]]
[2020.04.14-11.41.08:298][  0]LogConfig: Setting CVar [[r.DetailMode:2]]
[2020.04.14-11.41.08:298][  0]LogConfig: Setting CVar [[r.TranslucencyVolumeBlur:1]]
[2020.04.14-11.41.08:298][  0]LogConfig: Setting CVar [[r.MaterialQualityLevel:1 ; High quality]]
[2020.04.14-11.41.08:298][  0]LogConfig: Setting CVar [[r.SSS.Scale:1]]
[2020.04.14-11.41.08:298][  0]LogConfig: Setting CVar [[r.SSS.SampleSet:2]]
[2020.04.14-11.41.08:298][  0]LogConfig: Setting CVar [[r.SSS.Quality:1]]
[2020.04.14-11.41.08:298][  0]LogConfig: Setting CVar [[r.SSS.HalfRes:1]]
[2020.04.14-11.41.08:298][  0]LogConfig: Setting CVar [[r.SSGI.Quality:3]]
[2020.04.14-11.41.08:298][  0]LogConfig: Setting CVar [[r.EmitterSpawnRateScale:1.0]]
[2020.04.14-11.41.08:298][  0]LogConfig: Setting CVar [[r.ParticleLightQuality:2]]
[2020.04.14-11.41.08:298][  0]LogConfig: Setting CVar [[r.SkyAtmosphere.AerialPerspectiveLUT.FastApplyOnOpaque:1 ; Always have FastSkyLUT 1 in this case to avoid wrong sky]]
[2020.04.14-11.41.08:298][  0]LogConfig: Setting CVar [[r.SkyAtmosphere.AerialPerspectiveLUT.SampleCountPerSlice:1]]
[2020.04.14-11.41.08:298][  0]LogConfig: Setting CVar [[r.SkyAtmosphere.AerialPerspectiveLUT.DepthResolution:16.0]]
[2020.04.14-11.41.08:298][  0]LogConfig: Setting CVar [[r.SkyAtmosphere.FastSkyLUT:1]]
[2020.04.14-11.41.08:298][  0]LogConfig: Setting CVar [[r.SkyAtmosphere.FastSkyLUT.SampleCountMin:4.0]]
[2020.04.14-11.41.08:298][  0]LogConfig: Setting CVar [[r.SkyAtmosphere.FastSkyLUT.SampleCountMax:32.0]]
[2020.04.14-11.41.08:298][  0]LogConfig: Setting CVar [[r.SkyAtmosphere.SampleCountMin:4.0]]
[2020.04.14-11.41.08:298][  0]LogConfig: Setting CVar [[r.SkyAtmosphere.SampleCountMax:32.0]]
[2020.04.14-11.41.08:298][  0]LogConfig: Setting CVar [[r.SkyAtmosphere.TransmittanceLUT.UseSmallFormat:0]]
[2020.04.14-11.41.08:298][  0]LogConfig: Setting CVar [[r.SkyAtmosphere.TransmittanceLUT.SampleCount:10.0]]
[2020.04.14-11.41.08:298][  0]LogConfig: Setting CVar [[r.SkyAtmosphere.MultiScatteringLUT.SampleCount:15.0]]
[2020.04.14-11.41.08:298][  0]LogConfig: Applying CVar settings from Section [FoliageQuality@3] File [C:/Users/scbis/Desktop/Programming/Games Projects/Battle_Tank/Battle_Tanks/Battle_Tank/Saved/Config/Windows/Scalability.ini]
[2020.04.14-11.41.08:298][  0]LogConfig: Setting CVar [[foliage.DensityScale:1.0]]
[2020.04.14-11.41.08:298][  0]LogConfig: Setting CVar [[grass.DensityScale:1.0]]
[2020.04.14-11.41.08:298][  0]LogConfig: Applying CVar settings from Section [ShadingQuality@3] File [C:/Users/scbis/Desktop/Programming/Games Projects/Battle_Tank/Battle_Tanks/Battle_Tank/Saved/Config/Windows/Scalability.ini]
[2020.04.14-11.41.08:298][  0]LogConfig: Setting CVar [[r.HairStrands.SkyLighting.SampleCount:16]]
[2020.04.14-11.41.08:298][  0]LogConfig: Setting CVar [[r.HairStrands.SkyLighting.JitterIntegration:0]]
[2020.04.14-11.41.08:298][  0]LogConfig: Setting CVar [[r.HairStrands.SkyAO.SampleCount:16]]
[2020.04.14-11.41.08:298][  0]LogInit: Selected Device Profile: [Windows]
[2020.04.14-11.41.08:298][  0]LogInit: Applying CVar settings loaded from the selected device profile: [Windows]
[2020.04.14-11.41.08:301][  0]LogHAL: Display: Platform has ~ 16 GB [17109499904 / 17179869184 / 16], which maps to Larger [LargestMinGB=32, LargerMinGB=12, DefaultMinGB=8, SmallerMinGB=6, SmallestMinGB=0)
[2020.04.14-11.41.08:301][  0]LogInit: Going up to parent DeviceProfile []
[2020.04.14-11.41.08:301][  0]LogConfig: Applying CVar settings from Section [ViewDistanceQuality@3] File [C:/Users/scbis/Desktop/Programming/Games Projects/Battle_Tank/Battle_Tanks/Battle_Tank/Saved/Config/Windows/Scalability.ini]
[2020.04.14-11.41.08:301][  0]LogConfig: Setting CVar [[r.SkeletalMeshLODBias:0]]
[2020.04.14-11.41.08:301][  0]LogConfig: Setting CVar [[r.ViewDistanceScale:1.0]]
[2020.04.14-11.41.08:301][  0]LogConfig: Applying CVar settings from Section [AntiAliasingQuality@3] File [C:/Users/scbis/Desktop/Programming/Games Projects/Battle_Tank/Battle_Tanks/Battle_Tank/Saved/Config/Windows/Scalability.ini]
[2020.04.14-11.41.08:301][  0]LogConfig: Setting CVar [[r.PostProcessAAQuality:4]]
[2020.04.14-11.41.08:301][  0]LogConfig: Applying CVar settings from Section [ShadowQuality@3] File [C:/Users/scbis/Desktop/Programming/Games Projects/Battle_Tank/Battle_Tanks/Battle_Tank/Saved/Config/Windows/Scalability.ini]
[2020.04.14-11.41.08:301][  0]LogConfig: Setting CVar [[r.LightFunctionQuality:1]]
[2020.04.14-11.41.08:301][  0]LogConfig: Setting CVar [[r.ShadowQuality:5]]
[2020.04.14-11.41.08:301][  0]LogConfig: Setting CVar [[r.Shadow.CSM.MaxCascades:10]]
[2020.04.14-11.41.08:301][  0]LogConfig: Setting CVar [[r.Shadow.MaxResolution:2048]]
[2020.04.14-11.41.08:302][  0]LogConfig: Setting CVar [[r.Shadow.MaxCSMResolution:2048]]
[2020.04.14-11.41.08:302][  0]LogConfig: Setting CVar [[r.Shadow.RadiusThreshold:0.01]]
[2020.04.14-11.41.08:302][  0]LogConfig: Setting CVar [[r.Shadow.DistanceScale:1.0]]
[2020.04.14-11.41.08:302][  0]LogConfig: Setting CVar [[r.Shadow.CSM.TransitionScale:1.0]]
[2020.04.14-11.41.08:302][  0]LogConfig: Setting CVar [[r.Shadow.PreShadowResolutionFactor:1.0]]
[2020.04.14-11.41.08:302][  0]LogConfig: Setting CVar [[r.DistanceFieldShadowing:1]]
[2020.04.14-11.41.08:302][  0]LogConfig: Setting CVar [[r.DistanceFieldAO:1]]
[2020.04.14-11.41.08:302][  0]LogConfig: Setting CVar [[r.AOQuality:2]]
[2020.04.14-11.41.08:302][  0]LogConfig: Setting CVar [[r.VolumetricFog:1]]
[2020.04.14-11.41.08:302][  0]LogConfig: Setting CVar [[r.VolumetricFog.GridPixelSize:8]]
[2020.04.14-11.41.08:302][  0]LogConfig: Setting CVar [[r.VolumetricFog.GridSizeZ:128]]
[2020.04.14-11.41.08:302][  0]LogConfig: Setting CVar [[r.VolumetricFog.HistoryMissSupersampleCount:4]]
[2020.04.14-11.41.08:302][  0]LogConfig: Setting CVar [[r.LightMaxDrawDistanceScale:1]]
[2020.04.14-11.41.08:302][  0]LogConfig: Setting CVar [[r.CapsuleShadows:1]]
[2020.04.14-11.41.08:302][  0]LogConfig: Applying CVar settings from Section [PostProcessQuality@3] File [C:/Users/scbis/Desktop/Programming/Games Projects/Battle_Tank/Battle_Tanks/Battle_Tank/Saved/Config/Windows/Scalability.ini]
[2020.04.14-11.41.08:302][  0]LogConfig: Setting CVar [[r.MotionBlurQuality:4]]
[2020.04.14-11.41.08:302][  0]LogConfig: Setting CVar [[r.AmbientOcclusionMipLevelFactor:0.4]]
[2020.04.14-11.41.08:302][  0]LogConfig: Setting CVar [[r.AmbientOcclusionMaxQuality:100]]
[2020.04.14-11.41.08:302][  0]LogConfig: Setting CVar [[r.AmbientOcclusionLevels:-1]]
[2020.04.14-11.41.08:302][  0]LogConfig: Setting CVar [[r.AmbientOcclusionRadiusScale:1.0]]
[2020.04.14-11.41.08:302][  0]LogConfig: Setting CVar [[r.DepthOfFieldQuality:2]]
[2020.04.14-11.41.08:302][  0]LogConfig: Setting CVar [[r.RenderTargetPoolMin:400]]
[2020.04.14-11.41.08:302][  0]LogConfig: Setting CVar [[r.LensFlareQuality:2]]
[2020.04.14-11.41.08:302][  0]LogConfig: Setting CVar [[r.SceneColorFringeQuality:1]]
[2020.04.14-11.41.08:302][  0]LogConfig: Setting CVar [[r.EyeAdaptationQuality:2]]
[2020.04.14-11.41.08:302][  0]LogConfig: Setting CVar [[r.BloomQuality:5]]
[2020.04.14-11.41.08:302][  0]LogConfig: Setting CVar [[r.FastBlurThreshold:100]]
[2020.04.14-11.41.08:302][  0]LogConfig: Setting CVar [[r.Upscale.Quality:3]]
[2020.04.14-11.41.08:302][  0]LogConfig: Setting CVar [[r.Tonemapper.GrainQuantization:1]]
[2020.04.14-11.41.08:302][  0]LogConfig: Setting CVar [[r.LightShaftQuality:1]]
[2020.04.14-11.41.08:302][  0]LogConfig: Setting CVar [[r.Filter.SizeScale:1]]
[2020.04.14-11.41.08:302][  0]LogConfig: Setting CVar [[r.Tonemapper.Quality:5]]
[2020.04.14-11.41.08:302][  0]LogConfig: Setting CVar [[r.DOF.Gather.AccumulatorQuality:1        ; higher gathering accumulator quality]]
[2020.04.14-11.41.08:302][  0]LogConfig: Setting CVar [[r.DOF.Gather.PostfilterMethod:1          ; Median3x3 postfilering method]]
[2020.04.14-11.41.08:302][  0]LogConfig: Setting CVar [[r.DOF.Gather.EnableBokehSettings:0       ; no bokeh simulation when gathering]]
[2020.04.14-11.41.08:302][  0]LogConfig: Setting CVar [[r.DOF.Gather.RingCount:4                 ; medium number of samples when gathering]]
[2020.04.14-11.41.08:302][  0]LogConfig: Setting CVar [[r.DOF.Scatter.ForegroundCompositing:1    ; additive foreground scattering]]
[2020.04.14-11.41.08:302][  0]LogConfig: Setting CVar [[r.DOF.Scatter.BackgroundCompositing:2    ; additive background scattering]]
[2020.04.14-11.41.08:302][  0]LogConfig: Setting CVar [[r.DOF.Scatter.EnableBokehSettings:1      ; bokeh simulation when scattering]]
[2020.04.14-11.41.08:302][  0]LogConfig: Setting CVar [[r.DOF.Scatter.MaxSpriteRatio:0.1         ; only a maximum of 10% of scattered bokeh]]
[2020.04.14-11.41.08:302][  0]LogConfig: Setting CVar [[r.DOF.Recombine.Quality:1                ; cheap slight out of focus]]
[2020.04.14-11.41.08:302][  0]LogConfig: Setting CVar [[r.DOF.Recombine.EnableBokehSettings:0    ; no bokeh simulation on slight out of focus]]
[2020.04.14-11.41.08:302][  0]LogConfig: Setting CVar [[r.DOF.TemporalAAQuality:1                ; more stable temporal accumulation]]
[2020.04.14-11.41.08:302][  0]LogConfig: Setting CVar [[r.DOF.Kernel.MaxForegroundRadius:0.025]]
[2020.04.14-11.41.08:302][  0]LogConfig: Setting CVar [[r.DOF.Kernel.MaxBackgroundRadius:0.025]]
[2020.04.14-11.41.08:302][  0]LogConfig: Applying CVar settings from Section [TextureQuality@3] File [C:/Users/scbis/Desktop/Programming/Games Projects/Battle_Tank/Battle_Tanks/Battle_Tank/Saved/Config/Windows/Scalability.ini]
[2020.04.14-11.41.08:302][  0]LogConfig: Setting CVar [[r.Streaming.MipBias:0]]
[2020.04.14-11.41.08:302][  0]LogConfig: Setting CVar [[r.Streaming.AmortizeCPUToGPUCopy:0]]
[2020.04.14-11.41.08:302][  0]LogConfig: Setting CVar [[r.Streaming.MaxNumTexturesToStreamPerFrame:0]]
[2020.04.14-11.41.08:302][  0]LogConfig: Setting CVar [[r.Streaming.Boost:1]]
[2020.04.14-11.41.08:302][  0]LogConfig: Setting CVar [[r.MaxAnisotropy:8]]
[2020.04.14-11.41.08:302][  0]LogConfig: Setting CVar [[r.VT.MaxAnisotropy:8]]
[2020.04.14-11.41.08:302][  0]LogConfig: Setting CVar [[r.Streaming.LimitPoolSizeToVRAM:0]]
[2020.04.14-11.41.08:302][  0]LogConfig: Setting CVar [[r.Streaming.PoolSize:1000]]
[2020.04.14-11.41.08:302][  0]LogConfig: Setting CVar [[r.Streaming.MaxEffectiveScreenSize:0]]
[2020.04.14-11.41.08:302][  0]LogConfig: Applying CVar settings from Section [EffectsQuality@3] File [C:/Users/scbis/Desktop/Programming/Games Projects/Battle_Tank/Battle_Tanks/Battle_Tank/Saved/Config/Windows/Scalability.ini]
[2020.04.14-11.41.08:302][  0]LogConfig: Setting CVar [[r.TranslucencyLightingVolumeDim:64]]
[2020.04.14-11.41.08:302][  0]LogConfig: Setting CVar [[r.RefractionQuality:2]]
[2020.04.14-11.41.08:302][  0]LogConfig: Setting CVar [[r.SSR.Quality:3]]
[2020.04.14-11.41.08:302][  0]LogConfig: Setting CVar [[r.SSR.HalfResSceneColor:0]]
[2020.04.14-11.41.08:302][  0]LogConfig: Setting CVar [[r.SceneColorFormat:4]]
[2020.04.14-11.41.08:302][  0]LogConfig: Setting CVar [[r.DetailMode:2]]
[2020.04.14-11.41.08:303][  0]LogConfig: Setting CVar [[r.TranslucencyVolumeBlur:1]]
[2020.04.14-11.41.08:303][  0]LogConfig: Setting CVar [[r.MaterialQualityLevel:1 ; High quality]]
[2020.04.14-11.41.08:303][  0]LogConfig: Setting CVar [[r.SSS.Scale:1]]
[2020.04.14-11.41.08:303][  0]LogConfig: Setting CVar [[r.SSS.SampleSet:2]]
[2020.04.14-11.41.08:303][  0]LogConfig: Setting CVar [[r.SSS.Quality:1]]
[2020.04.14-11.41.08:303][  0]LogConfig: Setting CVar [[r.SSS.HalfRes:1]]
[2020.04.14-11.41.08:303][  0]LogConfig: Setting CVar [[r.SSGI.Quality:3]]
[2020.04.14-11.41.08:303][  0]LogConfig: Setting CVar [[r.EmitterSpawnRateScale:1.0]]
[2020.04.14-11.41.08:303][  0]LogConfig: Setting CVar [[r.ParticleLightQuality:2]]
[2020.04.14-11.41.08:303][  0]LogConfig: Setting CVar [[r.SkyAtmosphere.AerialPerspectiveLUT.FastApplyOnOpaque:1 ; Always have FastSkyLUT 1 in this case to avoid wrong sky]]
[2020.04.14-11.41.08:303][  0]LogConfig: Setting CVar [[r.SkyAtmosphere.AerialPerspectiveLUT.SampleCountPerSlice:1]]
[2020.04.14-11.41.08:303][  0]LogConfig: Setting CVar [[r.SkyAtmosphere.AerialPerspectiveLUT.DepthResolution:16.0]]
[2020.04.14-11.41.08:303][  0]LogConfig: Setting CVar [[r.SkyAtmosphere.FastSkyLUT:1]]
[2020.04.14-11.41.08:303][  0]LogConfig: Setting CVar [[r.SkyAtmosphere.FastSkyLUT.SampleCountMin:4.0]]
[2020.04.14-11.41.08:303][  0]LogConfig: Setting CVar [[r.SkyAtmosphere.FastSkyLUT.SampleCountMax:32.0]]
[2020.04.14-11.41.08:303][  0]LogConfig: Setting CVar [[r.SkyAtmosphere.SampleCountMin:4.0]]
[2020.04.14-11.41.08:303][  0]LogConfig: Setting CVar [[r.SkyAtmosphere.SampleCountMax:32.0]]
[2020.04.14-11.41.08:303][  0]LogConfig: Setting CVar [[r.SkyAtmosphere.TransmittanceLUT.UseSmallFormat:0]]
[2020.04.14-11.41.08:303][  0]LogConfig: Setting CVar [[r.SkyAtmosphere.TransmittanceLUT.SampleCount:10.0]]
[2020.04.14-11.41.08:303][  0]LogConfig: Setting CVar [[r.SkyAtmosphere.MultiScatteringLUT.SampleCount:15.0]]
[2020.04.14-11.41.08:303][  0]LogConfig: Applying CVar settings from Section [FoliageQuality@3] File [C:/Users/scbis/Desktop/Programming/Games Projects/Battle_Tank/Battle_Tanks/Battle_Tank/Saved/Config/Windows/Scalability.ini]
[2020.04.14-11.41.08:303][  0]LogConfig: Setting CVar [[foliage.DensityScale:1.0]]
[2020.04.14-11.41.08:303][  0]LogConfig: Setting CVar [[grass.DensityScale:1.0]]
[2020.04.14-11.41.08:303][  0]LogConfig: Applying CVar settings from Section [ShadingQuality@3] File [C:/Users/scbis/Desktop/Programming/Games Projects/Battle_Tank/Battle_Tanks/Battle_Tank/Saved/Config/Windows/Scalability.ini]
[2020.04.14-11.41.08:303][  0]LogConfig: Setting CVar [[r.HairStrands.SkyLighting.SampleCount:16]]
[2020.04.14-11.41.08:303][  0]LogConfig: Setting CVar [[r.HairStrands.SkyLighting.JitterIntegration:0]]
[2020.04.14-11.41.08:303][  0]LogConfig: Setting CVar [[r.HairStrands.SkyAO.SampleCount:16]]
[2020.04.14-11.41.08:303][  0]LogConfig: Applying CVar settings from Section [Startup] File [../../../Engine/Config/ConsoleVariables.ini]
[2020.04.14-11.41.08:303][  0]LogConfig: Setting CVar [[net.UseAdaptiveNetUpdateFrequency:0]]
[2020.04.14-11.41.08:303][  0]LogConfig: Setting CVar [[p.chaos.AllowCreatePhysxBodies:1]]
[2020.04.14-11.41.08:303][  0]LogConfig: Applying CVar settings from Section [ConsoleVariables] File [C:/Users/scbis/Desktop/Programming/Games Projects/Battle_Tank/Battle_Tanks/Battle_Tank/Saved/Config/Windows/Engine.ini]
[2020.04.14-11.41.08:303][  0]LogInit: Computer: DESKTOP-RCRJTMI
[2020.04.14-11.41.08:303][  0]LogInit: User: scbis
[2020.04.14-11.41.08:303][  0]LogInit: CPU Page size=4096, Cores=4
[2020.04.14-11.41.08:303][  0]LogInit: High frequency timer resolution =10.000000 MHz
[2020.04.14-11.41.08:304][  0]LogMemory: Memory total: Physical=15.9GB (16GB approx)
[2020.04.14-11.41.08:304][  0]LogMemory: Platform Memory Stats for Windows
[2020.04.14-11.41.08:304][  0]LogMemory: Process Physical Memory: 105.60 MB used, 105.61 MB peak
[2020.04.14-11.41.08:304][  0]LogMemory: Process Virtual Memory: 100.66 MB used, 100.66 MB peak
[2020.04.14-11.41.08:304][  0]LogMemory: Physical Memory: 10478.23 MB used,  5838.66 MB free, 16316.89 MB total
[2020.04.14-11.41.08:304][  0]LogMemory: Virtual Memory: 5137.57 MB used,  134212592.00 MB free, 134217728.00 MB total
[2020.04.14-11.41.08:306][  0]LogWindows: WindowsPlatformFeatures enabled
[2020.04.14-11.41.08:323][  0]LogInit: Using OS detected language (en-GB).
[2020.04.14-11.41.08:323][  0]LogInit: Using OS detected locale (en-US).
[2020.04.14-11.41.08:323][  0]LogTextLocalizationManager: No specific localization for 'en-GB' exists, so the 'en' localization will be used.
[2020.04.14-11.41.08:509][  0]LogInit: Setting process to per monitor DPI aware
[2020.04.14-11.41.08:553][  0]LogSlate: New Slate User Created.  User Index 0, Is Virtual User: 0
[2020.04.14-11.41.08:553][  0]LogSlate: Slate User Registered.  User Index 0, Is Virtual User: 0
[2020.04.14-11.41.08:749][  0]LogHMD: Failed to initialize OpenVR with code 110
[2020.04.14-11.41.08:749][  0]LogD3D11RHI: D3D11 min allowed feature level: 11_0
[2020.04.14-11.41.08:749][  0]LogD3D11RHI: D3D11 max allowed feature level: 11_0
[2020.04.14-11.41.08:749][  0]LogD3D11RHI: D3D11 adapters:
[2020.04.14-11.41.08:852][  0]LogD3D11RHI:    0. 'NVIDIA GeForce GTX 1060 6GB' (Feature Level 11_0)
[2020.04.14-11.41.08:852][  0]LogD3D11RHI:       6052/0/8158 MB DedicatedVideo/DedicatedSystem/SharedSystem, Outputs:2, VendorId:0x10de
[2020.04.14-11.41.08:855][  0]LogD3D11RHI:    1. 'Microsoft Basic Render Driver' (Feature Level 11_0)
[2020.04.14-11.41.08:855][  0]LogD3D11RHI:       0/0/8158 MB DedicatedVideo/DedicatedSystem/SharedSystem, Outputs:0, VendorId:0x1414
[2020.04.14-11.41.08:855][  0]LogD3D11RHI: Chosen D3D11 Adapter: 0
[2020.04.14-11.41.08:874][  0]LogD3D11RHI: Creating new Direct3DDevice
[2020.04.14-11.41.08:874][  0]LogD3D11RHI:     GPU DeviceId: 0x1c03 (for the marketing name, search the web for "GPU Device Id")
[2020.04.14-11.41.08:874][  0]LogWindows: EnumDisplayDevices:
[2020.04.14-11.41.08:874][  0]LogWindows:    0. 'NVIDIA GeForce GTX 1060 6GB' (P:1 D:1)
[2020.04.14-11.41.08:874][  0]LogWindows:    1. 'NVIDIA GeForce GTX 1060 6GB' (P:0 D:1)
[2020.04.14-11.41.08:875][  0]LogWindows:    2. 'NVIDIA GeForce GTX 1060 6GB' (P:0 D:0)
[2020.04.14-11.41.08:875][  0]LogWindows:    3. 'NVIDIA GeForce GTX 1060 6GB' (P:0 D:0)
[2020.04.14-11.41.08:875][  0]LogWindows: DebugString: FoundDriverCount:4 
[2020.04.14-11.41.08:875][  0]LogD3D11RHI:     Adapter Name: NVIDIA GeForce GTX 1060 6GB
[2020.04.14-11.41.08:875][  0]LogD3D11RHI:   Driver Version: 442.74 (internal:26.21.14.4274, unified:442.74)
[2020.04.14-11.41.08:875][  0]LogD3D11RHI:      Driver Date: 3-13-2020
[2020.04.14-11.41.08:875][  0]LogRHI: Texture pool is 4236 MB (70% of 6052 MB)
[2020.04.14-11.41.08:944][  0]LogD3D11RHI: RHI has support for 64 bit atomics
[2020.04.14-11.41.08:944][  0]LogD3D11RHI: Async texture creation enabled
[2020.04.14-11.41.08:960][  0]LogD3D11RHI: GPU Timing Frequency: 1000.000000 (Debug: 2 1)
[2020.04.14-11.41.09:290][  0]LogTargetPlatformManager: Display: Loaded TargetPlatform 'AllDesktop'
[2020.04.14-11.41.09:334][  0]LogTargetPlatformManager: Display: Loaded TargetPlatform 'Android'
[2020.04.14-11.41.09:334][  0]LogTargetPlatformManager: Display: Loaded TargetPlatform 'Android_ASTC'
[2020.04.14-11.41.09:334][  0]LogTargetPlatformManager: Display: Loaded TargetPlatform 'Android_ATC'
[2020.04.14-11.41.09:334][  0]LogTargetPlatformManager: Display: Loaded TargetPlatform 'Android_DXT'
[2020.04.14-11.41.09:334][  0]LogTargetPlatformManager: Display: Loaded TargetPlatform 'Android_ETC1'
[2020.04.14-11.41.09:334][  0]LogTargetPlatformManager: Display: Loaded TargetPlatform 'Android_ETC1a'
[2020.04.14-11.41.09:334][  0]LogTargetPlatformManager: Display: Loaded TargetPlatform 'Android_ETC2'
[2020.04.14-11.41.09:334][  0]LogTargetPlatformManager: Display: Loaded TargetPlatform 'Android_PVRTC'
[2020.04.14-11.41.09:334][  0]LogTargetPlatformManager: Display: Loaded TargetPlatform 'AndroidClient'
[2020.04.14-11.41.09:334][  0]LogTargetPlatformManager: Display: Loaded TargetPlatform 'Android_ASTCClient'
[2020.04.14-11.41.09:334][  0]LogTargetPlatformManager: Display: Loaded TargetPlatform 'Android_ATCClient'
[2020.04.14-11.41.09:334][  0]LogTargetPlatformManager: Display: Loaded TargetPlatform 'Android_DXTClient'
[2020.04.14-11.41.09:334][  0]LogTargetPlatformManager: Display: Loaded TargetPlatform 'Android_ETC1Client'
[2020.04.14-11.41.09:334][  0]LogTargetPlatformManager: Display: Loaded TargetPlatform 'Android_ETC1aClient'
[2020.04.14-11.41.09:334][  0]LogTargetPlatformManager: Display: Loaded TargetPlatform 'Android_ETC2Client'
[2020.04.14-11.41.09:334][  0]LogTargetPlatformManager: Display: Loaded TargetPlatform 'Android_PVRTCClient'
[2020.04.14-11.41.09:334][  0]LogTargetPlatformManager: Display: Loaded TargetPlatform 'Android_Multi'
[2020.04.14-11.41.09:334][  0]LogTargetPlatformManager: Display: Loaded TargetPlatform 'Android_MultiClient'
[2020.04.14-11.41.09:357][  0]LogTargetPlatformManager: Display: Loaded TargetPlatform 'IOSClient'
[2020.04.14-11.41.09:357][  0]LogTargetPlatformManager: Display: Loaded TargetPlatform 'IOS'
[2020.04.14-11.41.09:366][  0]LogTargetPlatformManager: Display: Loaded TargetPlatform 'LinuxNoEditor'
[2020.04.14-11.41.09:375][  0]LogTargetPlatformManager: Display: Loaded TargetPlatform 'LinuxClient'
[2020.04.14-11.41.09:383][  0]LogTargetPlatformManager: Display: Loaded TargetPlatform 'LinuxServer'
[2020.04.14-11.41.09:392][  0]LogTargetPlatformManager: Display: Loaded TargetPlatform 'LinuxAArch64NoEditor'
[2020.04.14-11.41.09:400][  0]LogTargetPlatformManager: Display: Loaded TargetPlatform 'LinuxAArch64Client'
[2020.04.14-11.41.09:409][  0]LogTargetPlatformManager: Display: Loaded TargetPlatform 'LinuxAArch64Server'
[2020.04.14-11.41.09:441][  0]LogTargetPlatformManager: Display: Loaded TargetPlatform 'Lumin'
[2020.04.14-11.41.09:441][  0]LogTargetPlatformManager: Display: Loaded TargetPlatform 'LuminClient'
[2020.04.14-11.41.09:458][  0]LogTargetPlatformManager: Display: Loaded TargetPlatform 'TVOSClient'
[2020.04.14-11.41.09:458][  0]LogTargetPlatformManager: Display: Loaded TargetPlatform 'TVOS'
[2020.04.14-11.41.09:469][  0]LogTargetPlatformManager: Display: Loaded TargetPlatform 'WindowsNoEditor'
[2020.04.14-11.41.09:480][  0]LogTargetPlatformManager: Display: Loaded TargetPlatform 'Windows'
[2020.04.14-11.41.09:491][  0]LogTargetPlatformManager: Display: Loaded TargetPlatform 'WindowsClient'
[2020.04.14-11.41.09:501][  0]LogTargetPlatformManager: Display: Loaded TargetPlatform 'WindowsServer'
[2020.04.14-11.41.09:501][  0]LogTargetPlatformManager: Display: Building Assets For Windows
[2020.04.14-11.41.09:504][  0]LogAudioDebug: Display: Lib vorbis DLL was dynamically loaded.
[2020.04.14-11.41.09:527][  0]LogShaderCompilers: Guid format shader working directory is -40 characters bigger than the processId version (C:/Users/scbis/Desktop/Programming/Games Projects/Battle_Tank/Battle_Tanks/Battle_Tank/Intermediate/Shaders/WorkingDirectory/5716/).
[2020.04.14-11.41.09:528][  0]LogShaderCompilers: Cleaned the shader compiler working directory 'C:/Users/scbis/AppData/Local/Temp/UnrealShaderWorkingDir/A21C1C904F47A9ED80D0BBA0CF764D3F/'.
[2020.04.14-11.41.09:528][  0]LogXGEController: Cannot use XGE Controller as Incredibuild is not installed on this machine.
[2020.04.14-11.41.09:528][  0]LogShaderCompilers: Cannot use XGE Shader Compiler as Incredibuild is not installed on this machine.
[2020.04.14-11.41.09:528][  0]LogShaderCompilers: Display: Using Local Shader Compiler.
[2020.04.14-11.41.10:426][  0]LogDerivedDataCache: Display: Max Cache Size: 512 MB
[2020.04.14-11.41.10:489][  0]LogDerivedDataCache: Loaded boot cache 0.06s 79MB C:/Users/scbis/AppData/Local/UnrealEngine/4.24/DerivedDataCache/Boot.ddc.
[2020.04.14-11.41.10:490][  0]LogDerivedDataCache: Display: Loaded Boot cache: C:/Users/scbis/AppData/Local/UnrealEngine/4.24/DerivedDataCache/Boot.ddc
[2020.04.14-11.41.10:490][  0]LogDerivedDataCache: FDerivedDataBackendGraph:  Pak pak cache file C:/Users/scbis/Desktop/Programming/Games Projects/Battle_Tank/Battle_Tanks/Battle_Tank/DerivedDataCache/DDC.ddp not found, will not use a pak cache.
[2020.04.14-11.41.10:490][  0]LogDerivedDataCache: Unable to find inner node Pak for hierarchical cache Hierarchy.
[2020.04.14-11.41.10:490][  0]LogDerivedDataCache: FDerivedDataBackendGraph:  CompressedPak pak cache file C:/Users/scbis/Desktop/Programming/Games Projects/Battle_Tank/Battle_Tanks/Battle_Tank/DerivedDataCache/Compressed.ddp not found, will not use a pak cache.
[2020.04.14-11.41.10:490][  0]LogDerivedDataCache: Unable to find inner node CompressedPak for hierarchical cache Hierarchy.
[2020.04.14-11.41.10:502][  0]LogDerivedDataCache: Display: Pak cache opened for reading ../../../Engine/DerivedDataCache/Compressed.ddp.
[2020.04.14-11.41.10:502][  0]LogDerivedDataCache: FDerivedDataBackendGraph:  EnterprisePak pak cache file ../../../Enterprise/DerivedDataCache/Compressed.ddp not found, will not use a pak cache.
[2020.04.14-11.41.10:502][  0]LogDerivedDataCache: Unable to find inner node EnterprisePak for hierarchical cache Hierarchy.
[2020.04.14-11.41.10:504][  0]LogDerivedDataCache: Using Local data cache path C:/Users/scbis/AppData/Local/UnrealEngine/Common/DerivedDataCache: Writable
[2020.04.14-11.41.10:504][  0]LogDerivedDataCache: Shared data cache path not found in *engine.ini, will not use an Shared cache.
[2020.04.14-11.41.10:504][  0]LogDerivedDataCache: Unable to find inner node Shared for hierarchical cache Hierarchy.
[2020.04.14-11.41.10:535][  0]LogMaterial: Verifying Global Shaders for PCD3D_SM5
[2020.04.14-11.41.10:538][  0]LogSlate: Using FreeType 2.10.0
[2020.04.14-11.41.10:539][  0]LogSlate: SlateFontServices - WITH_FREETYPE: 1, WITH_HARFBUZZ: 1
[2020.04.14-11.41.10:600][  0]LogAssetRegistry: FAssetRegistry took 0.0029 seconds to start up
[2020.04.14-11.41.11:022][  0]LogInit: Selected Device Profile: [Windows]
[2020.04.14-11.41.11:264][  0]LogMeshReduction: Using QuadricMeshReduction for automatic static mesh reduction
[2020.04.14-11.41.11:264][  0]LogMeshReduction: Using SimplygonMeshReduction for automatic skeletal mesh reduction
[2020.04.14-11.41.11:264][  0]LogMeshReduction: Using ProxyLODMeshReduction for automatic mesh merging
[2020.04.14-11.41.11:264][  0]LogMeshReduction: No distributed automatic mesh merging module available
[2020.04.14-11.41.11:264][  0]LogMeshMerging: No distributed automatic mesh merging module available
[2020.04.14-11.41.11:282][  0]LogNetVersion: Battle_Tank 1.0.0, NetCL: 10570792, EngineNetVer: 13, GameNetVer: 0 (Checksum: 704313620)
[2020.04.14-11.41.12:543][  0]LogPackageLocalizationCache: Processed 10 localized package path(s) for 1 prioritized culture(s) in 0.075148 seconds
[2020.04.14-11.41.12:557][  0]LogUObjectArray: 46746 objects as part of root set at end of initial load.
[2020.04.14-11.41.12:557][  0]LogUObjectAllocator: 8135816 out of 0 bytes used by permanent object pool.
[2020.04.14-11.41.12:557][  0]LogUObjectArray: CloseDisregardForGC: 0/0 objects in disregard for GC pool
[2020.04.14-11.41.13:070][  0]LogTcpMessaging: Initializing TcpMessaging bridge
[2020.04.14-11.41.13:074][  0]LogUdpMessaging: Initializing bridge on interface 0.0.0.0:0 to multicast group 230.0.0.1:6666.
[2020.04.14-11.41.13:152][  0]SourceControl: Source control is disabled
[2020.04.14-11.41.13:152][  0]SourceControl: Source control is disabled
[2020.04.14-11.41.13:153][  0]SourceControl: Source control is disabled
[2020.04.14-11.41.13:154][  0]SourceControl: Source control is disabled
[2020.04.14-11.41.13:154][  0]SourceControl: Source control is disabled
[2020.04.14-11.41.13:265][  0]LogAndroidPermission: UAndroidPermissionCallbackProxy::GetInstance
[2020.04.14-11.41.13:279][  0]LogAudioCaptureCore: Display: No Audio Capture implementations found. Audio input will be silent.
[2020.04.14-11.41.13:280][  0]LogAudioCaptureCore: Display: No Audio Capture implementations found. Audio input will be silent.
[2020.04.14-11.41.13:403][  0]LogOcInput: OculusInput pre-init called
[2020.04.14-11.41.13:412][  0]LogWindows: Failed to load 'OVRPlugin.dll' (GetLastError=126)
[2020.04.14-11.41.13:412][  0]LogWindows: File 'OVRPlugin.dll' does not exist
[2020.04.14-11.41.13:509][  0]LogEngine: Initializing Engine...
[2020.04.14-11.41.13:510][  0]LogHMD: Failed to initialize OpenVR with code 110
[2020.04.14-11.41.13:512][  0]LogStats: UGameplayTagsManager::InitializeManager -  0.000 s
[2020.04.14-11.41.14:042][  0]LogInit: Initializing FReadOnlyCVARCache
[2020.04.14-11.41.14:052][  0]LogAIModule: Creating AISystem for world Untitled
[2020.04.14-11.41.14:066][  0]LogAudioMixer: Display: Audio Mixer Platform Settings:
[2020.04.14-11.41.14:066][  0]LogAudioMixer: Display: 	Sample Rate:						  48000
[2020.04.14-11.41.14:066][  0]LogAudioMixer: Display: 	Callback Buffer Frame Size Requested: 1024
[2020.04.14-11.41.14:066][  0]LogAudioMixer: Display: 	Callback Buffer Frame Size To Use:	  1024
[2020.04.14-11.41.14:066][  0]LogAudioMixer: Display: 	Number of buffers to queue:			  2
[2020.04.14-11.41.14:066][  0]LogAudioMixer: Display: 	Max Channels (voices):				  32
[2020.04.14-11.41.14:066][  0]LogAudioMixer: Display: 	Number of Async Source Workers:		  0
[2020.04.14-11.41.14:066][  0]LogAudio: Display: AudioDevice MaxSources: 32
[2020.04.14-11.41.14:067][  0]LogAudio: Display: Using built-in audio occlusion.
[2020.04.14-11.41.14:067][  0]LogAudioMixer: Display: Initializing audio mixer.
[2020.04.14-11.41.14:129][  0]LogAudioMixer: Display: Audio Device Output Speaker Info:
[2020.04.14-11.41.14:129][  0]LogAudioMixer: Display: Name: Speakers (HyperX Cloud Revolver S)
[2020.04.14-11.41.14:129][  0]LogAudioMixer: Display: Is Default: Yes
[2020.04.14-11.41.14:129][  0]LogAudioMixer: Display: Sample Rate: 48000
[2020.04.14-11.41.14:129][  0]LogAudioMixer: Display: Channel Count Used: 2
[2020.04.14-11.41.14:129][  0]LogAudioMixer: Display: Device Channel Count: 2
[2020.04.14-11.41.14:129][  0]LogAudioMixer: Display: Channel Order:
[2020.04.14-11.41.14:129][  0]LogAudioMixer: Display: 0: FrontLeft
[2020.04.14-11.41.14:129][  0]LogAudioMixer: Display: 1: FrontRight
[2020.04.14-11.41.14:152][  0]LogAudioMixer: Display: Using Audio Device Speakers (HyperX Cloud Revolver S)
[2020.04.14-11.41.14:158][  0]LogInit: FAudioDevice initialized.
[2020.04.14-11.41.14:158][  0]LogNetVersion: Set ProjectVersion to 1.0.0.0. Version Checksum will be recalculated on next use.
[2020.04.14-11.41.14:256][  0]LogDerivedDataCache: Saved boot cache 0.10s 79MB C:/Users/scbis/AppData/Local/UnrealEngine/4.24/DerivedDataCache/Boot.ddc.
[2020.04.14-11.41.14:266][  0]LogInit: Texture streaming: Enabled
[2020.04.14-11.41.14:278][  0]LogEngineSessionManager: EngineSessionManager initialized
[2020.04.14-11.41.14:278][  0]LogEditorSessionSummary: Verbose: Initializing EditorSessionSummaryWriter for editor session tracking
[2020.04.14-11.41.14:287][  0]LogEditorSessionSummary: EditorSessionSummaryWriter initialized
[2020.04.14-11.41.14:370][  0]LogInit: Transaction tracking system initialized
[2020.04.14-11.41.14:381][  0]BlueprintLog: New page: Editor Load
[2020.04.14-11.41.14:413][  0]LocalizationService: Localization service is disabled
[2020.04.14-11.41.14:789][  0]LogFileCache: Scanning file cache for directory 'C:/Users/scbis/Desktop/Programming/Games Projects/Battle_Tank/Battle_Tanks/Battle_Tank/Content/' took 0.01s
[2020.04.14-11.41.14:790][  0]LogCook: Display: Max memory allowance for cook 16384mb min free memory 0mb
[2020.04.14-11.41.14:790][  0]LogCook: Display: Mobile HDR setting 1
[2020.04.14-11.41.15:540][  0]SourceControl: Source control is disabled
[2020.04.14-11.41.15:541][  0]Cmd: MAP LOAD FILE="C:/Users/scbis/Desktop/Programming/Games Projects/Battle_Tank/Battle_Tanks/Battle_Tank/Content/Battleground.umap" TEMPLATE=0 SHOWPROGRESS=1 FEATURELEVEL=3
[2020.04.14-11.41.15:541][  0]LightingResults: New page: Lighting Build
[2020.04.14-11.41.15:542][  0]LogWorld: UWorld::CleanupWorld for Untitled, bSessionEnded=true, bCleanupResources=true
[2020.04.14-11.41.15:542][  0]LogSlate: InvalidateAllWidgets triggered.  All widgets were invalidated
[2020.04.14-11.41.15:542][  0]MapCheck: New page: Map Check
[2020.04.14-11.41.15:542][  0]LightingResults: New page: Lighting Build
[2020.04.14-11.41.15:580][  0]LogUObjectHash: Compacting FUObjectHashTables data took   2.07ms
[2020.04.14-11.41.15:802][  0]LogTexture: Display: Building textures: Texture2D_10 (BGRA8, 512X512)
[2020.04.14-11.41.15:802][  0]LogTexture: Display: Building textures: Texture2D_1 (BGRA8, 512X512)
[2020.04.14-11.41.15:802][  0]LogTexture: Display: Building textures: Texture2D_0 (BGRA8, 512X512)
[2020.04.14-11.41.15:802][  0]LogTexture: Display: Building textures: Texture2D_11 (BGRA8, 512X512)
[2020.04.14-11.41.15:803][  0]LogTexture: Display: Building textures: Texture2D_13 (BGRA8, 512X512)
[2020.04.14-11.41.15:803][  0]LogTexture: Display: Building textures: Texture2D_12 (BGRA8, 512X512)
[2020.04.14-11.41.15:803][  0]LogTexture: Display: Building textures: Texture2D_16 (BGRA8, 256X256)
[2020.04.14-11.41.15:803][  0]LogTexture: Display: Building textures: Texture2D_14 (BGRA8, 512X512)
[2020.04.14-11.41.15:803][  0]LogTexture: Display: Building textures: Texture2D_19 (BGRA8, 256X256)
[2020.04.14-11.41.15:803][  0]LogTexture: Display: Building textures: Texture2D_17 (BGRA8, 256X256)
[2020.04.14-11.41.15:803][  0]LogTexture: Display: Building textures: Texture2D_18 (BGRA8, 256X256)
[2020.04.14-11.41.15:803][  0]LogTexture: Display: Building textures: Texture2D_20 (BGRA8, 256X256)
[2020.04.14-11.41.15:803][  0]LogTexture: Display: Building textures: Texture2D_15 (BGRA8, 512X512)
[2020.04.14-11.41.15:803][  0]LogTexture: Display: Building textures: Texture2D_21 (BGRA8, 256X256)
[2020.04.14-11.41.15:803][  0]LogTexture: Display: Building textures: Texture2D_22 (BGRA8, 256X256)
[2020.04.14-11.41.15:803][  0]LogTexture: Display: Building textures: Texture2D_24 (BGRA8, 256X256)
[2020.04.14-11.41.15:803][  0]LogTexture: Display: Building textures: Texture2D_23 (BGRA8, 256X256)
[2020.04.14-11.41.15:803][  0]LogTexture: Display: Building textures: Texture2D_67 (BGRA8, 256X256)
[2020.04.14-11.41.15:805][  0]LogTexture: Display: Building textures: Texture2D_25 (BGRA8, 256X256)
[2020.04.14-11.41.15:805][  0]LogTexture: Display: Building textures: Texture2D_26 (BGRA8, 256X256)
[2020.04.14-11.41.15:809][  0]LogTexture: Display: Building textures: Texture2D_27 (BGRA8, 256X256)
[2020.04.14-11.41.15:809][  0]LogTexture: Display: Building textures: Texture2D_28 (BGRA8, 256X256)
[2020.04.14-11.41.15:812][  0]LogTexture: Display: Building textures: Texture2D_29 (BGRA8, 256X256)
[2020.04.14-11.41.15:817][  0]LogTexture: Display: Building textures: Texture2D_30 (BGRA8, 256X256)
[2020.04.14-11.41.15:821][  0]LogTexture: Display: Building textures: Texture2D_31 (BGRA8, 256X256)
[2020.04.14-11.41.15:825][  0]LogTexture: Display: Building textures: Texture2D_3 (BGRA8, 512X512)
[2020.04.14-11.41.15:831][  0]LogTexture: Display: Building textures: Texture2D_32 (BGRA8, 256X256)
[2020.04.14-11.41.15:831][  0]LogTexture: Display: Building textures: Texture2D_33 (BGRA8, 256X256)
[2020.04.14-11.41.15:831][  0]LogTexture: Display: Building textures: Texture2D_34 (BGRA8, 256X256)
[2020.04.14-11.41.15:836][  0]LogTexture: Display: Building textures: Texture2D_36 (BGRA8, 256X256)
[2020.04.14-11.41.15:836][  0]LogTexture: Display: Building textures: Texture2D_37 (BGRA8, 256X256)
[2020.04.14-11.41.15:836][  0]LogTexture: Display: Building textures: Texture2D_35 (BGRA8, 256X256)
[2020.04.14-11.41.15:840][  0]LogTexture: Display: Building textures: Texture2D_39 (BGRA8, 256X256)
[2020.04.14-11.41.15:842][  0]LogTexture: Display: Building textures: Texture2D_38 (BGRA8, 256X256)
[2020.04.14-11.41.15:845][  0]LogTexture: Display: Building textures: Texture2D_40 (BGRA8, 256X256)
[2020.04.14-11.41.15:846][  0]LogTexture: Display: Building textures: Texture2D_41 (BGRA8, 256X256)
[2020.04.14-11.41.15:850][  0]LogTexture: Display: Building textures: Texture2D_4 (BGRA8, 512X512)
[2020.04.14-11.41.15:850][  0]LogTexture: Display: Building textures: Texture2D_42 (BGRA8, 256X256)
[2020.04.14-11.41.15:850][  0]LogTexture: Display: Building textures: Texture2D_43 (BGRA8, 256X256)
[2020.04.14-11.41.15:854][  0]LogTexture: Display: Building textures: Texture2D_44 (BGRA8, 256X256)
[2020.04.14-11.41.15:854][  0]LogTexture: Display: Building textures: Texture2D_45 (BGRA8, 256X256)
[2020.04.14-11.41.15:858][  0]LogTexture: Display: Building textures: Texture2D_47 (BGRA8, 256X256)
[2020.04.14-11.41.15:858][  0]LogTexture: Display: Building textures: Texture2D_48 (BGRA8, 256X256)
[2020.04.14-11.41.15:858][  0]LogTexture: Display: Building textures: Texture2D_46 (BGRA8, 256X256)
[2020.04.14-11.41.15:863][  0]LogTexture: Display: Building textures: Texture2D_49 (BGRA8, 256X256)
[2020.04.14-11.41.15:863][  0]LogTexture: Display: Building textures: Texture2D_50 (BGRA8, 256X256)
[2020.04.14-11.41.15:866][  0]LogTexture: Display: Building textures: Texture2D_51 (BGRA8, 256X256)
[2020.04.14-11.41.15:867][  0]LogTexture: Display: Building textures: Texture2D_52 (BGRA8, 256X256)
[2020.04.14-11.41.15:867][  0]LogTexture: Display: Building textures: Texture2D_5 (BGRA8, 512X512)
[2020.04.14-11.41.15:870][  0]LogTexture: Display: Building textures: Texture2D_53 (BGRA8, 256X256)
[2020.04.14-11.41.15:875][  0]LogTexture: Display: Building textures: Texture2D_54 (BGRA8, 256X256)
[2020.04.14-11.41.15:875][  0]LogTexture: Display: Building textures: Texture2D_55 (BGRA8, 256X256)
[2020.04.14-11.41.15:877][  0]LogTexture: Display: Building textures: Texture2D_56 (BGRA8, 256X256)
[2020.04.14-11.41.15:879][  0]LogTexture: Display: Building textures: Texture2D_57 (BGRA8, 256X256)
[2020.04.14-11.41.15:880][  0]LogTexture: Display: Building textures: Texture2D_59 (BGRA8, 256X256)
[2020.04.14-11.41.15:880][  0]LogTexture: Display: Building textures: Texture2D_58 (BGRA8, 256X256)
[2020.04.14-11.41.15:884][  0]LogTexture: Display: Building textures: Texture2D_60 (BGRA8, 256X256)
[2020.04.14-11.41.15:884][  0]LogTexture: Display: Building textures: Texture2D_61 (BGRA8, 256X256)
[2020.04.14-11.41.15:886][  0]LogTexture: Display: Building textures: Texture2D_6 (BGRA8, 512X512)
[2020.04.14-11.41.15:889][  0]LogTexture: Display: Building textures: Texture2D_63 (BGRA8, 256X256)
[2020.04.14-11.41.15:889][  0]LogTexture: Display: Building textures: Texture2D_62 (BGRA8, 256X256)
[2020.04.14-11.41.15:894][  0]LogTexture: Display: Building textures: Texture2D_64 (BGRA8, 256X256)
[2020.04.14-11.41.15:894][  0]LogTexture: Display: Building textures: Texture2D_65 (BGRA8, 256X256)
[2020.04.14-11.41.15:898][  0]LogTexture: Display: Building textures: Texture2D_66 (BGRA8, 256X256)
[2020.04.14-11.41.15:898][  0]LogTexture: Display: Building textures: Texture2D_68 (BGRA8, 256X256)
[2020.04.14-11.41.15:898][  0]LogTexture: Display: Building textures: Texture2D_69 (BGRA8, 256X256)
[2020.04.14-11.41.15:905][  0]LogTexture: Display: Building textures: Texture2D_2 (BGRA8, 512X512)
[2020.04.14-11.41.15:907][  0]LogTexture: Display: Building textures: Texture2D_9 (BGRA8, 512X512)
[2020.04.14-11.41.15:911][  0]LogTexture: Display: Building textures: Texture2D_8 (BGRA8, 512X512)
[2020.04.14-11.41.15:914][  0]LogTexture: Display: Building textures: Texture2D_7 (BGRA8, 512X512)
[2020.04.14-11.41.15:919][  0]LogTexture: Display: Building textures: HQ_Lightmap0_1 (AutoDXT, 512X512)
[2020.04.14-11.41.15:930][  0]LogTexture: Display: Building textures: HQ_Lightmap1_11 (AutoDXT, 512X512)
[2020.04.14-11.41.15:937][  0]LogTexture: Display: Building textures: HQ_Lightmap0_2 (AutoDXT, 512X512)
[2020.04.14-11.41.15:937][  0]LogTexture: Display: Building textures: HQ_Lightmap1_10 (AutoDXT, 512X512)
[2020.04.14-11.41.15:954][  0]LogTexture: Display: Building textures: HQ_Lightmap1_13 (AutoDXT, 512X512)
[2020.04.14-11.41.15:954][  0]LogTexture: Display: Building textures: HQ_Lightmap1_12 (AutoDXT, 512X512)
[2020.04.14-11.41.15:954][  0]LogMaterial: Display: Missing cached shader map for material Landscape, compiling. 
[2020.04.14-11.41.16:168][  0]LogShaderCompilers: Display: Worker (1/5): shaders left to compile 24
[2020.04.14-11.41.16:168][  0]LogShaderCompilers: Display: Worker (2/5): shaders left to compile 19
[2020.04.14-11.41.16:168][  0]LogShaderCompilers: Display: Worker (3/5): shaders left to compile 14
[2020.04.14-11.41.16:168][  0]LogShaderCompilers: Display: Worker (4/5): shaders left to compile 9
[2020.04.14-11.41.16:168][  0]LogShaderCompilers: Display: Worker (5/5): shaders left to compile 4
[2020.04.14-11.41.16:168][  0]LogMaterial: Display: Missing cached shader map for material Landscape, compiling. 
[2020.04.14-11.41.16:239][  0]LogMaterial: Display: Missing cached shader map for material Landscape, compiling. 
[2020.04.14-11.41.16:297][  0]LogTexture: Display: Building textures: HQ_Lightmap1_14 (AutoDXT, 512X512)
[2020.04.14-11.41.16:306][  0]LogTexture: Display: Building textures: HQ_Lightmap1_15 (AutoDXT, 512X512)
[2020.04.14-11.41.16:307][  0]LogMaterial: Display: Missing cached shader map for material Landscape, compiling. 
[2020.04.14-11.41.16:360][  0]LogTexture: Display: Building textures: HQ_Lightmap1_16 (AutoDXT, 512X512)
[2020.04.14-11.41.16:400][  0]LogTexture: Display: Building textures: HQ_Lightmap1_17 (AutoDXT, 512X512)
[2020.04.14-11.41.16:401][  0]LogTexture: Display: Building textures: HQ_Lightmap1_18 (AutoDXT, 512X512)
[2020.04.14-11.41.16:401][  0]LogMaterial: Display: Missing cached shader map for material Landscape, compiling. 
[2020.04.14-11.41.16:463][  0]LogTexture: Display: Building textures: HQ_Lightmap1_19 (AutoDXT, 512X512)
[2020.04.14-11.41.16:472][  0]LogMaterial: Display: Missing cached shader map for material Landscape, compiling. 
[2020.04.14-11.41.16:534][  0]LogMaterial: Display: Missing cached shader map for material Landscape, compiling. 
[2020.04.14-11.41.16:623][  0]LogMaterial: Display: Missing cached shader map for material Landscape, compiling. 
[2020.04.14-11.41.16:713][  0]LogTexture: Display: Building textures: HQ_Lightmap1_20 (AutoDXT, 512X512)
[2020.04.14-11.41.16:721][  0]LogMaterial: Display: Missing cached shader map for material Landscape, compiling. 
[2020.04.14-11.41.16:797][  0]LogTexture: Display: Building textures: HQ_Lightmap1_21 (AutoDXT, 512X512)
[2020.04.14-11.41.16:808][  0]LogTexture: Display: Building textures: HQ_Lightmap1_22 (AutoDXT, 512X512)
[2020.04.14-11.41.16:808][  0]LogMaterial: Display: Missing cached shader map for material Landscape, compiling. 
[2020.04.14-11.41.16:868][  0]LogTexture: Display: Building textures: HQ_Lightmap1_23 (AutoDXT, 512X512)
[2020.04.14-11.41.16:868][  0]LogTexture: Display: Building textures: HQ_Lightmap1_24 (AutoDXT, 512X512)
[2020.04.14-11.41.16:877][  0]LogMaterial: Display: Missing cached shader map for material Landscape, compiling. 
[2020.04.14-11.41.16:936][  0]LogTexture: Display: Building textures: HQ_Lightmap1_25 (AutoDXT, 512X512)
[2020.04.14-11.41.16:945][  0]LogMaterial: Display: Missing cached shader map for material Landscape, compiling. 
[2020.04.14-11.41.17:020][  0]LogMaterial: Display: Missing cached shader map for material Landscape, compiling. 
[2020.04.14-11.41.17:085][  0]LogTexture: Display: Building textures: HQ_Lightmap1_26 (AutoDXT, 512X512)
[2020.04.14-11.41.17:095][  0]LogMaterial: Display: Missing cached shader map for material Landscape, compiling. 
[2020.04.14-11.41.17:152][  0]LogTexture: Display: Building textures: HQ_Lightmap1_27 (AutoDXT, 512X512)
[2020.04.14-11.41.17:161][  0]LogMaterial: Display: Missing cached shader map for material Landscape, compiling. 
[2020.04.14-11.41.17:227][  0]LogTexture: Display: Building textures: HQ_Lightmap1_28 (AutoDXT, 512X512)
[2020.04.14-11.41.17:227][  0]LogTexture: Display: Building textures: HQ_Lightmap1_29 (AutoDXT, 512X512)
[2020.04.14-11.41.17:242][  0]LogMaterial: Display: Missing cached shader map for material Landscape, compiling. 
[2020.04.14-11.41.17:320][  0]LogTexture: Display: Building textures: HQ_Lightmap1_3 (AutoDXT, 512X512)
[2020.04.14-11.41.17:329][  0]LogTexture: Display: Building textures: HQ_Lightmap1_30 (AutoDXT, 512X512)
[2020.04.14-11.41.17:330][  0]LogMaterial: Display: Missing cached shader map for material Landscape, compiling. 
[2020.04.14-11.41.17:397][  0]LogMaterial: Display: Missing cached shader map for material Landscape, compiling. 
[2020.04.14-11.41.17:468][  0]LogTexture: Display: Building textures: HQ_Lightmap1_31 (AutoDXT, 512X512)
[2020.04.14-11.41.17:468][  0]LogMaterial: Display: Missing cached shader map for material Landscape, compiling. 
[2020.04.14-11.41.17:531][  0]LogMaterial: Display: Missing cached shader map for material Landscape, compiling. 
[2020.04.14-11.41.17:585][  0]LogTexture: Display: Building textures: HQ_Lightmap1_32 (AutoDXT, 512X512)
[2020.04.14-11.41.17:596][  0]LogMaterial: Display: Missing cached shader map for material Landscape, compiling. 
[2020.04.14-11.41.17:651][  0]LogTexture: Display: Building textures: HQ_Lightmap1_33 (AutoDXT, 512X512)
[2020.04.14-11.41.17:652][  0]LogTexture: Display: Building textures: HQ_Lightmap1_34 (AutoDXT, 512X512)
[2020.04.14-11.41.17:661][  0]LogMaterial: Display: Missing cached shader map for material Landscape, compiling. 
[2020.04.14-11.41.17:714][  0]LogTexture: Display: Building textures: HQ_Lightmap1_35 (AutoDXT, 512X512)
[2020.04.14-11.41.17:722][  0]LogTexture: Display: Building textures: HQ_Lightmap1_36 (AutoDXT, 512X512)
[2020.04.14-11.41.17:722][  0]LogMaterial: Display: Missing cached shader map for material Landscape, compiling. 
[2020.04.14-11.41.17:783][  0]LogMaterial: Display: Missing cached shader map for material Landscape, compiling. 
[2020.04.14-11.41.17:843][  0]LogMaterial: Display: Missing cached shader map for material Landscape, compiling. 
[2020.04.14-11.41.17:895][  0]LogTexture: Display: Building textures: HQ_Lightmap1_37 (AutoDXT, 512X512)
[2020.04.14-11.41.17:904][  0]LogMaterial: Display: Missing cached shader map for material Landscape, compiling. 
[2020.04.14-11.41.17:956][  0]LogTexture: Display: Building textures: HQ_Lightmap1_38 (AutoDXT, 512X512)
[2020.04.14-11.41.17:966][  0]LogMaterial: Display: Missing cached shader map for material Landscape, compiling. 
[2020.04.14-11.41.18:020][  0]LogTexture: Display: Building textures: HQ_Lightmap1_39 (AutoDXT, 512X512)
[2020.04.14-11.41.18:020][  0]LogTexture: Display: Building textures: HQ_Lightmap1_4 (AutoDXT, 512X512)
[2020.04.14-11.41.18:030][  0]LogMaterial: Display: Missing cached shader map for material Landscape, compiling. 
[2020.04.14-11.41.18:083][  0]LogTexture: Display: Building textures: HQ_Lightmap1_40 (AutoDXT, 512X512)
[2020.04.14-11.41.18:093][  0]LogMaterial: Display: Missing cached shader map for material Landscape, compiling. 
[2020.04.14-11.41.18:162][  0]LogTexture: Display: Building textures: HQ_Lightmap1_41 (AutoDXT, 512X512)
[2020.04.14-11.41.18:174][  0]LogMaterial: Display: Missing cached shader map for material Landscape, compiling. 
[2020.04.14-11.41.18:253][  0]LogTexture: Display: Building textures: HQ_Lightmap1_42 (AutoDXT, 512X512)
[2020.04.14-11.41.18:266][  0]LogMaterial: Display: Missing cached shader map for material Landscape, compiling. 
[2020.04.14-11.41.18:350][  0]LogTexture: Display: Building textures: HQ_Lightmap1_43 (AutoDXT, 512X512)
[2020.04.14-11.41.18:350][  0]LogMaterial: Display: Missing cached shader map for material Landscape, compiling. 
[2020.04.14-11.41.18:413][  0]LogTexture: Display: Building textures: HQ_Lightmap1_44 (AutoDXT, 512X512)
[2020.04.14-11.41.18:413][  0]LogTexture: Display: Building textures: HQ_Lightmap1_45 (AutoDXT, 512X512)
[2020.04.14-11.41.18:425][  0]LogMaterial: Display: Missing cached shader map for material Landscape, compiling. 
[2020.04.14-11.41.18:496][  0]LogMaterial: Display: Missing cached shader map for material Landscape, compiling. 
[2020.04.14-11.41.18:556][  0]LogTexture: Display: Building textures: HQ_Lightmap1_46 (AutoDXT, 512X512)
[2020.04.14-11.41.18:557][  0]LogTexture: Display: Building textures: HQ_Lightmap1_47 (AutoDXT, 512X512)
[2020.04.14-11.41.18:565][  0]LogMaterial: Display: Missing cached shader map for material Landscape, compiling. 
[2020.04.14-11.41.18:628][  0]LogMaterial: Display: Missing cached shader map for material Landscape, compiling. 
[2020.04.14-11.41.18:697][  0]LogTexture: Display: Building textures: HQ_Lightmap1_48 (AutoDXT, 512X512)
[2020.04.14-11.41.18:707][  0]LogMaterial: Display: Missing cached shader map for material Landscape, compiling. 
[2020.04.14-11.41.18:764][  0]LogTexture: Display: Building textures: HQ_Lightmap1_49 (AutoDXT, 512X512)
[2020.04.14-11.41.18:772][  0]LogMaterial: Display: Missing cached shader map for material Landscape, compiling. 
[2020.04.14-11.41.18:824][  0]LogTexture: Display: Building textures: HQ_Lightmap1_5 (AutoDXT, 512X512)
[2020.04.14-11.41.18:824][  0]LogTexture: Display: Building textures: HQ_Lightmap1_50 (AutoDXT, 512X512)
[2020.04.14-11.41.18:833][  0]LogMaterial: Display: Missing cached shader map for material Landscape, compiling. 
[2020.04.14-11.41.18:902][  0]LogMaterial: Display: Missing cached shader map for material Landscape, compiling. 
[2020.04.14-11.41.18:957][  0]LogTexture: Display: Building textures: HQ_Lightmap1_51 (AutoDXT, 512X512)
[2020.04.14-11.41.18:957][  0]LogTexture: Display: Building textures: HQ_Lightmap1_52 (AutoDXT, 512X512)
[2020.04.14-11.41.18:968][  0]LogMaterial: Display: Missing cached shader map for material Landscape, compiling. 
[2020.04.14-11.41.19:050][  0]LogMaterial: Display: Missing cached shader map for material Landscape, compiling. 
[2020.04.14-11.41.19:105][  0]LogTexture: Display: Building textures: HQ_Lightmap1_53 (AutoDXT, 512X512)
[2020.04.14-11.41.19:115][  0]LogMaterial: Display: Missing cached shader map for material Landscape, compiling. 
[2020.04.14-11.41.19:168][  0]LogTexture: Display: Building textures: HQ_Lightmap1_54 (AutoDXT, 512X512)
[2020.04.14-11.41.19:168][  0]LogTexture: Display: Building textures: HQ_Lightmap1_55 (AutoDXT, 512X512)
[2020.04.14-11.41.19:180][  0]LogMaterial: Display: Missing cached shader map for material Landscape, compiling. 
[2020.04.14-11.41.19:237][  0]LogTexture: Display: Building textures: HQ_Lightmap1_56 (AutoDXT, 512X512)
[2020.04.14-11.41.19:246][  0]LogMaterial: Display: Missing cached shader map for material Landscape, compiling. 
[2020.04.14-11.41.19:311][  0]LogMaterial: Display: Missing cached shader map for material Landscape, compiling. 
[2020.04.14-11.41.19:401][  0]LogTexture: Display: Building textures: HQ_Lightmap1_57 (AutoDXT, 512X512)
[2020.04.14-11.41.19:410][  0]LogMaterial: Display: Missing cached shader map for material Landscape, compiling. 
[2020.04.14-11.41.19:472][  0]LogTexture: Display: Building textures: HQ_Lightmap1_58 (AutoDXT, 512X512)
[2020.04.14-11.41.19:483][  0]LogMaterial: Display: Missing cached shader map for material Landscape, compiling. 
[2020.04.14-11.41.19:539][  0]LogTexture: Display: Building textures: HQ_Lightmap1_59 (AutoDXT, 512X512)
[2020.04.14-11.41.19:549][  0]LogMaterial: Display: Missing cached shader map for material Landscape, compiling. 
[2020.04.14-11.41.19:607][  0]LogTexture: Display: Building textures: HQ_Lightmap1_6 (AutoDXT, 512X512)
[2020.04.14-11.41.19:616][  0]LogTexture: Display: Building textures: HQ_Lightmap1_60 (AutoDXT, 512X512)
[2020.04.14-11.41.19:617][  0]LogMaterial: Display: Missing cached shader map for material Landscape, compiling. 
[2020.04.14-11.41.19:668][  0]LogTexture: Display: Building textures: HQ_Lightmap1_61 (AutoDXT, 512X512)
[2020.04.14-11.41.19:677][  0]LogMaterial: Display: Missing cached shader map for material Landscape, compiling. 
[2020.04.14-11.41.19:737][  0]LogMaterial: Display: Missing cached shader map for material Landscape, compiling. 
[2020.04.14-11.41.19:797][  0]LogTexture: Display: Building textures: HQ_Lightmap1_62 (AutoDXT, 512X512)
[2020.04.14-11.41.19:806][  0]LogMaterial: Display: Missing cached shader map for material Landscape, compiling. 
[2020.04.14-11.41.19:862][  0]LogTexture: Display: Building textures: HQ_Lightmap1_63 (AutoDXT, 512X512)
[2020.04.14-11.41.19:871][  0]LogMaterial: Display: Missing cached shader map for material Landscape, compiling. 
[2020.04.14-11.41.19:926][  0]LogTexture: Display: Building textures: HQ_Lightmap1_64 (AutoDXT, 512X512)
[2020.04.14-11.41.19:926][  0]LogTexture: Display: Building textures: HQ_Lightmap1_65 (AutoDXT, 64X64)
[2020.04.14-11.41.19:926][  0]LogTexture: Display: Building textures: HQ_Lightmap1_7 (AutoDXT, 512X512)
[2020.04.14-11.41.19:935][  0]LogMaterial: Display: Missing cached shader map for material Landscape, compiling. 
[2020.04.14-11.41.20:009][  0]LogMaterial: Display: Missing cached shader map for material Landscape, compiling. 
[2020.04.14-11.41.20:092][  0]LogTexture: Display: Building textures: HQ_Lightmap1_8 (AutoDXT, 512X512)
[2020.04.14-11.41.20:092][  0]LogTexture: Display: Building textures: HQ_Lightmap1_9 (AutoDXT, 512X512)
[2020.04.14-11.41.20:101][  0]LogMaterial: Display: Missing cached shader map for material Landscape, compiling. 
[2020.04.14-11.41.20:167][  0]LogMaterial: Display: Missing cached shader map for material Landscape, compiling. 
[2020.04.14-11.41.20:229][  0]LogTexture: Display: Building textures: LQ_Lightmap_0_1 (DXT1, 512X512)
[2020.04.14-11.41.20:238][  0]LogTexture: Display: Building textures: LQ_Lightmap_0_2 (DXT1, 512X512)
[2020.04.14-11.41.20:238][  0]LogMaterial: Display: Missing cached shader map for material Landscape, compiling. 
[2020.04.14-11.41.20:327][  0]LogMaterial: Display: Missing cached shader map for material Landscape, compiling. 
[2020.04.14-11.41.20:391][  0]LogTexture: Display: Building textures: LQ_Lightmap_1_10 (DXT1, 512X512)
[2020.04.14-11.41.20:391][  0]LogTexture: Display: Building textures: LQ_Lightmap_1_11 (DXT1, 512X512)
[2020.04.14-11.41.20:399][  0]LogTexture: Display: Building textures: LQ_Lightmap_1_12 (DXT1, 512X512)
[2020.04.14-11.41.20:400][  0]LogMaterial: Display: Missing cached shader map for material Landscape, compiling. 
[2020.04.14-11.41.20:452][  0]LogTexture: Display: Building textures: LQ_Lightmap_1_13 (DXT1, 512X512)
[2020.04.14-11.41.20:461][  0]LogTexture: Display: Building textures: LQ_Lightmap_1_14 (DXT1, 512X512)
[2020.04.14-11.41.20:461][  0]LogMaterial: Display: Missing cached shader map for material Landscape, compiling. 
[2020.04.14-11.41.20:515][  0]LogTexture: Display: Building textures: LQ_Lightmap_1_15 (DXT1, 512X512)
[2020.04.14-11.41.20:525][  0]LogMaterial: Display: Missing cached shader map for material Landscape, compiling. 
[2020.04.14-11.41.20:587][  0]LogMaterial: Display: Missing cached shader map for material Landscape, compiling. 
[2020.04.14-11.41.20:639][  0]LogTexture: Display: Building textures: LQ_Lightmap_1_16 (DXT1, 512X512)
[2020.04.14-11.41.20:649][  0]LogTexture: Display: Building textures: LQ_Lightmap_1_17 (DXT1, 512X512)
[2020.04.14-11.41.20:649][  0]LogMaterial: Display: Missing cached shader map for material Landscape, compiling. 
[2020.04.14-11.41.20:703][  0]LogTexture: Display: Building textures: LQ_Lightmap_1_18 (DXT1, 512X512)
[2020.04.14-11.41.20:713][  0]LogMaterial: Display: Missing cached shader map for material Landscape, compiling. 
[2020.04.14-11.41.20:765][  0]LogTexture: Display: Building textures: LQ_Lightmap_1_19 (DXT1, 512X512)
[2020.04.14-11.41.20:765][  0]LogTexture: Display: Building textures: LQ_Lightmap_1_20 (DXT1, 512X512)
[2020.04.14-11.41.20:774][  0]LogMaterial: Display: Missing cached shader map for material Landscape, compiling. 
[2020.04.14-11.41.20:826][  0]LogTexture: Display: Building textures: LQ_Lightmap_1_21 (DXT1, 512X512)
[2020.04.14-11.41.20:843][  0]LogTexture: Display: Building textures: LQ_Lightmap_1_22 (DXT1, 512X512)
[2020.04.14-11.41.20:843][  0]LogMaterial: Display: Missing cached shader map for material Landscape, compiling. 
[2020.04.14-11.41.20:909][  0]LogTexture: Display: Building textures: LQ_Lightmap_1_23 (DXT1, 512X512)
[2020.04.14-11.41.20:909][  0]LogTexture: Display: Building textures: LQ_Lightmap_1_24 (DXT1, 512X512)
[2020.04.14-11.41.20:909][  0]LogMaterial: Display: Missing cached shader map for material Landscape, compiling. 
[2020.04.14-11.41.20:972][  0]LogTexture: Display: Building textures: LQ_Lightmap_1_25 (DXT1, 512X512)
[2020.04.14-11.41.20:982][  0]LogMaterial: Display: Missing cached shader map for material Landscape, compiling. 
[2020.04.14-11.41.21:032][  0]LogTexture: Display: Building textures: LQ_Lightmap_1_26 (DXT1, 512X512)
[2020.04.14-11.41.21:032][  0]LogTexture: Display: Building textures: LQ_Lightmap_1_27 (DXT1, 512X512)
[2020.04.14-11.41.21:040][  0]LogMaterial: Display: Missing cached shader map for material Landscape, compiling. 
[2020.04.14-11.41.21:122][  0]LogTexture: Display: Building textures: LQ_Lightmap_1_28 (DXT1, 512X512)
[2020.04.14-11.41.21:122][  0]LogTexture: Display: Building textures: LQ_Lightmap_1_29 (DXT1, 512X512)
[2020.04.14-11.41.21:150][  0]LogTexture: Display: Building textures: LQ_Lightmap_1_3 (DXT1, 512X512)
[2020.04.14-11.41.21:151][  0]LogStaticMesh: Building static mesh tank_fbx_Barrel...
[2020.04.14-11.41.21:207][  0]LogStaticMesh: Built static mesh [0.06s] /Game/Tank/tank_fbx_Barrel.tank_fbx_Barrel
[2020.04.14-11.41.21:529][  0]LogTexture: Display: Building textures: LQ_Lightmap_1_30 (DXT1, 512X512)
[2020.04.14-11.41.21:530][  0]LogTexture: Display: Building textures: LQ_Lightmap_1_31 (DXT1, 512X512)
[2020.04.14-11.41.21:530][  0]LogTexture: Display: Building textures: LQ_Lightmap_1_32 (DXT1, 512X512)
[2020.04.14-11.41.21:530][  0]LogTexture: Display: Building textures: LQ_Lightmap_1_33 (DXT1, 512X512)
[2020.04.14-11.41.21:530][  0]LogTexture: Display: Building textures: LQ_Lightmap_1_35 (DXT1, 512X512)
[2020.04.14-11.41.21:530][  0]LogTexture: Display: Building textures: LQ_Lightmap_1_34 (DXT1, 512X512)
[2020.04.14-11.41.21:530][  0]LogTexture: Display: Building textures: LQ_Lightmap_1_36 (DXT1, 512X512)
[2020.04.14-11.41.21:530][  0]LogTexture: Display: Building textures: LQ_Lightmap_1_37 (DXT1, 512X512)
[2020.04.14-11.41.21:530][  0]LogTexture: Display: Building textures: LQ_Lightmap_1_38 (DXT1, 512X512)
[2020.04.14-11.41.21:530][  0]LogStaticMesh: Building static mesh tank_fbx_Track...
[2020.04.14-11.41.22:155][  0]LogTexture: Display: Building textures: LQ_Lightmap_1_39 (DXT1, 512X512)
[2020.04.14-11.41.22:156][  0]LogTexture: Display: Building textures: LQ_Lightmap_1_4 (DXT1, 512X512)
[2020.04.14-11.41.22:156][  0]LogTexture: Display: Building textures: LQ_Lightmap_1_40 (DXT1, 512X512)
[2020.04.14-11.41.22:156][  0]LogTexture: Display: Building textures: LQ_Lightmap_1_41 (DXT1, 512X512)
[2020.04.14-11.41.22:156][  0]LogTexture: Display: Building textures: LQ_Lightmap_1_42 (DXT1, 512X512)
[2020.04.14-11.41.22:156][  0]LogTexture: Display: Building textures: LQ_Lightmap_1_43 (DXT1, 512X512)
[2020.04.14-11.41.22:156][  0]LogTexture: Display: Building textures: LQ_Lightmap_1_44 (DXT1, 512X512)
[2020.04.14-11.41.22:156][  0]LogTexture: Display: Building textures: LQ_Lightmap_1_45 (DXT1, 512X512)
[2020.04.14-11.41.22:156][  0]LogTexture: Display: Building textures: LQ_Lightmap_1_46 (DXT1, 512X512)
[2020.04.14-11.41.22:156][  0]LogTexture: Display: Building textures: LQ_Lightmap_1_47 (DXT1, 512X512)
[2020.04.14-11.41.22:156][  0]LogTexture: Display: Building textures: LQ_Lightmap_1_48 (DXT1, 512X512)
[2020.04.14-11.41.22:156][  0]LogTexture: Display: Building textures: LQ_Lightmap_1_49 (DXT1, 512X512)
[2020.04.14-11.41.22:156][  0]LogTexture: Display: Building textures: LQ_Lightmap_1_5 (DXT1, 512X512)
[2020.04.14-11.41.22:156][  0]LogStaticMesh: Built static mesh [0.63s] /Game/Tank/tank_fbx_Track.tank_fbx_Track
[2020.04.14-11.41.22:902][  0]LogTexture: Display: Building textures: LQ_Lightmap_1_50 (DXT1, 512X512)
[2020.04.14-11.41.22:902][  0]LogTexture: Display: Building textures: LQ_Lightmap_1_51 (DXT1, 512X512)
[2020.04.14-11.41.22:902][  0]LogTexture: Display: Building textures: LQ_Lightmap_1_52 (DXT1, 512X512)
[2020.04.14-11.41.22:902][  0]LogTexture: Display: Building textures: LQ_Lightmap_1_54 (DXT1, 512X512)
[2020.04.14-11.41.22:902][  0]LogTexture: Display: Building textures: LQ_Lightmap_1_53 (DXT1, 512X512)
[2020.04.14-11.41.22:903][  0]LogTexture: Display: Building textures: LQ_Lightmap_1_55 (DXT1, 512X512)
[2020.04.14-11.41.22:903][  0]LogTexture: Display: Building textures: LQ_Lightmap_1_56 (DXT1, 512X512)
[2020.04.14-11.41.22:903][  0]LogTexture: Display: Building textures: LQ_Lightmap_1_57 (DXT1, 512X512)
[2020.04.14-11.41.22:903][  0]LogTexture: Display: Building textures: LQ_Lightmap_1_58 (DXT1, 512X512)
[2020.04.14-11.41.22:903][  0]LogTexture: Display: Building textures: LQ_Lightmap_1_59 (DXT1, 512X512)
[2020.04.14-11.41.22:903][  0]LogTexture: Display: Building textures: LQ_Lightmap_1_6 (DXT1, 512X512)
[2020.04.14-11.41.22:903][  0]LogTexture: Display: Building textures: LQ_Lightmap_1_60 (DXT1, 512X512)
[2020.04.14-11.41.22:903][  0]LogTexture: Display: Building textures: LQ_Lightmap_1_61 (DXT1, 512X512)
[2020.04.14-11.41.22:903][  0]LogTexture: Display: Building textures: LQ_Lightmap_1_62 (DXT1, 512X512)
[2020.04.14-11.41.22:903][  0]LogTexture: Display: Building textures: LQ_Lightmap_1_63 (DXT1, 512X512)
[2020.04.14-11.41.22:904][  0]LogTexture: Display: Building textures: LQ_Lightmap_1_65 (DXT1, 64X64)
[2020.04.14-11.41.22:904][  0]LogTexture: Display: Building textures: LQ_Lightmap_1_64 (DXT1, 512X512)
[2020.04.14-11.41.22:904][  0]LogTexture: Display: Building textures: LQ_Lightmap_1_7 (DXT1, 512X512)
[2020.04.14-11.41.22:904][  0]LogTexture: Display: Building textures: LQ_Lightmap_1_8 (DXT1, 512X512)
[2020.04.14-11.41.22:904][  0]LogStaticMesh: Building static mesh tank_fbx_Body...
[2020.04.14-11.41.23:829][  0]LogTexture: Display: Building textures: LQ_Lightmap_1_9 (DXT1, 512X512)
[2020.04.14-11.41.23:830][  0]LogTexture: Display: Building textures: ShadowMapTexture2D_0 (G8, 256X256)
[2020.04.14-11.41.23:830][  0]LogTexture: Display: Building textures: ShadowMapTexture2D_1 (G8, 256X256)
[2020.04.14-11.41.23:830][  0]LogTexture: Display: Building textures: ShadowMapTexture2D_10 (G8, 256X256)
[2020.04.14-11.41.23:830][  0]LogTexture: Display: Building textures: ShadowMapTexture2D_11 (G8, 256X256)
[2020.04.14-11.41.23:830][  0]LogTexture: Display: Building textures: ShadowMapTexture2D_12 (G8, 256X256)
[2020.04.14-11.41.23:830][  0]LogTexture: Display: Building textures: ShadowMapTexture2D_13 (G8, 256X256)
[2020.04.14-11.41.23:830][  0]LogTexture: Display: Building textures: ShadowMapTexture2D_14 (G8, 256X256)
[2020.04.14-11.41.23:830][  0]LogTexture: Display: Building textures: ShadowMapTexture2D_15 (G8, 256X256)
[2020.04.14-11.41.23:830][  0]LogTexture: Display: Building textures: ShadowMapTexture2D_16 (G8, 256X256)
[2020.04.14-11.41.23:830][  0]LogTexture: Display: Building textures: ShadowMapTexture2D_17 (G8, 256X256)
[2020.04.14-11.41.23:830][  0]LogTexture: Display: Building textures: ShadowMapTexture2D_18 (G8, 256X256)
[2020.04.14-11.41.23:830][  0]LogTexture: Display: Building textures: ShadowMapTexture2D_19 (G8, 256X256)
[2020.04.14-11.41.23:830][  0]LogTexture: Display: Building textures: ShadowMapTexture2D_20 (G8, 256X256)
[2020.04.14-11.41.23:830][  0]LogTexture: Display: Building textures: ShadowMapTexture2D_2 (G8, 256X256)
[2020.04.14-11.41.23:830][  0]LogTexture: Display: Building textures: ShadowMapTexture2D_21 (G8, 256X256)
[2020.04.14-11.41.23:830][  0]LogTexture: Display: Building textures: ShadowMapTexture2D_23 (G8, 256X256)
[2020.04.14-11.41.23:830][  0]LogTexture: Display: Building textures: ShadowMapTexture2D_24 (G8, 256X256)
[2020.04.14-11.41.23:830][  0]LogTexture: Display: Building textures: ShadowMapTexture2D_22 (G8, 256X256)
[2020.04.14-11.41.23:830][  0]LogTexture: Display: Building textures: ShadowMapTexture2D_25 (G8, 256X256)
[2020.04.14-11.41.23:830][  0]LogTexture: Display: Building textures: ShadowMapTexture2D_26 (G8, 256X256)
[2020.04.14-11.41.23:830][  0]LogTexture: Display: Building textures: ShadowMapTexture2D_27 (G8, 256X256)
[2020.04.14-11.41.23:830][  0]LogTexture: Display: Building textures: ShadowMapTexture2D_29 (G8, 256X256)
[2020.04.14-11.41.23:830][  0]LogTexture: Display: Building textures: ShadowMapTexture2D_28 (G8, 256X256)
[2020.04.14-11.41.23:830][  0]LogTexture: Display: Building textures: ShadowMapTexture2D_3 (G8, 256X256)
[2020.04.14-11.41.23:830][  0]LogTexture: Display: Building textures: ShadowMapTexture2D_32 (G8, 256X256)
[2020.04.14-11.41.23:830][  0]LogTexture: Display: Building textures: ShadowMapTexture2D_30 (G8, 256X256)
[2020.04.14-11.41.23:830][  0]LogTexture: Display: Building textures: ShadowMapTexture2D_31 (G8, 256X256)
[2020.04.14-11.41.23:830][  0]LogTexture: Display: Building textures: ShadowMapTexture2D_34 (G8, 256X256)
[2020.04.14-11.41.23:830][  0]LogTexture: Display: Building textures: ShadowMapTexture2D_33 (G8, 256X256)
[2020.04.14-11.41.23:830][  0]LogTexture: Display: Building textures: ShadowMapTexture2D_35 (G8, 256X256)
[2020.04.14-11.41.23:830][  0]LogTexture: Display: Building textures: ShadowMapTexture2D_37 (G8, 256X256)
[2020.04.14-11.41.23:830][  0]LogTexture: Display: Building textures: ShadowMapTexture2D_38 (G8, 256X256)
[2020.04.14-11.41.23:831][  0]LogTexture: Display: Building textures: ShadowMapTexture2D_36 (G8, 256X256)
[2020.04.14-11.41.23:831][  0]LogTexture: Display: Building textures: ShadowMapTexture2D_4 (G8, 256X256)
[2020.04.14-11.41.23:831][  0]LogTexture: Display: Building textures: ShadowMapTexture2D_39 (G8, 256X256)
[2020.04.14-11.41.23:831][  0]LogTexture: Display: Building textures: ShadowMapTexture2D_40 (G8, 256X256)
[2020.04.14-11.41.23:831][  0]LogTexture: Display: Building textures: ShadowMapTexture2D_41 (G8, 256X256)
[2020.04.14-11.41.23:831][  0]LogTexture: Display: Building textures: ShadowMapTexture2D_42 (G8, 256X256)
[2020.04.14-11.41.23:831][  0]LogTexture: Display: Building textures: ShadowMapTexture2D_43 (G8, 256X256)
[2020.04.14-11.41.23:831][  0]LogTexture: Display: Building textures: ShadowMapTexture2D_44 (G8, 256X256)
[2020.04.14-11.41.23:831][  0]LogTexture: Display: Building textures: ShadowMapTexture2D_45 (G8, 256X256)
[2020.04.14-11.41.23:831][  0]LogTexture: Display: Building textures: ShadowMapTexture2D_46 (G8, 256X256)
[2020.04.14-11.41.23:831][  0]LogTexture: Display: Building textures: ShadowMapTexture2D_47 (G8, 256X256)
[2020.04.14-11.41.23:831][  0]LogTexture: Display: Building textures: ShadowMapTexture2D_48 (G8, 256X256)
[2020.04.14-11.41.23:831][  0]LogTexture: Display: Building textures: ShadowMapTexture2D_49 (G8, 256X256)
[2020.04.14-11.41.23:831][  0]LogTexture: Display: Building textures: ShadowMapTexture2D_5 (G8, 256X256)
[2020.04.14-11.41.23:831][  0]LogTexture: Display: Building textures: ShadowMapTexture2D_50 (G8, 256X256)
[2020.04.14-11.41.23:831][  0]LogTexture: Display: Building textures: ShadowMapTexture2D_51 (G8, 256X256)
[2020.04.14-11.41.23:831][  0]LogTexture: Display: Building textures: ShadowMapTexture2D_52 (G8, 256X256)
[2020.04.14-11.41.23:831][  0]LogTexture: Display: Building textures: ShadowMapTexture2D_53 (G8, 256X256)
[2020.04.14-11.41.23:831][  0]LogTexture: Display: Building textures: ShadowMapTexture2D_54 (G8, 256X256)
[2020.04.14-11.41.23:831][  0]LogTexture: Display: Building textures: ShadowMapTexture2D_55 (G8, 256X256)
[2020.04.14-11.41.23:831][  0]LogTexture: Display: Building textures: ShadowMapTexture2D_56 (G8, 256X256)
[2020.04.14-11.41.23:831][  0]LogTexture: Display: Building textures: ShadowMapTexture2D_57 (G8, 256X256)
[2020.04.14-11.41.23:831][  0]LogTexture: Display: Building textures: ShadowMapTexture2D_58 (G8, 256X256)
[2020.04.14-11.41.23:831][  0]LogTexture: Display: Building textures: ShadowMapTexture2D_59 (G8, 256X256)
[2020.04.14-11.41.23:831][  0]LogTexture: Display: Building textures: ShadowMapTexture2D_6 (G8, 256X256)
[2020.04.14-11.41.23:831][  0]LogTexture: Display: Building textures: ShadowMapTexture2D_60 (G8, 256X256)
[2020.04.14-11.41.23:831][  0]LogTexture: Display: Building textures: ShadowMapTexture2D_62 (G8, 256X256)
[2020.04.14-11.41.23:831][  0]LogTexture: Display: Building textures: ShadowMapTexture2D_61 (G8, 256X256)
[2020.04.14-11.41.23:831][  0]LogTexture: Display: Building textures: ShadowMapTexture2D_63 (G8, 256X256)
[2020.04.14-11.41.23:831][  0]LogTexture: Display: Building textures: ShadowMapTexture2D_64 (G8, 32X32)
[2020.04.14-11.41.23:831][  0]LogTexture: Display: Building textures: ShadowMapTexture2D_7 (G8, 256X256)
[2020.04.14-11.41.23:831][  0]LogTexture: Display: Building textures: ShadowMapTexture2D_8 (G8, 256X256)
[2020.04.14-11.41.23:831][  0]LogTexture: Display: Building textures: ShadowMapTexture2D_9 (G8, 256X256)
[2020.04.14-11.41.23:831][  0]LogStaticMesh: Built static mesh [0.93s] /Game/Tank/tank_fbx_Body.tank_fbx_Body
[2020.04.14-11.41.24:012][  0]LogStaticMesh: Building static mesh tank_fbx_Turret...
[2020.04.14-11.41.24:033][  0]LogStaticMesh: Built static mesh [0.02s] /Game/Tank/tank_fbx_Turret.tank_fbx_Turret
[2020.04.14-11.41.24:055][  0]LogAIModule: Creating AISystem for world Battleground
[2020.04.14-11.41.24:822][  0]LogEditorServer: Finished looking for orphan Actors (0.000 secs)
[2020.04.14-11.41.26:346][  0]LogUObjectHash: Compacting FUObjectHashTables data took   4.16ms
[2020.04.14-11.41.26:351][  0]Cmd: MAP CHECKDEP NOCLEARLOG
[2020.04.14-11.41.26:352][  0]MapCheck: Map check complete: 0 Error(s), 0 Warning(s), took 0.204ms to complete.
[2020.04.14-11.41.26:352][  0]LogFileHelpers: Loading map 'Battleground' took 10.811
[2020.04.14-11.41.26:663][  0]LogSlate: Updating window title bar state: overlay mode, drag disabled, window buttons hidden, title bar hidden
[2020.04.14-11.41.26:677][  0]LogSlate: Updating window title bar state: overlay mode, drag disabled, window buttons hidden, title bar hidden
[2020.04.14-11.41.26:689][  0]LogSlate: Updating window title bar state: overlay mode, drag disabled, window buttons hidden, title bar hidden
[2020.04.14-11.41.26:700][  0]LogSlate: Updating window title bar state: overlay mode, drag disabled, window buttons hidden, title bar hidden
[2020.04.14-11.41.26:722][  0]LogCollectionManager: Loaded 0 collections in 0.001407 seconds
[2020.04.14-11.41.26:784][  0]LogFileCache: Scanning file cache for directory 'C:/Users/scbis/Desktop/Programming/Games Projects/Battle_Tank/Battle_Tanks/Battle_Tank/Saved/Collections/' took 0.01s
[2020.04.14-11.41.26:784][  0]LogFileCache: Scanning file cache for directory 'C:/Users/scbis/Desktop/Programming/Games Projects/Battle_Tank/Battle_Tanks/Battle_Tank/Content/Developers/scbis/Collections/' took 0.00s
[2020.04.14-11.41.26:784][  0]LogFileCache: Scanning file cache for directory 'C:/Users/scbis/Desktop/Programming/Games Projects/Battle_Tank/Battle_Tanks/Battle_Tank/Content/Collections/' took 0.00s
[2020.04.14-11.41.26:784][  0]LogContentBrowser: Native class hierarchy populated in 0.0224 seconds. Added 3016 classes and 719 folders.
[2020.04.14-11.41.26:806][  0]LogContentBrowser: Native class hierarchy updated for 'WidgetCarousel' in 0.0005 seconds. Added 0 classes and 0 folders.
[2020.04.14-11.41.26:944][  0]LogContentBrowser: Native class hierarchy updated for 'AddContentDialog' in 0.0005 seconds. Added 0 classes and 0 folders.
[2020.04.14-11.41.26:990][  0]LogContentBrowser: Native class hierarchy updated for 'SceneOutliner' in 0.0007 seconds. Added 2 classes and 3 folders.
[2020.04.14-11.41.27:142][  0]LogSlate: Took 0.000191 seconds to synchronously load lazily loaded font '../../../Engine/Content/Slate/Fonts/Roboto-Regular.ttf' (155K)
[2020.04.14-11.41.27:146][  0]LogSlate: Took 0.000197 seconds to synchronously load lazily loaded font '../../../Engine/Content/Slate/Fonts/Roboto-Bold.ttf' (160K)
[2020.04.14-11.41.27:171][  0]LogSlate: Took 0.011402 seconds to synchronously load lazily loaded font '../../../Engine/Content/Editor/Slate/Fonts/FontAwesome.ttf' (139K)
[2020.04.14-11.41.27:398][  0]LogRenderer: Reallocating scene render targets to support 1208x572 Format 10 NumSamples 1 (Frame:1).
[2020.04.14-11.41.27:533][  0]LogSlate: Took 0.000197 seconds to synchronously load lazily loaded font '../../../Engine/Content/Slate/Fonts/Roboto-Light.ttf' (167K)
