Log file open, 04/18/20 14:33:16
LogWindows: Failed to load 'aqProf.dll' (GetLastError=126)
LogWindows: File 'aqProf.dll' does not exist
LogWindows: Failed to load 'VtuneApi.dll' (GetLastError=126)
LogWindows: File 'VtuneApi.dll' does not exist
LogWindows: Failed to load 'VtuneApi32e.dll' (GetLastError=126)
LogWindows: File 'VtuneApi32e.dll' does not exist
LogConsoleResponse: Display: Failed to find resolution value strings in scalability ini. Falling back to default.
LogInit: Display: Running engine for game: Battle_Tank
LogPlatformFile: Not using cached read wrapper
LogTaskGraph: Started task graph with 5 named threads and 23 total threads with 3 sets of task threads.
LogStats: Stats thread started at 0.106963
LogD3D11RHI: Loaded GFSDK_Aftermath_Lib.x64.dll
LogICUInternationalization: ICU TimeZone Detection - Raw Offset: +0:00, Platform Override: ''
LogPluginManager: Mounting plugin Paper2D
LogPluginManager: Mounting plugin AISupport
LogPluginManager: Mounting plugin LightPropagationVolume
LogPluginManager: Mounting plugin ActorLayerUtilities
LogPluginManager: Mounting plugin AnimationSharing
LogPluginManager: Mounting plugin CLionSourceCodeAccess
LogPluginManager: Mounting plugin CodeLiteSourceCodeAccess
LogPluginManager: Mounting plugin GitSourceControl
LogPluginManager: Mounting plugin KDevelopSourceCodeAccess
LogPluginManager: Mounting plugin NullSourceCodeAccess
LogPluginManager: Mounting plugin PerforceSourceControl
LogPluginManager: Mounting plugin PlasticSourceControl
LogPluginManager: Mounting plugin SubversionSourceControl
LogPluginManager: Mounting plugin UObjectPlugin
LogPluginManager: Mounting plugin VisualStudioCodeSourceCodeAccess
LogPluginManager: Mounting plugin VisualStudioSourceCodeAccess
LogPluginManager: Mounting plugin XCodeSourceCodeAccess
LogPluginManager: Mounting plugin AssetManagerEditor
LogPluginManager: Mounting plugin CryptoKeys
LogPluginManager: Mounting plugin CurveEditorTools
LogPluginManager: Mounting plugin DataValidation
LogPluginManager: Mounting plugin FacialAnimation
LogPluginManager: Mounting plugin GameplayTagsEditor
LogPluginManager: Mounting plugin MacGraphicsSwitching
LogPluginManager: Mounting plugin MaterialAnalyzer
LogPluginManager: Mounting plugin MobileLauncherProfileWizard
LogPluginManager: Mounting plugin PluginBrowser
LogPluginManager: Mounting plugin SpeedTreeImporter
LogPluginManager: Mounting plugin DatasmithContent
LogPluginManager: Mounting plugin VariantManagerContent
LogPluginManager: Mounting plugin AlembicImporter
LogPluginManager: Mounting plugin AutomationUtils
LogPluginManager: Mounting plugin BackChannel
LogPluginManager: Mounting plugin CharacterAI
LogPluginManager: Mounting plugin GeometryCache
LogPluginManager: Mounting plugin PlatformCrypto
LogPluginManager: Mounting plugin ProxyLODPlugin
LogPluginManager: Mounting plugin SkeletalReduction
LogPluginManager: Mounting plugin MagicLeap
LogPluginManager: Mounting plugin MagicLeapMedia
LogPluginManager: Mounting plugin MLSDK
LogPluginManager: Mounting plugin AndroidMedia
LogPluginManager: Mounting plugin AvfMedia
LogPluginManager: Mounting plugin ImgMedia
LogPluginManager: Mounting plugin MediaCompositing
LogPluginManager: Mounting plugin MediaPlayerEditor
LogPluginManager: Mounting plugin WebMMedia
LogPluginManager: Mounting plugin WmfMedia
LogPluginManager: Mounting plugin TcpMessaging
LogPluginManager: Mounting plugin UdpMessaging
LogPluginManager: Mounting plugin ActorSequence
LogPluginManager: Mounting plugin LevelSequenceEditor
LogPluginManager: Mounting plugin MatineeToLevelSequence
LogPluginManager: Mounting plugin NetcodeUnitTest
LogPluginManager: Mounting plugin NUTUnrealEngine4
LogPluginManager: Mounting plugin OnlineSubsystemGooglePlay
LogPluginManager: Mounting plugin OnlineSubsystemIOS
LogPluginManager: Mounting plugin OnlineSubsystem
LogPluginManager: Mounting plugin OnlineSubsystemNull
LogPluginManager: Mounting plugin OnlineSubsystemUtils
LogPluginManager: Mounting plugin LauncherChunkInstaller
LogPluginManager: Mounting plugin AndroidDeviceProfileSelector
LogPluginManager: Mounting plugin AndroidMoviePlayer
LogPluginManager: Mounting plugin AndroidPermission
LogPluginManager: Mounting plugin AppleImageUtils
LogPluginManager: Mounting plugin AppleMoviePlayer
LogPluginManager: Mounting plugin ArchVisCharacter
LogPluginManager: Mounting plugin AssetTags
LogPluginManager: Mounting plugin AudioCapture
LogPluginManager: Mounting plugin CableComponent
LogPluginManager: Mounting plugin CustomMeshComponent
LogPluginManager: Mounting plugin EditableMesh
LogPluginManager: Mounting plugin ExampleDeviceProfileSelector
LogPluginManager: Mounting plugin GoogleCloudMessaging
LogPluginManager: Mounting plugin IOSDeviceProfileSelector
LogPluginManager: Mounting plugin LinuxDeviceProfileSelector
LogPluginManager: Mounting plugin LocationServicesBPLibrary
LogPluginManager: Mounting plugin MobilePatchingUtils
LogPluginManager: Mounting plugin OculusVR
LogPluginManager: Mounting plugin PhysXVehicles
LogPluginManager: Mounting plugin PostSplashScreen
LogPluginManager: Mounting plugin ProceduralMeshComponent
LogPluginManager: Mounting plugin RuntimePhysXCooking
LogPluginManager: Mounting plugin SignificanceManager
LogPluginManager: Mounting plugin SteamVR
LogPluginManager: Mounting plugin WebMMoviePlayer
LogPluginManager: Mounting plugin WindowsMoviePlayer
LogPluginManager: Mounting plugin ScreenshotTools
LogInit: Using libcurl 7.55.1-DEV
LogInit:  - built for x86_64-pc-win32
LogInit:  - supports SSL with OpenSSL/1.1.1
LogInit:  - supports HTTP deflate (compression) using libz 1.2.8
LogInit:  - other features:
LogInit:      CURL_VERSION_SSL
LogInit:      CURL_VERSION_LIBZ
LogInit:      CURL_VERSION_IPV6
LogInit:      CURL_VERSION_ASYNCHDNS
LogInit:      CURL_VERSION_LARGEFILE
LogInit:      CURL_VERSION_IDN
LogInit:  CurlRequestOptions (configurable via config and command line):
LogInit:  - bVerifyPeer = true  - Libcurl will verify peer certificate
LogInit:  - bUseHttpProxy = false  - Libcurl will NOT use HTTP proxy
LogInit:  - bDontReuseConnections = false  - Libcurl will reuse connections
LogInit:  - MaxHostConnections = 16  - Libcurl will limit the number of connections to a host
LogInit:  - LocalHostAddr = Default
LogInit:  - BufferSize = 65536
LogOnline: OSS: Creating online subsystem instance for: NULL
LogInit: WinSock: version 1.1 (2.2), MaxSocks=32767, MaxUdp=65467
LogOnline: OSS: TryLoadSubsystemAndSetDefault: Loaded subsystem for module [NULL]
LogInit: Build: ++UE4+Release-4.24-CL-11590370
LogInit: Engine Version: 4.24.3-11590370+++UE4+Release-4.24
LogInit: Compatible Engine Version: 4.24.0-10570792+++UE4+Release-4.24
LogInit: Net CL: 10570792
LogInit: OS: Windows 10 (Release 1909) (), CPU: AMD Ryzen 5 1500X Quad-Core Processor          , GPU: NVIDIA GeForce GTX 1060 6GB
LogInit: Compiled (64-bit): Feb 24 2020 15:39:18
LogInit: Compiled with Visual C++: 19.16.27032.01
LogInit: Build Configuration: Development
LogInit: Branch Name: ++UE4+Release-4.24
LogInit: Command Line: 
LogInit: Base Directory: F:/UE_4.24/Engine/Binaries/Win64/
LogInit: Installed Engine Build: 1
LogDevObjectVersion: Number of dev versions registered: 25
LogDevObjectVersion:   Dev-Blueprints (B0D832E4-1F89-4F0D-ACCF-7EB736FD4AA2): 10
LogDevObjectVersion:   Dev-Build (E1C64328-A22C-4D53-A36C-8E866417BD8C): 0
LogDevObjectVersion:   Dev-Core (375EC13C-06E4-48FB-B500-84F0262A717E): 3
LogDevObjectVersion:   Dev-Editor (E4B068ED-F494-42E9-A231-DA0B2E46BB41): 37
LogDevObjectVersion:   Dev-Framework (CFFC743F-43B0-4480-9391-14DF171D2073): 36
LogDevObjectVersion:   Dev-Mobile (B02B49B5-BB20-44E9-A304-32B752E40360): 2
LogDevObjectVersion:   Dev-Networking (A4E4105C-59A1-49B5-A7C5-40C4547EDFEE): 0
LogDevObjectVersion:   Dev-Online (39C831C9-5AE6-47DC-9A44-9C173E1C8E7C): 0
LogDevObjectVersion:   Dev-Physics (78F01B33-EBEA-4F98-B9B4-84EACCB95AA2): 2
LogDevObjectVersion:   Dev-Platform (6631380F-2D4D-43E0-8009-CF276956A95A): 0
LogDevObjectVersion:   Dev-Rendering (12F88B9F-8875-4AFC-A67C-D90C383ABD29): 36
LogDevObjectVersion:   Dev-Sequencer (7B5AE74C-D270-4C10-A958-57980B212A5A): 11
LogDevObjectVersion:   Dev-VR (D7296918-1DD6-4BDD-9DE2-64A83CC13884): 2
LogDevObjectVersion:   Dev-LoadTimes (C2A15278-BFE7-4AFE-6C17-90FF531DF755): 1
LogDevObjectVersion:   Private-Geometry (6EACA3D4-40EC-4CC1-B786-8BED09428FC5): 3
LogDevObjectVersion:   Dev-AnimPhys (29E575DD-E0A3-4627-9D10-D276232CDCEA): 17
LogDevObjectVersion:   Dev-Anim (AF43A65D-7FD3-4947-9873-3E8ED9C1BB05): 2
LogDevObjectVersion:   Dev-ReflectionCapture (6B266CEC-1EC7-4B8F-A30B-E4D90942FC07): 1
LogDevObjectVersion:   Dev-Automation (0DF73D61-A23F-47EA-B727-89E90C41499A): 1
LogDevObjectVersion:   FortniteMain (601D1886-AC64-4F84-AA16-D3DE0DEAC7D6): 31
LogDevObjectVersion:   Dev-Enterprise (9DFFBCD6-494F-0158-E221-12823C92A888): 8
LogDevObjectVersion:   Dev-Niagara (F2AED0AC-9AFE-416F-8664-AA7FFA26D6FC): 1
LogDevObjectVersion:   Dev-Destruction (174F1F0B-B4C6-45A5-B13F-2EE8D0FB917D): 9
LogDevObjectVersion:   Dev-Physics-Ext (35F94A83-E258-406C-A318-09F59610247C): 8
LogDevObjectVersion:   Dev-CineCamera (B2E18506-4273-CFC2-A54E-F4BB758BBA07): 1
LogInit: Presizing for max 25165824 objects, including 0 objects not considered by GC, pre-allocating 0 bytes for permanent pool.
LogInit: Object subsystem initialized
LogConfig: Setting CVar [[con.DebugEarlyDefault:1]]
LogConfig: Setting CVar [[r.setres:1280x720]]
[2020.04.18-13.33.16:431][  0]LogConfig: Setting CVar [[r.VSync:0]]
[2020.04.18-13.33.16:431][  0]LogConfig: Setting CVar [[r.RHICmdBypass:0]]
[2020.04.18-13.33.16:432][  0]LogConfig: Applying CVar settings from Section [/Script/Engine.RendererSettings] File [C:/Users/scbis/Desktop/Programming/Games Projects/Battle_Tank/Battle_Tanks/Battle_Tank/Saved/Config/Windows/Engine.ini]
[2020.04.18-13.33.16:432][  0]LogConfig: Setting CVar [[r.GPUCrashDebugging:0]]
[2020.04.18-13.33.16:432][  0]LogConfig: Applying CVar settings from Section [/Script/Engine.RendererOverrideSettings] File [C:/Users/scbis/Desktop/Programming/Games Projects/Battle_Tank/Battle_Tanks/Battle_Tank/Saved/Config/Windows/Engine.ini]
[2020.04.18-13.33.16:432][  0]LogConfig: Applying CVar settings from Section [/Script/Engine.StreamingSettings] File [C:/Users/scbis/Desktop/Programming/Games Projects/Battle_Tank/Battle_Tanks/Battle_Tank/Saved/Config/Windows/Engine.ini]
[2020.04.18-13.33.16:432][  0]LogConfig: Setting CVar [[s.MinBulkDataSizeForAsyncLoading:131072]]
[2020.04.18-13.33.16:432][  0]LogConfig: Setting CVar [[s.AsyncLoadingThreadEnabled:0]]
[2020.04.18-13.33.16:432][  0]LogConfig: Setting CVar [[s.EventDrivenLoaderEnabled:1]]
[2020.04.18-13.33.16:432][  0]LogConfig: Setting CVar [[s.WarnIfTimeLimitExceeded:0]]
[2020.04.18-13.33.16:432][  0]LogConfig: Setting CVar [[s.TimeLimitExceededMultiplier:1.5]]
[2020.04.18-13.33.16:432][  0]LogConfig: Setting CVar [[s.TimeLimitExceededMinTime:0.005]]
[2020.04.18-13.33.16:432][  0]LogConfig: Setting CVar [[s.UseBackgroundLevelStreaming:1]]
[2020.04.18-13.33.16:432][  0]LogConfig: Setting CVar [[s.PriorityAsyncLoadingExtraTime:15.0]]
[2020.04.18-13.33.16:432][  0]LogConfig: Setting CVar [[s.LevelStreamingActorsUpdateTimeLimit:5.0]]
[2020.04.18-13.33.16:432][  0]LogConfig: Setting CVar [[s.PriorityLevelStreamingActorsUpdateExtraTime:5.0]]
[2020.04.18-13.33.16:432][  0]LogConfig: Setting CVar [[s.LevelStreamingComponentsRegistrationGranularity:10]]
[2020.04.18-13.33.16:432][  0]LogConfig: Setting CVar [[s.UnregisterComponentsTimeLimit:1.0]]
[2020.04.18-13.33.16:432][  0]LogConfig: Setting CVar [[s.LevelStreamingComponentsUnregistrationGranularity:5]]
[2020.04.18-13.33.16:432][  0]LogConfig: Setting CVar [[s.FlushStreamingOnExit:1]]
[2020.04.18-13.33.16:432][  0]LogConfig: Applying CVar settings from Section [/Script/Engine.GarbageCollectionSettings] File [C:/Users/scbis/Desktop/Programming/Games Projects/Battle_Tank/Battle_Tanks/Battle_Tank/Saved/Config/Windows/Engine.ini]
[2020.04.18-13.33.16:432][  0]LogConfig: Setting CVar [[gc.MaxObjectsNotConsideredByGC:1]]
[2020.04.18-13.33.16:432][  0]LogConfig: Setting CVar [[gc.SizeOfPermanentObjectPool:0]]
[2020.04.18-13.33.16:432][  0]LogConfig: Setting CVar [[gc.FlushStreamingOnGC:0]]
[2020.04.18-13.33.16:432][  0]LogConfig: Setting CVar [[gc.NumRetriesBeforeForcingGC:10]]
[2020.04.18-13.33.16:432][  0]LogConfig: Setting CVar [[gc.AllowParallelGC:1]]
[2020.04.18-13.33.16:432][  0]LogConfig: Setting CVar [[gc.TimeBetweenPurgingPendingKillObjects:61.1]]
[2020.04.18-13.33.16:432][  0]LogConfig: Setting CVar [[gc.MaxObjectsInEditor:25165824]]
[2020.04.18-13.33.16:432][  0]LogConfig: Setting CVar [[gc.IncrementalBeginDestroyEnabled:1]]
[2020.04.18-13.33.16:432][  0]LogConfig: Setting CVar [[gc.CreateGCClusters:1]]
[2020.04.18-13.33.16:432][  0]LogConfig: Setting CVar [[gc.MinGCClusterSize:5]]
[2020.04.18-13.33.16:432][  0]LogConfig: Setting CVar [[gc.ActorClusteringEnabled:0]]
[2020.04.18-13.33.16:432][  0]LogConfig: Setting CVar [[gc.BlueprintClusteringEnabled:0]]
[2020.04.18-13.33.16:432][  0]LogConfig: Setting CVar [[gc.UseDisregardForGCOnDedicatedServers:0]]
[2020.04.18-13.33.16:432][  0]LogConfig: Applying CVar settings from Section [/Script/Engine.NetworkSettings] File [C:/Users/scbis/Desktop/Programming/Games Projects/Battle_Tank/Battle_Tanks/Battle_Tank/Saved/Config/Windows/Engine.ini]
[2020.04.18-13.33.16:432][  0]LogConfig: Applying CVar settings from Section [/Script/UnrealEd.CookerSettings] File [C:/Users/scbis/Desktop/Programming/Games Projects/Battle_Tank/Battle_Tanks/Battle_Tank/Saved/Config/Windows/Engine.ini]
[2020.04.18-13.33.16:438][  0]LogConfig: Applying CVar settings from Section [ViewDistanceQuality@3] File [C:/Users/scbis/Desktop/Programming/Games Projects/Battle_Tank/Battle_Tanks/Battle_Tank/Saved/Config/Windows/Scalability.ini]
[2020.04.18-13.33.16:438][  0]LogConfig: Setting CVar [[r.SkeletalMeshLODBias:0]]
[2020.04.18-13.33.16:438][  0]LogConfig: Setting CVar [[r.ViewDistanceScale:1.0]]
[2020.04.18-13.33.16:438][  0]LogConfig: Applying CVar settings from Section [AntiAliasingQuality@3] File [C:/Users/scbis/Desktop/Programming/Games Projects/Battle_Tank/Battle_Tanks/Battle_Tank/Saved/Config/Windows/Scalability.ini]
[2020.04.18-13.33.16:438][  0]LogConfig: Setting CVar [[r.PostProcessAAQuality:4]]
[2020.04.18-13.33.16:438][  0]LogConfig: Applying CVar settings from Section [ShadowQuality@3] File [C:/Users/scbis/Desktop/Programming/Games Projects/Battle_Tank/Battle_Tanks/Battle_Tank/Saved/Config/Windows/Scalability.ini]
[2020.04.18-13.33.16:438][  0]LogConfig: Setting CVar [[r.LightFunctionQuality:1]]
[2020.04.18-13.33.16:438][  0]LogConfig: Setting CVar [[r.ShadowQuality:5]]
[2020.04.18-13.33.16:438][  0]LogConfig: Setting CVar [[r.Shadow.CSM.MaxCascades:10]]
[2020.04.18-13.33.16:438][  0]LogConfig: Setting CVar [[r.Shadow.MaxResolution:2048]]
[2020.04.18-13.33.16:438][  0]LogConfig: Setting CVar [[r.Shadow.MaxCSMResolution:2048]]
[2020.04.18-13.33.16:438][  0]LogConfig: Setting CVar [[r.Shadow.RadiusThreshold:0.01]]
[2020.04.18-13.33.16:438][  0]LogConfig: Setting CVar [[r.Shadow.DistanceScale:1.0]]
[2020.04.18-13.33.16:438][  0]LogConfig: Setting CVar [[r.Shadow.CSM.TransitionScale:1.0]]
[2020.04.18-13.33.16:438][  0]LogConfig: Setting CVar [[r.Shadow.PreShadowResolutionFactor:1.0]]
[2020.04.18-13.33.16:438][  0]LogConfig: Setting CVar [[r.DistanceFieldShadowing:1]]
[2020.04.18-13.33.16:438][  0]LogConfig: Setting CVar [[r.DistanceFieldAO:1]]
[2020.04.18-13.33.16:438][  0]LogConfig: Setting CVar [[r.AOQuality:2]]
[2020.04.18-13.33.16:438][  0]LogConfig: Setting CVar [[r.VolumetricFog:1]]
[2020.04.18-13.33.16:438][  0]LogConfig: Setting CVar [[r.VolumetricFog.GridPixelSize:8]]
[2020.04.18-13.33.16:438][  0]LogConfig: Setting CVar [[r.VolumetricFog.GridSizeZ:128]]
[2020.04.18-13.33.16:438][  0]LogConfig: Setting CVar [[r.VolumetricFog.HistoryMissSupersampleCount:4]]
[2020.04.18-13.33.16:438][  0]LogConfig: Setting CVar [[r.LightMaxDrawDistanceScale:1]]
[2020.04.18-13.33.16:438][  0]LogConfig: Setting CVar [[r.CapsuleShadows:1]]
[2020.04.18-13.33.16:438][  0]LogConfig: Applying CVar settings from Section [PostProcessQuality@3] File [C:/Users/scbis/Desktop/Programming/Games Projects/Battle_Tank/Battle_Tanks/Battle_Tank/Saved/Config/Windows/Scalability.ini]
[2020.04.18-13.33.16:438][  0]LogConfig: Setting CVar [[r.MotionBlurQuality:4]]
[2020.04.18-13.33.16:438][  0]LogConfig: Setting CVar [[r.AmbientOcclusionMipLevelFactor:0.4]]
[2020.04.18-13.33.16:439][  0]LogConfig: Setting CVar [[r.AmbientOcclusionMaxQuality:100]]
[2020.04.18-13.33.16:439][  0]LogConfig: Setting CVar [[r.AmbientOcclusionLevels:-1]]
[2020.04.18-13.33.16:439][  0]LogConfig: Setting CVar [[r.AmbientOcclusionRadiusScale:1.0]]
[2020.04.18-13.33.16:439][  0]LogConfig: Setting CVar [[r.DepthOfFieldQuality:2]]
[2020.04.18-13.33.16:439][  0]LogConfig: Setting CVar [[r.RenderTargetPoolMin:400]]
[2020.04.18-13.33.16:439][  0]LogConfig: Setting CVar [[r.LensFlareQuality:2]]
[2020.04.18-13.33.16:439][  0]LogConfig: Setting CVar [[r.SceneColorFringeQuality:1]]
[2020.04.18-13.33.16:439][  0]LogConfig: Setting CVar [[r.EyeAdaptationQuality:2]]
[2020.04.18-13.33.16:439][  0]LogConfig: Setting CVar [[r.BloomQuality:5]]
[2020.04.18-13.33.16:439][  0]LogConfig: Setting CVar [[r.FastBlurThreshold:100]]
[2020.04.18-13.33.16:439][  0]LogConfig: Setting CVar [[r.Upscale.Quality:3]]
[2020.04.18-13.33.16:439][  0]LogConfig: Setting CVar [[r.Tonemapper.GrainQuantization:1]]
[2020.04.18-13.33.16:439][  0]LogConfig: Setting CVar [[r.LightShaftQuality:1]]
[2020.04.18-13.33.16:439][  0]LogConfig: Setting CVar [[r.Filter.SizeScale:1]]
[2020.04.18-13.33.16:439][  0]LogConfig: Setting CVar [[r.Tonemapper.Quality:5]]
[2020.04.18-13.33.16:439][  0]LogConfig: Setting CVar [[r.DOF.Gather.AccumulatorQuality:1        ; higher gathering accumulator quality]]
[2020.04.18-13.33.16:439][  0]LogConfig: Setting CVar [[r.DOF.Gather.PostfilterMethod:1          ; Median3x3 postfilering method]]
[2020.04.18-13.33.16:439][  0]LogConfig: Setting CVar [[r.DOF.Gather.EnableBokehSettings:0       ; no bokeh simulation when gathering]]
[2020.04.18-13.33.16:439][  0]LogConfig: Setting CVar [[r.DOF.Gather.RingCount:4                 ; medium number of samples when gathering]]
[2020.04.18-13.33.16:439][  0]LogConfig: Setting CVar [[r.DOF.Scatter.ForegroundCompositing:1    ; additive foreground scattering]]
[2020.04.18-13.33.16:439][  0]LogConfig: Setting CVar [[r.DOF.Scatter.BackgroundCompositing:2    ; additive background scattering]]
[2020.04.18-13.33.16:439][  0]LogConfig: Setting CVar [[r.DOF.Scatter.EnableBokehSettings:1      ; bokeh simulation when scattering]]
[2020.04.18-13.33.16:439][  0]LogConfig: Setting CVar [[r.DOF.Scatter.MaxSpriteRatio:0.1         ; only a maximum of 10% of scattered bokeh]]
[2020.04.18-13.33.16:439][  0]LogConfig: Setting CVar [[r.DOF.Recombine.Quality:1                ; cheap slight out of focus]]
[2020.04.18-13.33.16:439][  0]LogConfig: Setting CVar [[r.DOF.Recombine.EnableBokehSettings:0    ; no bokeh simulation on slight out of focus]]
[2020.04.18-13.33.16:439][  0]LogConfig: Setting CVar [[r.DOF.TemporalAAQuality:1                ; more stable temporal accumulation]]
[2020.04.18-13.33.16:439][  0]LogConfig: Setting CVar [[r.DOF.Kernel.MaxForegroundRadius:0.025]]
[2020.04.18-13.33.16:439][  0]LogConfig: Setting CVar [[r.DOF.Kernel.MaxBackgroundRadius:0.025]]
[2020.04.18-13.33.16:439][  0]LogConfig: Applying CVar settings from Section [TextureQuality@3] File [C:/Users/scbis/Desktop/Programming/Games Projects/Battle_Tank/Battle_Tanks/Battle_Tank/Saved/Config/Windows/Scalability.ini]
[2020.04.18-13.33.16:439][  0]LogConfig: Setting CVar [[r.Streaming.MipBias:0]]
[2020.04.18-13.33.16:439][  0]LogConfig: Setting CVar [[r.Streaming.AmortizeCPUToGPUCopy:0]]
[2020.04.18-13.33.16:439][  0]LogConfig: Setting CVar [[r.Streaming.MaxNumTexturesToStreamPerFrame:0]]
[2020.04.18-13.33.16:439][  0]LogConfig: Setting CVar [[r.Streaming.Boost:1]]
[2020.04.18-13.33.16:439][  0]LogConfig: Setting CVar [[r.MaxAnisotropy:8]]
[2020.04.18-13.33.16:439][  0]LogConfig: Setting CVar [[r.VT.MaxAnisotropy:8]]
[2020.04.18-13.33.16:439][  0]LogConfig: Setting CVar [[r.Streaming.LimitPoolSizeToVRAM:0]]
[2020.04.18-13.33.16:439][  0]LogConfig: Setting CVar [[r.Streaming.PoolSize:1000]]
[2020.04.18-13.33.16:439][  0]LogConfig: Setting CVar [[r.Streaming.MaxEffectiveScreenSize:0]]
[2020.04.18-13.33.16:439][  0]LogConfig: Applying CVar settings from Section [EffectsQuality@3] File [C:/Users/scbis/Desktop/Programming/Games Projects/Battle_Tank/Battle_Tanks/Battle_Tank/Saved/Config/Windows/Scalability.ini]
[2020.04.18-13.33.16:439][  0]LogConfig: Setting CVar [[r.TranslucencyLightingVolumeDim:64]]
[2020.04.18-13.33.16:439][  0]LogConfig: Setting CVar [[r.RefractionQuality:2]]
[2020.04.18-13.33.16:439][  0]LogConfig: Setting CVar [[r.SSR.Quality:3]]
[2020.04.18-13.33.16:439][  0]LogConfig: Setting CVar [[r.SSR.HalfResSceneColor:0]]
[2020.04.18-13.33.16:439][  0]LogConfig: Setting CVar [[r.SceneColorFormat:4]]
[2020.04.18-13.33.16:439][  0]LogConfig: Setting CVar [[r.DetailMode:2]]
[2020.04.18-13.33.16:439][  0]LogConfig: Setting CVar [[r.TranslucencyVolumeBlur:1]]
[2020.04.18-13.33.16:439][  0]LogConfig: Setting CVar [[r.MaterialQualityLevel:1 ; High quality]]
[2020.04.18-13.33.16:439][  0]LogConfig: Setting CVar [[r.SSS.Scale:1]]
[2020.04.18-13.33.16:439][  0]LogConfig: Setting CVar [[r.SSS.SampleSet:2]]
[2020.04.18-13.33.16:439][  0]LogConfig: Setting CVar [[r.SSS.Quality:1]]
[2020.04.18-13.33.16:439][  0]LogConfig: Setting CVar [[r.SSS.HalfRes:1]]
[2020.04.18-13.33.16:439][  0]LogConfig: Setting CVar [[r.SSGI.Quality:3]]
[2020.04.18-13.33.16:439][  0]LogConfig: Setting CVar [[r.EmitterSpawnRateScale:1.0]]
[2020.04.18-13.33.16:439][  0]LogConfig: Setting CVar [[r.ParticleLightQuality:2]]
[2020.04.18-13.33.16:439][  0]LogConfig: Setting CVar [[r.SkyAtmosphere.AerialPerspectiveLUT.FastApplyOnOpaque:1 ; Always have FastSkyLUT 1 in this case to avoid wrong sky]]
[2020.04.18-13.33.16:440][  0]LogConfig: Setting CVar [[r.SkyAtmosphere.AerialPerspectiveLUT.SampleCountPerSlice:1]]
[2020.04.18-13.33.16:440][  0]LogConfig: Setting CVar [[r.SkyAtmosphere.AerialPerspectiveLUT.DepthResolution:16.0]]
[2020.04.18-13.33.16:440][  0]LogConfig: Setting CVar [[r.SkyAtmosphere.FastSkyLUT:1]]
[2020.04.18-13.33.16:440][  0]LogConfig: Setting CVar [[r.SkyAtmosphere.FastSkyLUT.SampleCountMin:4.0]]
[2020.04.18-13.33.16:440][  0]LogConfig: Setting CVar [[r.SkyAtmosphere.FastSkyLUT.SampleCountMax:32.0]]
[2020.04.18-13.33.16:440][  0]LogConfig: Setting CVar [[r.SkyAtmosphere.SampleCountMin:4.0]]
[2020.04.18-13.33.16:440][  0]LogConfig: Setting CVar [[r.SkyAtmosphere.SampleCountMax:32.0]]
[2020.04.18-13.33.16:440][  0]LogConfig: Setting CVar [[r.SkyAtmosphere.TransmittanceLUT.UseSmallFormat:0]]
[2020.04.18-13.33.16:440][  0]LogConfig: Setting CVar [[r.SkyAtmosphere.TransmittanceLUT.SampleCount:10.0]]
[2020.04.18-13.33.16:440][  0]LogConfig: Setting CVar [[r.SkyAtmosphere.MultiScatteringLUT.SampleCount:15.0]]
[2020.04.18-13.33.16:440][  0]LogConfig: Applying CVar settings from Section [FoliageQuality@3] File [C:/Users/scbis/Desktop/Programming/Games Projects/Battle_Tank/Battle_Tanks/Battle_Tank/Saved/Config/Windows/Scalability.ini]
[2020.04.18-13.33.16:440][  0]LogConfig: Setting CVar [[foliage.DensityScale:1.0]]
[2020.04.18-13.33.16:440][  0]LogConfig: Setting CVar [[grass.DensityScale:1.0]]
[2020.04.18-13.33.16:440][  0]LogConfig: Applying CVar settings from Section [ShadingQuality@3] File [C:/Users/scbis/Desktop/Programming/Games Projects/Battle_Tank/Battle_Tanks/Battle_Tank/Saved/Config/Windows/Scalability.ini]
[2020.04.18-13.33.16:440][  0]LogConfig: Setting CVar [[r.HairStrands.SkyLighting.SampleCount:16]]
[2020.04.18-13.33.16:440][  0]LogConfig: Setting CVar [[r.HairStrands.SkyLighting.JitterIntegration:0]]
[2020.04.18-13.33.16:440][  0]LogConfig: Setting CVar [[r.HairStrands.SkyAO.SampleCount:16]]
[2020.04.18-13.33.16:440][  0]LogInit: Selected Device Profile: [Windows]
[2020.04.18-13.33.16:440][  0]LogInit: Applying CVar settings loaded from the selected device profile: [Windows]
[2020.04.18-13.33.16:450][  0]LogHAL: Display: Platform has ~ 16 GB [17109499904 / 17179869184 / 16], which maps to Larger [LargestMinGB=32, LargerMinGB=12, DefaultMinGB=8, SmallerMinGB=6, SmallestMinGB=0)
[2020.04.18-13.33.16:450][  0]LogInit: Going up to parent DeviceProfile []
[2020.04.18-13.33.16:450][  0]LogConfig: Applying CVar settings from Section [ViewDistanceQuality@3] File [C:/Users/scbis/Desktop/Programming/Games Projects/Battle_Tank/Battle_Tanks/Battle_Tank/Saved/Config/Windows/Scalability.ini]
[2020.04.18-13.33.16:450][  0]LogConfig: Setting CVar [[r.SkeletalMeshLODBias:0]]
[2020.04.18-13.33.16:450][  0]LogConfig: Setting CVar [[r.ViewDistanceScale:1.0]]
[2020.04.18-13.33.16:450][  0]LogConfig: Applying CVar settings from Section [AntiAliasingQuality@3] File [C:/Users/scbis/Desktop/Programming/Games Projects/Battle_Tank/Battle_Tanks/Battle_Tank/Saved/Config/Windows/Scalability.ini]
[2020.04.18-13.33.16:450][  0]LogConfig: Setting CVar [[r.PostProcessAAQuality:4]]
[2020.04.18-13.33.16:450][  0]LogConfig: Applying CVar settings from Section [ShadowQuality@3] File [C:/Users/scbis/Desktop/Programming/Games Projects/Battle_Tank/Battle_Tanks/Battle_Tank/Saved/Config/Windows/Scalability.ini]
[2020.04.18-13.33.16:450][  0]LogConfig: Setting CVar [[r.LightFunctionQuality:1]]
[2020.04.18-13.33.16:450][  0]LogConfig: Setting CVar [[r.ShadowQuality:5]]
[2020.04.18-13.33.16:450][  0]LogConfig: Setting CVar [[r.Shadow.CSM.MaxCascades:10]]
[2020.04.18-13.33.16:450][  0]LogConfig: Setting CVar [[r.Shadow.MaxResolution:2048]]
[2020.04.18-13.33.16:450][  0]LogConfig: Setting CVar [[r.Shadow.MaxCSMResolution:2048]]
[2020.04.18-13.33.16:450][  0]LogConfig: Setting CVar [[r.Shadow.RadiusThreshold:0.01]]
[2020.04.18-13.33.16:450][  0]LogConfig: Setting CVar [[r.Shadow.DistanceScale:1.0]]
[2020.04.18-13.33.16:450][  0]LogConfig: Setting CVar [[r.Shadow.CSM.TransitionScale:1.0]]
[2020.04.18-13.33.16:450][  0]LogConfig: Setting CVar [[r.Shadow.PreShadowResolutionFactor:1.0]]
[2020.04.18-13.33.16:450][  0]LogConfig: Setting CVar [[r.DistanceFieldShadowing:1]]
[2020.04.18-13.33.16:450][  0]LogConfig: Setting CVar [[r.DistanceFieldAO:1]]
[2020.04.18-13.33.16:450][  0]LogConfig: Setting CVar [[r.AOQuality:2]]
[2020.04.18-13.33.16:450][  0]LogConfig: Setting CVar [[r.VolumetricFog:1]]
[2020.04.18-13.33.16:450][  0]LogConfig: Setting CVar [[r.VolumetricFog.GridPixelSize:8]]
[2020.04.18-13.33.16:450][  0]LogConfig: Setting CVar [[r.VolumetricFog.GridSizeZ:128]]
[2020.04.18-13.33.16:450][  0]LogConfig: Setting CVar [[r.VolumetricFog.HistoryMissSupersampleCount:4]]
[2020.04.18-13.33.16:450][  0]LogConfig: Setting CVar [[r.LightMaxDrawDistanceScale:1]]
[2020.04.18-13.33.16:450][  0]LogConfig: Setting CVar [[r.CapsuleShadows:1]]
[2020.04.18-13.33.16:450][  0]LogConfig: Applying CVar settings from Section [PostProcessQuality@3] File [C:/Users/scbis/Desktop/Programming/Games Projects/Battle_Tank/Battle_Tanks/Battle_Tank/Saved/Config/Windows/Scalability.ini]
[2020.04.18-13.33.16:450][  0]LogConfig: Setting CVar [[r.MotionBlurQuality:4]]
[2020.04.18-13.33.16:450][  0]LogConfig: Setting CVar [[r.AmbientOcclusionMipLevelFactor:0.4]]
[2020.04.18-13.33.16:450][  0]LogConfig: Setting CVar [[r.AmbientOcclusionMaxQuality:100]]
[2020.04.18-13.33.16:450][  0]LogConfig: Setting CVar [[r.AmbientOcclusionLevels:-1]]
[2020.04.18-13.33.16:450][  0]LogConfig: Setting CVar [[r.AmbientOcclusionRadiusScale:1.0]]
[2020.04.18-13.33.16:450][  0]LogConfig: Setting CVar [[r.DepthOfFieldQuality:2]]
[2020.04.18-13.33.16:450][  0]LogConfig: Setting CVar [[r.RenderTargetPoolMin:400]]
[2020.04.18-13.33.16:450][  0]LogConfig: Setting CVar [[r.LensFlareQuality:2]]
[2020.04.18-13.33.16:450][  0]LogConfig: Setting CVar [[r.SceneColorFringeQuality:1]]
[2020.04.18-13.33.16:451][  0]LogConfig: Setting CVar [[r.EyeAdaptationQuality:2]]
[2020.04.18-13.33.16:451][  0]LogConfig: Setting CVar [[r.BloomQuality:5]]
[2020.04.18-13.33.16:451][  0]LogConfig: Setting CVar [[r.FastBlurThreshold:100]]
[2020.04.18-13.33.16:451][  0]LogConfig: Setting CVar [[r.Upscale.Quality:3]]
[2020.04.18-13.33.16:451][  0]LogConfig: Setting CVar [[r.Tonemapper.GrainQuantization:1]]
[2020.04.18-13.33.16:451][  0]LogConfig: Setting CVar [[r.LightShaftQuality:1]]
[2020.04.18-13.33.16:451][  0]LogConfig: Setting CVar [[r.Filter.SizeScale:1]]
[2020.04.18-13.33.16:451][  0]LogConfig: Setting CVar [[r.Tonemapper.Quality:5]]
[2020.04.18-13.33.16:451][  0]LogConfig: Setting CVar [[r.DOF.Gather.AccumulatorQuality:1        ; higher gathering accumulator quality]]
[2020.04.18-13.33.16:451][  0]LogConfig: Setting CVar [[r.DOF.Gather.PostfilterMethod:1          ; Median3x3 postfilering method]]
[2020.04.18-13.33.16:451][  0]LogConfig: Setting CVar [[r.DOF.Gather.EnableBokehSettings:0       ; no bokeh simulation when gathering]]
[2020.04.18-13.33.16:451][  0]LogConfig: Setting CVar [[r.DOF.Gather.RingCount:4                 ; medium number of samples when gathering]]
[2020.04.18-13.33.16:451][  0]LogConfig: Setting CVar [[r.DOF.Scatter.ForegroundCompositing:1    ; additive foreground scattering]]
[2020.04.18-13.33.16:451][  0]LogConfig: Setting CVar [[r.DOF.Scatter.BackgroundCompositing:2    ; additive background scattering]]
[2020.04.18-13.33.16:451][  0]LogConfig: Setting CVar [[r.DOF.Scatter.EnableBokehSettings:1      ; bokeh simulation when scattering]]
[2020.04.18-13.33.16:451][  0]LogConfig: Setting CVar [[r.DOF.Scatter.MaxSpriteRatio:0.1         ; only a maximum of 10% of scattered bokeh]]
[2020.04.18-13.33.16:451][  0]LogConfig: Setting CVar [[r.DOF.Recombine.Quality:1                ; cheap slight out of focus]]
[2020.04.18-13.33.16:451][  0]LogConfig: Setting CVar [[r.DOF.Recombine.EnableBokehSettings:0    ; no bokeh simulation on slight out of focus]]
[2020.04.18-13.33.16:451][  0]LogConfig: Setting CVar [[r.DOF.TemporalAAQuality:1                ; more stable temporal accumulation]]
[2020.04.18-13.33.16:451][  0]LogConfig: Setting CVar [[r.DOF.Kernel.MaxForegroundRadius:0.025]]
[2020.04.18-13.33.16:451][  0]LogConfig: Setting CVar [[r.DOF.Kernel.MaxBackgroundRadius:0.025]]
[2020.04.18-13.33.16:451][  0]LogConfig: Applying CVar settings from Section [TextureQuality@3] File [C:/Users/scbis/Desktop/Programming/Games Projects/Battle_Tank/Battle_Tanks/Battle_Tank/Saved/Config/Windows/Scalability.ini]
[2020.04.18-13.33.16:451][  0]LogConfig: Setting CVar [[r.Streaming.MipBias:0]]
[2020.04.18-13.33.16:451][  0]LogConfig: Setting CVar [[r.Streaming.AmortizeCPUToGPUCopy:0]]
[2020.04.18-13.33.16:451][  0]LogConfig: Setting CVar [[r.Streaming.MaxNumTexturesToStreamPerFrame:0]]
[2020.04.18-13.33.16:451][  0]LogConfig: Setting CVar [[r.Streaming.Boost:1]]
[2020.04.18-13.33.16:451][  0]LogConfig: Setting CVar [[r.MaxAnisotropy:8]]
[2020.04.18-13.33.16:451][  0]LogConfig: Setting CVar [[r.VT.MaxAnisotropy:8]]
[2020.04.18-13.33.16:451][  0]LogConfig: Setting CVar [[r.Streaming.LimitPoolSizeToVRAM:0]]
[2020.04.18-13.33.16:451][  0]LogConfig: Setting CVar [[r.Streaming.PoolSize:1000]]
[2020.04.18-13.33.16:451][  0]LogConfig: Setting CVar [[r.Streaming.MaxEffectiveScreenSize:0]]
[2020.04.18-13.33.16:451][  0]LogConfig: Applying CVar settings from Section [EffectsQuality@3] File [C:/Users/scbis/Desktop/Programming/Games Projects/Battle_Tank/Battle_Tanks/Battle_Tank/Saved/Config/Windows/Scalability.ini]
[2020.04.18-13.33.16:451][  0]LogConfig: Setting CVar [[r.TranslucencyLightingVolumeDim:64]]
[2020.04.18-13.33.16:451][  0]LogConfig: Setting CVar [[r.RefractionQuality:2]]
[2020.04.18-13.33.16:451][  0]LogConfig: Setting CVar [[r.SSR.Quality:3]]
[2020.04.18-13.33.16:451][  0]LogConfig: Setting CVar [[r.SSR.HalfResSceneColor:0]]
[2020.04.18-13.33.16:451][  0]LogConfig: Setting CVar [[r.SceneColorFormat:4]]
[2020.04.18-13.33.16:451][  0]LogConfig: Setting CVar [[r.DetailMode:2]]
[2020.04.18-13.33.16:451][  0]LogConfig: Setting CVar [[r.TranslucencyVolumeBlur:1]]
[2020.04.18-13.33.16:451][  0]LogConfig: Setting CVar [[r.MaterialQualityLevel:1 ; High quality]]
[2020.04.18-13.33.16:451][  0]LogConfig: Setting CVar [[r.SSS.Scale:1]]
[2020.04.18-13.33.16:451][  0]LogConfig: Setting CVar [[r.SSS.SampleSet:2]]
[2020.04.18-13.33.16:451][  0]LogConfig: Setting CVar [[r.SSS.Quality:1]]
[2020.04.18-13.33.16:451][  0]LogConfig: Setting CVar [[r.SSS.HalfRes:1]]
[2020.04.18-13.33.16:451][  0]LogConfig: Setting CVar [[r.SSGI.Quality:3]]
[2020.04.18-13.33.16:451][  0]LogConfig: Setting CVar [[r.EmitterSpawnRateScale:1.0]]
[2020.04.18-13.33.16:451][  0]LogConfig: Setting CVar [[r.ParticleLightQuality:2]]
[2020.04.18-13.33.16:451][  0]LogConfig: Setting CVar [[r.SkyAtmosphere.AerialPerspectiveLUT.FastApplyOnOpaque:1 ; Always have FastSkyLUT 1 in this case to avoid wrong sky]]
[2020.04.18-13.33.16:451][  0]LogConfig: Setting CVar [[r.SkyAtmosphere.AerialPerspectiveLUT.SampleCountPerSlice:1]]
[2020.04.18-13.33.16:451][  0]LogConfig: Setting CVar [[r.SkyAtmosphere.AerialPerspectiveLUT.DepthResolution:16.0]]
[2020.04.18-13.33.16:451][  0]LogConfig: Setting CVar [[r.SkyAtmosphere.FastSkyLUT:1]]
[2020.04.18-13.33.16:451][  0]LogConfig: Setting CVar [[r.SkyAtmosphere.FastSkyLUT.SampleCountMin:4.0]]
[2020.04.18-13.33.16:451][  0]LogConfig: Setting CVar [[r.SkyAtmosphere.FastSkyLUT.SampleCountMax:32.0]]
[2020.04.18-13.33.16:451][  0]LogConfig: Setting CVar [[r.SkyAtmosphere.SampleCountMin:4.0]]
[2020.04.18-13.33.16:451][  0]LogConfig: Setting CVar [[r.SkyAtmosphere.SampleCountMax:32.0]]
[2020.04.18-13.33.16:451][  0]LogConfig: Setting CVar [[r.SkyAtmosphere.TransmittanceLUT.UseSmallFormat:0]]
[2020.04.18-13.33.16:452][  0]LogConfig: Setting CVar [[r.SkyAtmosphere.TransmittanceLUT.SampleCount:10.0]]
[2020.04.18-13.33.16:452][  0]LogConfig: Setting CVar [[r.SkyAtmosphere.MultiScatteringLUT.SampleCount:15.0]]
[2020.04.18-13.33.16:452][  0]LogConfig: Applying CVar settings from Section [FoliageQuality@3] File [C:/Users/scbis/Desktop/Programming/Games Projects/Battle_Tank/Battle_Tanks/Battle_Tank/Saved/Config/Windows/Scalability.ini]
[2020.04.18-13.33.16:452][  0]LogConfig: Setting CVar [[foliage.DensityScale:1.0]]
[2020.04.18-13.33.16:452][  0]LogConfig: Setting CVar [[grass.DensityScale:1.0]]
[2020.04.18-13.33.16:452][  0]LogConfig: Applying CVar settings from Section [ShadingQuality@3] File [C:/Users/scbis/Desktop/Programming/Games Projects/Battle_Tank/Battle_Tanks/Battle_Tank/Saved/Config/Windows/Scalability.ini]
[2020.04.18-13.33.16:452][  0]LogConfig: Setting CVar [[r.HairStrands.SkyLighting.SampleCount:16]]
[2020.04.18-13.33.16:452][  0]LogConfig: Setting CVar [[r.HairStrands.SkyLighting.JitterIntegration:0]]
[2020.04.18-13.33.16:452][  0]LogConfig: Setting CVar [[r.HairStrands.SkyAO.SampleCount:16]]
[2020.04.18-13.33.16:452][  0]LogConfig: Applying CVar settings from Section [Startup] File [../../../Engine/Config/ConsoleVariables.ini]
[2020.04.18-13.33.16:452][  0]LogConfig: Setting CVar [[net.UseAdaptiveNetUpdateFrequency:0]]
[2020.04.18-13.33.16:452][  0]LogConfig: Setting CVar [[p.chaos.AllowCreatePhysxBodies:1]]
[2020.04.18-13.33.16:452][  0]LogConfig: Applying CVar settings from Section [ConsoleVariables] File [C:/Users/scbis/Desktop/Programming/Games Projects/Battle_Tank/Battle_Tanks/Battle_Tank/Saved/Config/Windows/Engine.ini]
[2020.04.18-13.33.16:452][  0]LogInit: Computer: DESKTOP-RCRJTMI
[2020.04.18-13.33.16:452][  0]LogInit: User: scbis
[2020.04.18-13.33.16:452][  0]LogInit: CPU Page size=4096, Cores=4
[2020.04.18-13.33.16:452][  0]LogInit: High frequency timer resolution =10.000000 MHz
[2020.04.18-13.33.16:452][  0]LogMemory: Memory total: Physical=15.9GB (16GB approx)
[2020.04.18-13.33.16:452][  0]LogMemory: Platform Memory Stats for Windows
[2020.04.18-13.33.16:452][  0]LogMemory: Process Physical Memory: 105.51 MB used, 105.52 MB peak
[2020.04.18-13.33.16:452][  0]LogMemory: Process Virtual Memory: 100.42 MB used, 100.42 MB peak
[2020.04.18-13.33.16:452][  0]LogMemory: Physical Memory: 7975.77 MB used,  8341.13 MB free, 16316.89 MB total
[2020.04.18-13.33.16:452][  0]LogMemory: Virtual Memory: 5137.57 MB used,  134212592.00 MB free, 134217728.00 MB total
[2020.04.18-13.33.16:455][  0]LogWindows: WindowsPlatformFeatures enabled
[2020.04.18-13.33.16:481][  0]LogInit: Using OS detected language (en-GB).
[2020.04.18-13.33.16:481][  0]LogInit: Using OS detected locale (en-US).
[2020.04.18-13.33.16:481][  0]LogTextLocalizationManager: No specific localization for 'en-GB' exists, so the 'en' localization will be used.
[2020.04.18-13.33.16:850][  0]LogInit: Setting process to per monitor DPI aware
[2020.04.18-13.33.16:946][  0]LogSlate: New Slate User Created.  User Index 0, Is Virtual User: 0
[2020.04.18-13.33.16:946][  0]LogSlate: Slate User Registered.  User Index 0, Is Virtual User: 0
[2020.04.18-13.33.20:221][  0]LogHMD: Failed to initialize OpenVR with code 110
[2020.04.18-13.33.20:221][  0]LogD3D11RHI: D3D11 min allowed feature level: 11_0
[2020.04.18-13.33.20:221][  0]LogD3D11RHI: D3D11 max allowed feature level: 11_0
[2020.04.18-13.33.20:221][  0]LogD3D11RHI: D3D11 adapters:
[2020.04.18-13.33.20:327][  0]LogD3D11RHI:    0. 'NVIDIA GeForce GTX 1060 6GB' (Feature Level 11_0)
[2020.04.18-13.33.20:327][  0]LogD3D11RHI:       6052/0/8158 MB DedicatedVideo/DedicatedSystem/SharedSystem, Outputs:2, VendorId:0x10de
[2020.04.18-13.33.20:333][  0]LogD3D11RHI:    1. 'Microsoft Basic Render Driver' (Feature Level 11_0)
[2020.04.18-13.33.20:333][  0]LogD3D11RHI:       0/0/8158 MB DedicatedVideo/DedicatedSystem/SharedSystem, Outputs:0, VendorId:0x1414
[2020.04.18-13.33.20:333][  0]LogD3D11RHI: Chosen D3D11 Adapter: 0
[2020.04.18-13.33.20:349][  0]LogD3D11RHI: Creating new Direct3DDevice
[2020.04.18-13.33.20:349][  0]LogD3D11RHI:     GPU DeviceId: 0x1c03 (for the marketing name, search the web for "GPU Device Id")
[2020.04.18-13.33.20:349][  0]LogWindows: EnumDisplayDevices:
[2020.04.18-13.33.20:350][  0]LogWindows:    0. 'NVIDIA GeForce GTX 1060 6GB' (P:1 D:1)
[2020.04.18-13.33.20:350][  0]LogWindows:    1. 'NVIDIA GeForce GTX 1060 6GB' (P:0 D:1)
[2020.04.18-13.33.20:350][  0]LogWindows:    2. 'NVIDIA GeForce GTX 1060 6GB' (P:0 D:0)
[2020.04.18-13.33.20:351][  0]LogWindows:    3. 'NVIDIA GeForce GTX 1060 6GB' (P:0 D:0)
[2020.04.18-13.33.20:351][  0]LogWindows: DebugString: FoundDriverCount:4 
[2020.04.18-13.33.20:351][  0]LogD3D11RHI:     Adapter Name: NVIDIA GeForce GTX 1060 6GB
[2020.04.18-13.33.20:351][  0]LogD3D11RHI:   Driver Version: 442.74 (internal:26.21.14.4274, unified:442.74)
[2020.04.18-13.33.20:351][  0]LogD3D11RHI:      Driver Date: 3-13-2020
[2020.04.18-13.33.20:351][  0]LogRHI: Texture pool is 4236 MB (70% of 6052 MB)
[2020.04.18-13.33.20:415][  0]LogD3D11RHI: RHI has support for 64 bit atomics
[2020.04.18-13.33.20:415][  0]LogD3D11RHI: Async texture creation enabled
[2020.04.18-13.33.20:431][  0]LogD3D11RHI: GPU Timing Frequency: 1000.000000 (Debug: 2 1)
[2020.04.18-13.33.20:785][  0]LogTargetPlatformManager: Display: Loaded TargetPlatform 'AllDesktop'
[2020.04.18-13.33.20:832][  0]LogTargetPlatformManager: Display: Loaded TargetPlatform 'Android'
[2020.04.18-13.33.20:832][  0]LogTargetPlatformManager: Display: Loaded TargetPlatform 'Android_ASTC'
[2020.04.18-13.33.20:832][  0]LogTargetPlatformManager: Display: Loaded TargetPlatform 'Android_ATC'
[2020.04.18-13.33.20:832][  0]LogTargetPlatformManager: Display: Loaded TargetPlatform 'Android_DXT'
[2020.04.18-13.33.20:832][  0]LogTargetPlatformManager: Display: Loaded TargetPlatform 'Android_ETC1'
[2020.04.18-13.33.20:832][  0]LogTargetPlatformManager: Display: Loaded TargetPlatform 'Android_ETC1a'
[2020.04.18-13.33.20:832][  0]LogTargetPlatformManager: Display: Loaded TargetPlatform 'Android_ETC2'
[2020.04.18-13.33.20:832][  0]LogTargetPlatformManager: Display: Loaded TargetPlatform 'Android_PVRTC'
[2020.04.18-13.33.20:832][  0]LogTargetPlatformManager: Display: Loaded TargetPlatform 'AndroidClient'
[2020.04.18-13.33.20:832][  0]LogTargetPlatformManager: Display: Loaded TargetPlatform 'Android_ASTCClient'
[2020.04.18-13.33.20:832][  0]LogTargetPlatformManager: Display: Loaded TargetPlatform 'Android_ATCClient'
[2020.04.18-13.33.20:832][  0]LogTargetPlatformManager: Display: Loaded TargetPlatform 'Android_DXTClient'
[2020.04.18-13.33.20:832][  0]LogTargetPlatformManager: Display: Loaded TargetPlatform 'Android_ETC1Client'
[2020.04.18-13.33.20:832][  0]LogTargetPlatformManager: Display: Loaded TargetPlatform 'Android_ETC1aClient'
[2020.04.18-13.33.20:832][  0]LogTargetPlatformManager: Display: Loaded TargetPlatform 'Android_ETC2Client'
[2020.04.18-13.33.20:832][  0]LogTargetPlatformManager: Display: Loaded TargetPlatform 'Android_PVRTCClient'
[2020.04.18-13.33.20:832][  0]LogTargetPlatformManager: Display: Loaded TargetPlatform 'Android_Multi'
[2020.04.18-13.33.20:832][  0]LogTargetPlatformManager: Display: Loaded TargetPlatform 'Android_MultiClient'
[2020.04.18-13.33.20:867][  0]LogTargetPlatformManager: Display: Loaded TargetPlatform 'IOSClient'
[2020.04.18-13.33.20:867][  0]LogTargetPlatformManager: Display: Loaded TargetPlatform 'IOS'
[2020.04.18-13.33.20:876][  0]LogTargetPlatformManager: Display: Loaded TargetPlatform 'LinuxNoEditor'
[2020.04.18-13.33.20:885][  0]LogTargetPlatformManager: Display: Loaded TargetPlatform 'LinuxClient'
[2020.04.18-13.33.20:893][  0]LogTargetPlatformManager: Display: Loaded TargetPlatform 'LinuxServer'
[2020.04.18-13.33.20:902][  0]LogTargetPlatformManager: Display: Loaded TargetPlatform 'LinuxAArch64NoEditor'
[2020.04.18-13.33.20:911][  0]LogTargetPlatformManager: Display: Loaded TargetPlatform 'LinuxAArch64Client'
[2020.04.18-13.33.20:920][  0]LogTargetPlatformManager: Display: Loaded TargetPlatform 'LinuxAArch64Server'
[2020.04.18-13.33.20:954][  0]LogTargetPlatformManager: Display: Loaded TargetPlatform 'Lumin'
[2020.04.18-13.33.20:954][  0]LogTargetPlatformManager: Display: Loaded TargetPlatform 'LuminClient'
[2020.04.18-13.33.20:971][  0]LogTargetPlatformManager: Display: Loaded TargetPlatform 'TVOSClient'
[2020.04.18-13.33.20:971][  0]LogTargetPlatformManager: Display: Loaded TargetPlatform 'TVOS'
[2020.04.18-13.33.20:981][  0]LogTargetPlatformManager: Display: Loaded TargetPlatform 'WindowsNoEditor'
[2020.04.18-13.33.20:991][  0]LogTargetPlatformManager: Display: Loaded TargetPlatform 'Windows'
[2020.04.18-13.33.21:000][  0]LogTargetPlatformManager: Display: Loaded TargetPlatform 'WindowsClient'
[2020.04.18-13.33.21:008][  0]LogTargetPlatformManager: Display: Loaded TargetPlatform 'WindowsServer'
[2020.04.18-13.33.21:008][  0]LogTargetPlatformManager: Display: Building Assets For Windows
[2020.04.18-13.33.21:013][  0]LogAudioDebug: Display: Lib vorbis DLL was dynamically loaded.
[2020.04.18-13.33.21:040][  0]LogShaderCompilers: Guid format shader working directory is -41 characters bigger than the processId version (C:/Users/scbis/Desktop/Programming/Games Projects/Battle_Tank/Battle_Tanks/Battle_Tank/Intermediate/Shaders/WorkingDirectory/15860/).
[2020.04.18-13.33.21:040][  0]LogShaderCompilers: Cleaned the shader compiler working directory 'C:/Users/scbis/AppData/Local/Temp/UnrealShaderWorkingDir/3E9179824846FEE10217678B219B2DC4/'.
[2020.04.18-13.33.21:041][  0]LogXGEController: Cleaning working directory: C:/Users/scbis/AppData/Local/Temp/UnrealXGEWorkingDir/
[2020.04.18-13.33.21:041][  0]LogXGEController: Cannot use XGE Controller as Incredibuild is not installed on this machine.
[2020.04.18-13.33.21:041][  0]LogShaderCompilers: Cannot use XGE Shader Compiler as Incredibuild is not installed on this machine.
[2020.04.18-13.33.21:041][  0]LogShaderCompilers: Display: Using Local Shader Compiler.
[2020.04.18-13.33.24:616][  0]LogDerivedDataCache: Display: Max Cache Size: 512 MB
[2020.04.18-13.33.24:836][  0]LogDerivedDataCache: Loaded boot cache 0.22s 78MB C:/Users/scbis/AppData/Local/UnrealEngine/4.24/DerivedDataCache/Boot.ddc.
[2020.04.18-13.33.24:836][  0]LogDerivedDataCache: Display: Loaded Boot cache: C:/Users/scbis/AppData/Local/UnrealEngine/4.24/DerivedDataCache/Boot.ddc
[2020.04.18-13.33.24:836][  0]LogDerivedDataCache: FDerivedDataBackendGraph:  Pak pak cache file C:/Users/scbis/Desktop/Programming/Games Projects/Battle_Tank/Battle_Tanks/Battle_Tank/DerivedDataCache/DDC.ddp not found, will not use a pak cache.
[2020.04.18-13.33.24:836][  0]LogDerivedDataCache: Unable to find inner node Pak for hierarchical cache Hierarchy.
[2020.04.18-13.33.24:836][  0]LogDerivedDataCache: FDerivedDataBackendGraph:  CompressedPak pak cache file C:/Users/scbis/Desktop/Programming/Games Projects/Battle_Tank/Battle_Tanks/Battle_Tank/DerivedDataCache/Compressed.ddp not found, will not use a pak cache.
[2020.04.18-13.33.24:836][  0]LogDerivedDataCache: Unable to find inner node CompressedPak for hierarchical cache Hierarchy.
[2020.04.18-13.33.24:852][  0]LogDerivedDataCache: Display: Pak cache opened for reading ../../../Engine/DerivedDataCache/Compressed.ddp.
[2020.04.18-13.33.24:852][  0]LogDerivedDataCache: FDerivedDataBackendGraph:  EnterprisePak pak cache file ../../../Enterprise/DerivedDataCache/Compressed.ddp not found, will not use a pak cache.
[2020.04.18-13.33.24:853][  0]LogDerivedDataCache: Unable to find inner node EnterprisePak for hierarchical cache Hierarchy.
[2020.04.18-13.33.24:854][  0]LogDerivedDataCache: Using Local data cache path C:/Users/scbis/AppData/Local/UnrealEngine/Common/DerivedDataCache: Writable
[2020.04.18-13.33.24:854][  0]LogDerivedDataCache: Shared data cache path not found in *engine.ini, will not use an Shared cache.
[2020.04.18-13.33.24:854][  0]LogDerivedDataCache: Unable to find inner node Shared for hierarchical cache Hierarchy.
[2020.04.18-13.33.24:889][  0]LogMaterial: Verifying Global Shaders for PCD3D_SM5
[2020.04.18-13.33.24:893][  0]LogSlate: Using FreeType 2.10.0
[2020.04.18-13.33.24:909][  0]LogSlate: SlateFontServices - WITH_FREETYPE: 1, WITH_HARFBUZZ: 1
[2020.04.18-13.33.25:146][  0]LogAssetRegistry: FAssetRegistry took 0.0031 seconds to start up
[2020.04.18-13.33.25:516][  0]LogInit: Selected Device Profile: [Windows]
[2020.04.18-13.33.25:708][  0]LogMeshReduction: Using QuadricMeshReduction for automatic static mesh reduction
[2020.04.18-13.33.25:708][  0]LogMeshReduction: Using SimplygonMeshReduction for automatic skeletal mesh reduction
[2020.04.18-13.33.25:708][  0]LogMeshReduction: Using ProxyLODMeshReduction for automatic mesh merging
[2020.04.18-13.33.25:708][  0]LogMeshReduction: No distributed automatic mesh merging module available
[2020.04.18-13.33.25:708][  0]LogMeshMerging: No distributed automatic mesh merging module available
[2020.04.18-13.33.25:723][  0]LogNetVersion: Battle_Tank 1.0.0, NetCL: 10570792, EngineNetVer: 13, GameNetVer: 0 (Checksum: 704313620)
[2020.04.18-13.33.28:932][  0]LogPackageLocalizationCache: Processed 10 localized package path(s) for 1 prioritized culture(s) in 0.076146 seconds
[2020.04.18-13.33.28:942][  0]LogUObjectArray: 46746 objects as part of root set at end of initial load.
[2020.04.18-13.33.28:943][  0]LogUObjectAllocator: 8135816 out of 0 bytes used by permanent object pool.
[2020.04.18-13.33.28:943][  0]LogUObjectArray: CloseDisregardForGC: 0/0 objects in disregard for GC pool
[2020.04.18-13.33.29:632][  0]LogTcpMessaging: Initializing TcpMessaging bridge
[2020.04.18-13.33.29:637][  0]LogUdpMessaging: Initializing bridge on interface 0.0.0.0:0 to multicast group 230.0.0.1:6666.
[2020.04.18-13.33.29:756][  0]SourceControl: Source control is disabled
[2020.04.18-13.33.29:756][  0]SourceControl: Source control is disabled
[2020.04.18-13.33.29:760][  0]SourceControl: Source control is disabled
[2020.04.18-13.33.29:761][  0]SourceControl: Source control is disabled
[2020.04.18-13.33.29:763][  0]SourceControl: Source control is disabled
[2020.04.18-13.33.29:961][  0]LogAndroidPermission: UAndroidPermissionCallbackProxy::GetInstance
[2020.04.18-13.33.29:983][  0]LogAudioCaptureCore: Display: No Audio Capture implementations found. Audio input will be silent.
[2020.04.18-13.33.29:983][  0]LogAudioCaptureCore: Display: No Audio Capture implementations found. Audio input will be silent.
[2020.04.18-13.33.30:109][  0]LogOcInput: OculusInput pre-init called
[2020.04.18-13.33.30:118][  0]LogWindows: Failed to load 'OVRPlugin.dll' (GetLastError=126)
[2020.04.18-13.33.30:118][  0]LogWindows: File 'OVRPlugin.dll' does not exist
[2020.04.18-13.33.30:211][  0]LogEngine: Initializing Engine...
[2020.04.18-13.33.30:213][  0]LogHMD: Failed to initialize OpenVR with code 110
[2020.04.18-13.33.30:214][  0]LogStats: UGameplayTagsManager::InitializeManager -  0.000 s
[2020.04.18-13.33.30:664][  0]LogInit: Initializing FReadOnlyCVARCache
[2020.04.18-13.33.30:678][  0]LogAIModule: Creating AISystem for world Untitled
[2020.04.18-13.33.30:693][  0]LogAudioMixer: Display: Audio Mixer Platform Settings:
[2020.04.18-13.33.30:693][  0]LogAudioMixer: Display: 	Sample Rate:						  48000
[2020.04.18-13.33.30:693][  0]LogAudioMixer: Display: 	Callback Buffer Frame Size Requested: 1024
[2020.04.18-13.33.30:693][  0]LogAudioMixer: Display: 	Callback Buffer Frame Size To Use:	  1024
[2020.04.18-13.33.30:694][  0]LogAudioMixer: Display: 	Number of buffers to queue:			  2
[2020.04.18-13.33.30:694][  0]LogAudioMixer: Display: 	Max Channels (voices):				  32
[2020.04.18-13.33.30:694][  0]LogAudioMixer: Display: 	Number of Async Source Workers:		  0
[2020.04.18-13.33.30:694][  0]LogAudio: Display: AudioDevice MaxSources: 32
[2020.04.18-13.33.30:694][  0]LogAudio: Display: Using built-in audio occlusion.
[2020.04.18-13.33.30:694][  0]LogAudioMixer: Display: Initializing audio mixer.
[2020.04.18-13.33.30:837][  0]LogAudioMixer: Display: Audio Device Output Speaker Info:
[2020.04.18-13.33.30:838][  0]LogAudioMixer: Display: Name: Speakers (HyperX Cloud Revolver S)
[2020.04.18-13.33.30:838][  0]LogAudioMixer: Display: Is Default: Yes
[2020.04.18-13.33.30:838][  0]LogAudioMixer: Display: Sample Rate: 48000
[2020.04.18-13.33.30:838][  0]LogAudioMixer: Display: Channel Count Used: 2
[2020.04.18-13.33.30:838][  0]LogAudioMixer: Display: Device Channel Count: 2
[2020.04.18-13.33.30:838][  0]LogAudioMixer: Display: Channel Order:
[2020.04.18-13.33.30:838][  0]LogAudioMixer: Display: 0: FrontLeft
[2020.04.18-13.33.30:838][  0]LogAudioMixer: Display: 1: FrontRight
[2020.04.18-13.33.30:866][  0]LogAudioMixer: Display: Using Audio Device Speakers (HyperX Cloud Revolver S)
[2020.04.18-13.33.30:875][  0]LogInit: FAudioDevice initialized.
[2020.04.18-13.33.30:876][  0]LogNetVersion: Set ProjectVersion to 1.0.0.0. Version Checksum will be recalculated on next use.
[2020.04.18-13.33.30:979][  0]LogDerivedDataCache: Saved boot cache 0.10s 78MB C:/Users/scbis/AppData/Local/UnrealEngine/4.24/DerivedDataCache/Boot.ddc.
[2020.04.18-13.33.30:985][  0]LogInit: Texture streaming: Enabled
[2020.04.18-13.33.30:998][  0]LogEngineSessionManager: EngineSessionManager initialized
[2020.04.18-13.33.30:998][  0]LogEngineSessionManager: EngineSessionManager sent abnormal shutdown report. Type=Crashed, SessionId={D3CEA467-4852-1265-087B-03B6BA662A98}
[2020.04.18-13.33.30:998][  0]LogEditorSessionSummary: Verbose: Initializing EditorSessionSummaryWriter for editor session tracking
[2020.04.18-13.33.31:000][  0]LogEditorSessionSummary: EditorSessionSummaryWriter initialized
[2020.04.18-13.33.31:086][  0]LogInit: Transaction tracking system initialized
[2020.04.18-13.33.31:102][  0]BlueprintLog: New page: Editor Load
[2020.04.18-13.33.31:148][  0]LocalizationService: Localization service is disabled
[2020.04.18-13.33.31:495][  0]LogFileCache: Scanning file cache for directory 'C:/Users/scbis/Desktop/Programming/Games Projects/Battle_Tank/Battle_Tanks/Battle_Tank/Content/' took 0.01s
[2020.04.18-13.33.31:495][  0]LogCook: Display: Max memory allowance for cook 16384mb min free memory 0mb
[2020.04.18-13.33.31:495][  0]LogCook: Display: Mobile HDR setting 1
[2020.04.18-13.33.32:377][  0]SourceControl: Source control is disabled
[2020.04.18-13.33.32:524][  0]LogSlate: Took 0.010763 seconds to synchronously load lazily loaded font '../../../Engine/Content/Slate/Fonts/Roboto-Regular.ttf' (155K)
[2020.04.18-13.33.38:641][  0]LogSlate: Window 'Restore Packages' being destroyed
[2020.04.18-13.33.38:648][  0]LogWindowsTextInputMethodSystem: Display: IME system now deactivated.
[2020.04.18-13.33.38:650][  0]LogWindowsTextInputMethodSystem: Display: IME system now deactivated.
[2020.04.18-13.33.43:267][  0]LogSlate: Window 'Unable to Check Out From Source Control!' being destroyed
[2020.04.18-13.33.43:267][  0]LogWindowsTextInputMethodSystem: Display: IME system now deactivated.
[2020.04.18-13.33.43:269][  0]LogWindowsTextInputMethodSystem: Display: IME system now deactivated.
[2020.04.18-13.33.43:319][  0]Cmd: MAP LOAD FILE="C:/Users/scbis/Desktop/Programming/Games Projects/Battle_Tank/Battle_Tanks/Battle_Tank/Content/Levels/Battleground.umap" TEMPLATE=0 SHOWPROGRESS=1 FEATURELEVEL=3
[2020.04.18-13.33.43:319][  0]LightingResults: New page: Lighting Build
[2020.04.18-13.33.43:321][  0]LogWorld: UWorld::CleanupWorld for Untitled, bSessionEnded=true, bCleanupResources=true
[2020.04.18-13.33.43:321][  0]LogSlate: InvalidateAllWidgets triggered.  All widgets were invalidated
[2020.04.18-13.33.43:321][  0]MapCheck: New page: Map Check
[2020.04.18-13.33.43:321][  0]LightingResults: New page: Lighting Build
[2020.04.18-13.33.43:369][  0]LogUObjectHash: Compacting FUObjectHashTables data took   3.47ms
[2020.04.18-13.33.43:484][  0]LogBlueprint: Error: [Compiler Tank_BP] This blueprint (self) is not a StaticMeshComponent, therefore ' Target ' must have a connection.
[2020.04.18-13.33.43:994][  0]LogStaticMesh: Building static mesh tank_fbx_Turret...
[2020.04.18-13.33.44:039][  0]LogStaticMesh: Built static mesh [0.05s] /Game/Tank/tank_fbx_Turret.tank_fbx_Turret
[2020.04.18-13.33.44:049][  0]LogAIModule: Creating AISystem for world Battleground
[2020.04.18-13.33.45:187][  0]LogEditorServer: Finished looking for orphan Actors (0.000 secs)
[2020.04.18-13.33.45:228][  0]LogUObjectHash: Compacting FUObjectHashTables data took   2.87ms
[2020.04.18-13.33.45:229][  0]Cmd: MAP CHECKDEP NOCLEARLOG
[2020.04.18-13.33.45:229][  0]MapCheck: Map check complete: 0 Error(s), 0 Warning(s), took 0.242ms to complete.
[2020.04.18-13.33.45:229][  0]LogFileHelpers: Loading map 'Battleground' took 1.911
[2020.04.18-13.33.45:347][  0]LogCollectionManager: Loaded 0 collections in 0.001000 seconds
[2020.04.18-13.33.45:363][  0]LogFileCache: Scanning file cache for directory 'C:/Users/scbis/Desktop/Programming/Games Projects/Battle_Tank/Battle_Tanks/Battle_Tank/Saved/Collections/' took 0.00s
[2020.04.18-13.33.45:363][  0]LogFileCache: Scanning file cache for directory 'C:/Users/scbis/Desktop/Programming/Games Projects/Battle_Tank/Battle_Tanks/Battle_Tank/Content/Developers/scbis/Collections/' took 0.00s
[2020.04.18-13.33.45:363][  0]LogFileCache: Scanning file cache for directory 'C:/Users/scbis/Desktop/Programming/Games Projects/Battle_Tank/Battle_Tanks/Battle_Tank/Content/Collections/' took 0.00s
[2020.04.18-13.33.45:363][  0]LogContentBrowser: Native class hierarchy populated in 0.0111 seconds. Added 3025 classes and 723 folders.
[2020.04.18-13.33.45:366][  0]LogContentBrowser: Native class hierarchy updated for 'WidgetCarousel' in 0.0004 seconds. Added 0 classes and 0 folders.
[2020.04.18-13.33.45:749][  0]LogContentBrowser: Native class hierarchy updated for 'AddContentDialog' in 0.0004 seconds. Added 0 classes and 0 folders.
[2020.04.18-13.33.45:781][  0]LogSlate: Updating window title bar state: overlay mode, drag disabled, window buttons hidden, title bar hidden
[2020.04.18-13.33.45:789][  0]LogSlate: Updating window title bar state: overlay mode, drag disabled, window buttons hidden, title bar hidden
[2020.04.18-13.33.45:796][  0]LogSlate: Updating window title bar state: overlay mode, drag disabled, window buttons hidden, title bar hidden
[2020.04.18-13.33.45:804][  0]LogSlate: Updating window title bar state: overlay mode, drag disabled, window buttons hidden, title bar hidden
[2020.04.18-13.33.45:843][  0]LogSlate: Took 0.007755 seconds to synchronously load lazily loaded font '../../../Engine/Content/Editor/Slate/Fonts/FontAwesome.ttf' (139K)
[2020.04.18-13.33.45:849][  0]LogSlate: Took 0.005732 seconds to synchronously load lazily loaded font '../../../Engine/Content/Slate/Fonts/Roboto-Bold.ttf' (160K)
[2020.04.18-13.33.45:862][  0]LogSlate: Took 0.007270 seconds to synchronously load lazily loaded font '../../../Engine/Content/Slate/Fonts/DroidSansMono.ttf' (77K)
[2020.04.18-13.33.45:969][  0]LogRenderer: Reallocating scene render targets to support 1524x648 Format 10 NumSamples 1 (Frame:1).
[2020.04.18-13.33.46:073][  0]LogContentBrowser: Native class hierarchy updated for 'HierarchicalLODOutliner' in 0.0005 seconds. Added 0 classes and 0 folders.
[2020.04.18-13.33.46:073][  0]LogLoad: (Engine Initialization) Total time: 31.05 seconds
[2020.04.18-13.33.46:073][  0]LogLoad: (Engine Initialization) Total Blueprint compile time: 0.00 seconds
[2020.04.18-13.33.46:338][  0]LogContentStreaming: Texture pool size now 1000 MB
[2020.04.18-13.33.46:363][  0]LogSlate: Took 0.009049 seconds to synchronously load lazily loaded font '../../../Engine/Content/Slate/Fonts/Roboto-Light.ttf' (167K)
[2020.04.18-13.33.47:104][ 13]LogAssetRegistry: Asset discovery search completed in 21.9592 seconds
[2020.04.18-13.33.47:108][ 13]LogCollectionManager: Fixed up redirectors for 0 collections in 0.000011 seconds (updated 0 objects)
[2020.04.18-13.33.47:426][ 14]LogSlate: Took 0.000153 seconds to synchronously load lazily loaded font '../../../Engine/Content/Slate/Fonts/Roboto-Light.ttf' (167K)
[2020.04.18-13.33.51:427][418]LogAssetEditorSubsystem: Opening Asset editor for Blueprint /Game/Tank/Tank_BP.Tank_BP
[2020.04.18-13.33.51:614][418]LogContentBrowser: Native class hierarchy updated for 'BlueprintGraph' in 0.0008 seconds. Added 121 classes and 0 folders.
[2020.04.18-13.33.52:705][418]LogSlate: Took 0.007616 seconds to synchronously load lazily loaded font '../../../Engine/Content/Slate/Fonts/Roboto-BoldCondensed.ttf' (158K)
[2020.04.18-13.33.52:765][419]LogSlate: Took 0.007204 seconds to synchronously load lazily loaded font '../../../Engine/Content/Slate/Fonts/Roboto-Italic.ttf' (157K)
[2020.04.18-13.34.07:877][845]LogRenderer: Reallocating scene render targets to support 1524x708 Format 10 NumSamples 1 (Frame:1).
[2020.04.18-13.34.35:773][903]BlueprintLog: New page: Compile Tank_BP
[2020.04.18-13.34.36:229][903]LogUObjectHash: Compacting FUObjectHashTables data took   6.20ms
[2020.04.18-13.34.37:490][ 25]Cmd: OBJ SAVEPACKAGE PACKAGE="/Game/Tank/Tank_BP" FILE="C:/Users/scbis/Desktop/Programming/Games Projects/Battle_Tank/Battle_Tanks/Battle_Tank/Content/Tank/Tank_BP.uasset" SILENT=true
[2020.04.18-13.34.37:530][ 25]LogSavePackage: Moving 'C:/Users/scbis/Desktop/Programming/Games Projects/Battle_Tank/Battle_Tanks/Battle_Tank/Saved/Tank_BPF0A9A8D042A30827CD2EA7AAB0023481.tmp' to 'C:/Users/scbis/Desktop/Programming/Games Projects/Battle_Tank/Battle_Tanks/Battle_Tank/Content/Tank/Tank_BP.uasset'
[2020.04.18-13.34.37:551][ 25]AssetCheck: New page: Asset Save: Tank_BP
[2020.04.18-13.34.37:551][ 25]LogContentValidation: Display: Validating Blueprint /Game/Tank/Tank_BP.Tank_BP
[2020.04.18-13.34.39:778][260]LogUObjectHash: Compacting FUObjectHashTables data took   5.12ms
[2020.04.18-13.34.41:065][260]LogSavePackage: Moving 'C:/Users/scbis/Desktop/Programming/Games Projects/Battle_Tank/Battle_Tanks/Battle_Tank/Saved/Battleground537DE6F54959022F2444178247F90341.tmp' to 'C:/Users/scbis/Desktop/Programming/Games Projects/Battle_Tank/Battle_Tanks/Battle_Tank/Content/Levels/Battleground.umap'
[2020.04.18-13.34.44:035][260]LogSavePackage: Moving 'C:/Users/scbis/Desktop/Programming/Games Projects/Battle_Tank/Battle_Tanks/Battle_Tank/Saved/Battleground_BuiltData86DDEEB4479B3B4F3BBDEA81C155D7D0.tmp' to 'C:/Users/scbis/Desktop/Programming/Games Projects/Battle_Tank/Battle_Tanks/Battle_Tank/Content/Levels/Battleground_BuiltData.uasset'
[2020.04.18-13.34.44:072][260]AssetCheck: New page: Asset Save: multiple assets
[2020.04.18-13.34.44:072][260]LogContentValidation: Display: Validating World /Game/Levels/Battleground.Battleground
[2020.04.18-13.34.44:073][260]LogContentValidation: Display: Validating MapBuildDataRegistry /Game/Levels/Battleground_BuiltData.Battleground_BuiltData
[2020.04.18-13.34.45:211][371]LogTemp: Repeating last play command: Selected Viewport
[2020.04.18-13.34.45:231][371]LogBlueprintUserMessages: Early PlayInEditor Detection: Level '/Game/Levels/Battleground.Battleground:PersistentLevel' has LevelScriptBlueprint '/Game/Levels/Battleground.Battleground:PersistentLevel.Battleground' with GeneratedClass '/Game/Levels/Battleground.Battleground_C' with ClassGeneratedBy '/Game/Levels/Battleground.Battleground:PersistentLevel.Battleground'
[2020.04.18-13.34.45:231][371]LogPlayLevel: PlayLevel: No blueprints needed recompiling
[2020.04.18-13.34.45:231][371]PIE: New page: PIE session: Battleground (Apr 18, 2020, 3:34:45 PM)
[2020.04.18-13.34.45:232][371]LogOnline: OSS: Creating online subsystem instance for: NULL
[2020.04.18-13.34.45:233][371]LogOnline: OSS: TryLoadSubsystemAndSetDefault: Loaded subsystem for module [NULL]
[2020.04.18-13.34.45:234][371]LogPlayLevel: Creating play world package: /Game/Levels/UEDPIE_0_Battleground
[2020.04.18-13.34.46:098][371]LogPlayLevel: PIE: StaticDuplicateObject took: (0.864011s)
[2020.04.18-13.34.46:099][371]LogAIModule: Creating AISystem for world Battleground
[2020.04.18-13.34.46:099][371]LogPlayLevel: PIE: World Init took: (0.001420s)
[2020.04.18-13.34.46:099][371]LogPlayLevel: PIE: Created PIE world by copying editor world from /Game/Levels/Battleground.Battleground to /Game/Levels/UEDPIE_0_Battleground.Battleground (0.865779s)
[2020.04.18-13.34.46:149][371]LogUObjectHash: Compacting FUObjectHashTables data took   4.46ms
[2020.04.18-13.34.46:150][371]LogAudioMixer: Display: Audio Mixer Platform Settings:
[2020.04.18-13.34.46:150][371]LogAudioMixer: Display: 	Sample Rate:						  48000
[2020.04.18-13.34.46:150][371]LogAudioMixer: Display: 	Callback Buffer Frame Size Requested: 1024
[2020.04.18-13.34.46:150][371]LogAudioMixer: Display: 	Callback Buffer Frame Size To Use:	  1024
[2020.04.18-13.34.46:150][371]LogAudioMixer: Display: 	Number of buffers to queue:			  2
[2020.04.18-13.34.46:150][371]LogAudioMixer: Display: 	Max Channels (voices):				  32
[2020.04.18-13.34.46:150][371]LogAudioMixer: Display: 	Number of Async Source Workers:		  0
[2020.04.18-13.34.46:150][371]LogAudio: Display: AudioDevice MaxSources: 32
[2020.04.18-13.34.46:151][371]LogAudio: Display: Using built-in audio occlusion.
[2020.04.18-13.34.46:151][371]LogAudioMixer: Display: Initializing audio mixer.
[2020.04.18-13.34.46:206][371]LogAudioMixer: Display: Audio Device Output Speaker Info:
[2020.04.18-13.34.46:206][371]LogAudioMixer: Display: Name: Speakers (HyperX Cloud Revolver S)
[2020.04.18-13.34.46:206][371]LogAudioMixer: Display: Is Default: Yes
[2020.04.18-13.34.46:206][371]LogAudioMixer: Display: Sample Rate: 48000
[2020.04.18-13.34.46:206][371]LogAudioMixer: Display: Channel Count Used: 2
[2020.04.18-13.34.46:206][371]LogAudioMixer: Display: Device Channel Count: 2
[2020.04.18-13.34.46:206][371]LogAudioMixer: Display: Channel Order:
[2020.04.18-13.34.46:206][371]LogAudioMixer: Display: 0: FrontLeft
[2020.04.18-13.34.46:206][371]LogAudioMixer: Display: 1: FrontRight
[2020.04.18-13.34.46:220][371]LogAudioMixer: Display: Using Audio Device Speakers (HyperX Cloud Revolver S)
[2020.04.18-13.34.46:222][371]LogInit: FAudioDevice initialized.
[2020.04.18-13.34.46:230][371]LogLoad: Game class is 'BattleTankGameMode_BP_C'
[2020.04.18-13.34.46:233][371]LogWorld: Bringing World /Game/Levels/UEDPIE_0_Battleground.Battleground up for play (max tick rate 0) at 2020.04.18-14.34.46
[2020.04.18-13.34.46:234][371]LogWorld: Bringing up level for play took: 0.002361
[2020.04.18-13.34.46:234][371]LogOnline: OSS: Creating online subsystem instance for: :Context_4
[2020.04.18-13.34.46:244][371]LogContentBrowser: Native class hierarchy updated for 'MovieSceneCapture' in 0.0006 seconds. Added 20 classes and 0 folders.
[2020.04.18-13.34.46:246][371]LogTemp: Warning: AIController found Player: Tank_BP_C_0
[2020.04.18-13.34.46:246][371]LogTemp: Warning: AIController found Player: Tank_BP_C_0
[2020.04.18-13.34.46:246][371]LogTemp: Warning: Player Controller possessing: Tank_BP_C_0
[2020.04.18-13.34.46:246][371]PIE: Play in editor start time for /Game/Levels/UEDPIE_0_Battleground 0.18
[2020.04.18-13.34.46:247][371]LogBlueprintUserMessages: Late PlayInEditor Detection: Level '/Game/Levels/Battleground.Battleground:PersistentLevel' has LevelScriptBlueprint '/Game/Levels/Battleground.Battleground:PersistentLevel.Battleground' with GeneratedClass '/Game/Levels/Battleground.Battleground_C' with ClassGeneratedBy '/Game/Levels/Battleground.Battleground:PersistentLevel.Battleground'
[2020.04.18-13.34.47:933][371]LogWindows: Error: === Critical error: ===
[2020.04.18-13.34.47:933][371]LogWindows: Error: 
[2020.04.18-13.34.47:933][371]LogWindows: Error: Fatal error!
[2020.04.18-13.34.47:933][371]LogWindows: Error: 
[2020.04.18-13.34.47:933][371]LogWindows: Error: Unhandled Exception: EXCEPTION_ACCESS_VIOLATION reading address 0x000000b8
[2020.04.18-13.34.47:933][371]LogWindows: Error: 
[2020.04.18-13.34.47:933][371]LogWindows: Error: [Callstack] 0x00007ff9d8ed7660 UE4Editor-Engine.dll!UnknownFunction []
[2020.04.18-13.34.47:933][371]LogWindows: Error: [Callstack] 0x00007ff9c1664ddc UE4Editor-Battle_Tank-4664.dll!UTankTurret::Rotate() [c:\users\scbis\desktop\programming\games projects\battle_tank\battle_tanks\battle_tank\source\battle_tank\private\tankturret.cpp:10]
[2020.04.18-13.34.47:933][371]LogWindows: Error: [Callstack] 0x00007ff9c16641f1 UE4Editor-Battle_Tank-4664.dll!UTankAimingComponent::AimAt() [c:\users\scbis\desktop\programming\games projects\battle_tank\battle_tanks\battle_tank\source\battle_tank\private\tankaimingcomponent.cpp:47]
[2020.04.18-13.34.47:933][371]LogWindows: Error: [Callstack] 0x00007ff9c1662d23 UE4Editor-Battle_Tank-4664.dll!ATank::AimAt() [c:\users\scbis\desktop\programming\games projects\battle_tank\battle_tanks\battle_tank\source\battle_tank\private\tank.cpp:36]
[2020.04.18-13.34.47:933][371]LogWindows: Error: [Callstack] 0x00007ff9c16646df UE4Editor-Battle_Tank-4664.dll!ATankPlayerController::AimTowardsCrosshair() [c:\users\scbis\desktop\programming\games projects\battle_tank\battle_tanks\battle_tank\source\battle_tank\private\tankplayercontroller.cpp:49]
[2020.04.18-13.34.47:933][371]LogWindows: Error: [Callstack] 0x00007ff9d9cd0586 UE4Editor-Engine.dll!UnknownFunction []
[2020.04.18-13.34.47:933][371]LogWindows: Error: [Callstack] 0x00007ff9d8f77866 UE4Editor-Engine.dll!UnknownFunction []
[2020.04.18-13.34.47:933][371]LogWindows: Error: [Callstack] 0x00007ff9da0b7223 UE4Editor-Engine.dll!UnknownFunction []
[2020.04.18-13.34.47:934][371]LogWindows: Error: [Callstack] 0x00007ff9da0c5256 UE4Editor-Engine.dll!UnknownFunction []
[2020.04.18-13.34.47:934][371]LogWindows: Error: [Callstack] 0x00007ff9e4c69ff2 UE4Editor-Core.dll!UnknownFunction []
[2020.04.18-13.34.47:934][371]LogWindows: Error: [Callstack] 0x00007ff9e4c6a393 UE4Editor-Core.dll!UnknownFunction []
[2020.04.18-13.34.47:934][371]LogWindows: Error: [Callstack] 0x00007ff9e4c7aa68 UE4Editor-Core.dll!UnknownFunction []
[2020.04.18-13.34.47:934][371]LogWindows: Error: [Callstack] 0x00007ff9da0e38b0 UE4Editor-Engine.dll!UnknownFunction []
[2020.04.18-13.34.47:934][371]LogWindows: Error: [Callstack] 0x00007ff9da0e97c2 UE4Editor-Engine.dll!UnknownFunction []
[2020.04.18-13.34.47:934][371]LogWindows: Error: [Callstack] 0x00007ff9d986a25f UE4Editor-Engine.dll!UnknownFunction []
[2020.04.18-13.34.47:934][371]LogWindows: Error: [Callstack] 0x00007ff9d9875127 UE4Editor-Engine.dll!UnknownFunction []
[2020.04.18-13.34.47:934][371]LogWindows: Error: [Callstack] 0x00007ff9d704ad60 UE4Editor-UnrealEd.dll!UnknownFunction []
[2020.04.18-13.34.47:934][371]LogWindows: Error: [Callstack] 0x00007ff9d78ae476 UE4Editor-UnrealEd.dll!UnknownFunction []
[2020.04.18-13.34.47:934][371]LogWindows: Error: [Callstack] 0x00007ff710f47f62 UE4Editor.exe!UnknownFunction []
[2020.04.18-13.34.47:934][371]LogWindows: Error: [Callstack] 0x00007ff710f5c3ec UE4Editor.exe!UnknownFunction []
[2020.04.18-13.34.47:934][371]LogWindows: Error: [Callstack] 0x00007ff710f5c4ca UE4Editor.exe!UnknownFunction []
[2020.04.18-13.34.47:934][371]LogWindows: Error: [Callstack] 0x00007ff710f6ceae UE4Editor.exe!UnknownFunction []
[2020.04.18-13.34.47:934][371]LogWindows: Error: [Callstack] 0x00007ff710f6fcbe UE4Editor.exe!UnknownFunction []
[2020.04.18-13.34.47:934][371]LogWindows: Error: [Callstack] 0x00007ffa4b5b7bd4 KERNEL32.DLL!UnknownFunction []
[2020.04.18-13.34.47:934][371]LogWindows: Error: [Callstack] 0x00007ffa4caece51 ntdll.dll!UnknownFunction []
[2020.04.18-13.34.47:934][371]LogWindows: Error: 
[2020.04.18-13.34.47:949][371]LogExit: Executing StaticShutdownAfterError
[2020.04.18-13.34.47:965][371]LogWindows: FPlatformMisc::RequestExit(1)
[2020.04.18-13.34.47:965][371]LogCore: Engine exit requested (reason: Win RequestExit)
[2020.04.18-13.34.47:970][371]Log file closed, 04/18/20 14:34:47
